[ 2017-03-20T09:54:10+08:00 ] ::1 /71/index.php/Home/Game/fangjiannum.html
INFO: [ app_init ] --START--
INFO: Run Behavior\BuildLiteBehavior [ RunTime:0.000000s ]
INFO: [ app_init ] --END-- [ RunTime:0.002000s ]
INFO: [ app_begin ] --START--
INFO: Run Behavior\ReadHtmlCacheBehavior [ RunTime:0.000000s ]
INFO: [ app_begin ] --END-- [ RunTime:0.001000s ]
SQL: SHOW COLUMNS FROM `langrensha` [ RunTime:0.0230s ]
SQL: SHOW COLUMNS FROM `shenfen` [ RunTime:0.0060s ]
SQL: SHOW COLUMNS FROM `siren` [ RunTime:0.0160s ]
SQL: SHOW COLUMNS FROM `meiyesiren` [ RunTime:0.0050s ]
SQL: SHOW COLUMNS FROM `dijitian` [ RunTime:0.0050s ]
SQL: INSERT INTO `langrensha` (`fangjianhao`,`cunmin`,`langren`,`nvwu`,`yyj`,`lieren`,`rcunmin`,`rlangren`,`rnvwu`,`ryyj`,`rlieren`) VALUES ('7393','2','1','1','1','1','2','1','1','1','1') [ RunTime:0.0500s ]
SQL: INSERT INTO `shenfen` (`fangjianhao`) VALUES ('7393') [ RunTime:0.0250s ]
SQL: INSERT INTO `siren` (`fangjianhao`) VALUES ('7393') [ RunTime:0.0170s ]
SQL: INSERT INTO `meiyesiren` (`fangjianhao`) VALUES ('7393') [ RunTime:0.0490s ]
SQL: INSERT INTO `dijitian` (`fangjianhao`) VALUES ('7393') [ RunTime:0.0220s ]
SQL: SELECT * FROM `langrensha` WHERE ( fangjianhao='7393' ) LIMIT 1   [ RunTime:0.0010s ]
INFO: [ view_parse ] --START--
INFO: [ template_filter ] --START--
INFO: Run Behavior\ContentReplaceBehavior [ RunTime:0.000000s ]
INFO: [ template_filter ] --END-- [ RunTime:0.001000s ]
INFO: Run Behavior\ParseTemplateBehavior [ RunTime:0.041002s ]
INFO: [ view_parse ] --END-- [ RunTime:0.042002s ]
INFO: [ view_filter ] --START--
INFO: Run Behavior\WriteHtmlCacheBehavior [ RunTime:0.002000s ]
INFO: [ view_filter ] --END-- [ RunTime:0.002000s ]
INFO: [ app_end ] --START--
INFO: Run Behavior\ShowPageTraceBehavior [ RunTime:0.002001s ]
INFO: [ app_end ] --END-- [ RunTime:0.003001s ]

[ 2017-03-20T09:57:38+08:00 ] ::1 /71/index.php/Home/Game/fangjiannum.html
INFO: [ app_init ] --START--
INFO: Run Behavior\BuildLiteBehavior [ RunTime:0.000000s ]
INFO: [ app_init ] --END-- [ RunTime:0.001000s ]
INFO: [ app_begin ] --START--
INFO: Run Behavior\ReadHtmlCacheBehavior [ RunTime:0.001000s ]
INFO: [ app_begin ] --END-- [ RunTime:0.001000s ]
SQL: SHOW COLUMNS FROM `langrensha` [ RunTime:0.0060s ]
SQL: SHOW COLUMNS FROM `shenfen` [ RunTime:0.0060s ]
SQL: SHOW COLUMNS FROM `siren` [ RunTime:0.0060s ]
SQL: SHOW COLUMNS FROM `meiyesiren` [ RunTime:0.0060s ]
SQL: SHOW COLUMNS FROM `dijitian` [ RunTime:0.0060s ]
SQL: INSERT INTO `langrensha` (`fangjianhao`,`cunmin`,`langren`,`nvwu`,`yyj`,`lieren`,`rcunmin`,`rlangren`,`rnvwu`,`ryyj`,`rlieren`) VALUES ('9459','2','1','1','1','1','2','1','1','1','1') [ RunTime:0.0370s ]
SQL: INSERT INTO `shenfen` (`fangjianhao`) VALUES ('9459') [ RunTime:0.0660s ]
SQL: INSERT INTO `siren` (`fangjianhao`) VALUES ('9459') [ RunTime:0.0800s ]
SQL: INSERT INTO `meiyesiren` (`fangjianhao`) VALUES ('9459') [ RunTime:0.0340s ]
SQL: INSERT INTO `dijitian` (`fangjianhao`) VALUES ('9459') [ RunTime:0.0400s ]
SQL: SELECT * FROM `langrensha` WHERE ( fangjianhao='9459' ) LIMIT 1   [ RunTime:0.0010s ]
INFO: [ view_parse ] --START--
INFO: [ template_filter ] --START--
INFO: Run Behavior\ContentReplaceBehavior [ RunTime:0.000000s ]
INFO: [ template_filter ] --END-- [ RunTime:0.001000s ]
INFO: Run Behavior\ParseTemplateBehavior [ RunTime:0.020001s ]
INFO: [ view_parse ] --END-- [ RunTime:0.022001s ]
INFO: [ view_filter ] --START--
INFO: Run Behavior\WriteHtmlCacheBehavior [ RunTime:0.001000s ]
INFO: [ view_filter ] --END-- [ RunTime:0.001000s ]
INFO: [ app_end ] --START--
INFO: Run Behavior\ShowPageTraceBehavior [ RunTime:0.002000s ]
INFO: [ app_end ] --END-- [ RunTime:0.002000s ]

[ 2017-03-20T10:00:39+08:00 ] ::1 /71/index.php/Home/Game/fangjiannum.html
INFO: [ app_init ] --START--
INFO: Run Behavior\BuildLiteBehavior [ RunTime:0.000000s ]
INFO: [ app_init ] --END-- [ RunTime:0.001000s ]
INFO: [ app_begin ] --START--
INFO: Run Behavior\ReadHtmlCacheBehavior [ RunTime:0.001000s ]
INFO: [ app_begin ] --END-- [ RunTime:0.001000s ]
SQL: SHOW COLUMNS FROM `langrensha` [ RunTime:0.0070s ]
SQL: SHOW COLUMNS FROM `shenfen` [ RunTime:0.0060s ]
SQL: SHOW COLUMNS FROM `siren` [ RunTime:0.0060s ]
SQL: SHOW COLUMNS FROM `meiyesiren` [ RunTime:0.0060s ]
SQL: SHOW COLUMNS FROM `dijitian` [ RunTime:0.0050s ]
SQL: INSERT INTO `langrensha` (`fangjianhao`,`cunmin`,`langren`,`nvwu`,`yyj`,`lieren`,`rcunmin`,`rlangren`,`rnvwu`,`ryyj`,`rlieren`) VALUES ('6223','2','1','1','1','1','2','1','1','1','1') [ RunTime:0.0310s ]
SQL: INSERT INTO `shenfen` (`fangjianhao`) VALUES ('6223') [ RunTime:0.0580s ]
SQL: INSERT INTO `siren` (`fangjianhao`) VALUES ('6223') [ RunTime:0.0780s ]
SQL: INSERT INTO `meiyesiren` (`fangjianhao`) VALUES ('6223') [ RunTime:0.0420s ]
SQL: INSERT INTO `dijitian` (`fangjianhao`) VALUES ('6223') [ RunTime:0.0400s ]
SQL: SELECT * FROM `langrensha` WHERE ( fangjianhao='6223' ) LIMIT 1   [ RunTime:0.0020s ]
INFO: [ view_parse ] --START--
INFO: [ template_filter ] --START--
INFO: Run Behavior\ContentReplaceBehavior [ RunTime:0.000000s ]
INFO: [ template_filter ] --END-- [ RunTime:0.000000s ]
INFO: Run Behavior\ParseTemplateBehavior [ RunTime:0.026002s ]
INFO: [ view_parse ] --END-- [ RunTime:0.027002s ]
INFO: [ view_filter ] --START--
INFO: Run Behavior\WriteHtmlCacheBehavior [ RunTime:0.002000s ]
INFO: [ view_filter ] --END-- [ RunTime:0.002000s ]
INFO: [ app_end ] --START--
INFO: Run Behavior\ShowPageTraceBehavior [ RunTime:0.001000s ]
INFO: [ app_end ] --END-- [ RunTime:0.003000s ]

[ 2017-03-20T10:21:15+08:00 ] ::1 /71/index.php/Home/Game/fangjiannum.html
INFO: [ app_init ] --START--
INFO: Run Behavior\BuildLiteBehavior [ RunTime:0.000000s ]
INFO: [ app_init ] --END-- [ RunTime:0.000000s ]
INFO: [ app_begin ] --START--
INFO: Run Behavior\ReadHtmlCacheBehavior [ RunTime:0.001000s ]
INFO: [ app_begin ] --END-- [ RunTime:0.001000s ]
SQL: SHOW COLUMNS FROM `langrensha` [ RunTime:0.0130s ]
SQL: SHOW COLUMNS FROM `shenfen` [ RunTime:0.0190s ]
SQL: SHOW COLUMNS FROM `siren` [ RunTime:0.0100s ]
SQL: SHOW COLUMNS FROM `meiyesiren` [ RunTime:0.0070s ]
SQL: SHOW COLUMNS FROM `dijitian` [ RunTime:0.0050s ]
SQL: INSERT INTO `langrensha` (`fangjianhao`,`cunmin`,`langren`,`nvwu`,`yyj`,`lieren`,`rcunmin`,`rlangren`,`rnvwu`,`ryyj`,`rlieren`) VALUES ('2076','2','1','1','1','1','2','1','1','1','1') [ RunTime:0.0500s ]
SQL: INSERT INTO `shenfen` (`fangjianhao`) VALUES ('2076') [ RunTime:0.0430s ]
SQL: INSERT INTO `siren` (`fangjianhao`) VALUES ('2076') [ RunTime:0.0610s ]
SQL: INSERT INTO `meiyesiren` (`fangjianhao`) VALUES ('2076') [ RunTime:0.0260s ]
SQL: INSERT INTO `dijitian` (`fangjianhao`) VALUES ('2076') [ RunTime:0.0340s ]
SQL: SELECT * FROM `langrensha` WHERE ( fangjianhao='2076' ) LIMIT 1   [ RunTime:0.0020s ]
INFO: [ view_parse ] --START--
INFO: [ template_filter ] --START--
INFO: Run Behavior\ContentReplaceBehavior [ RunTime:0.001000s ]
INFO: [ template_filter ] --END-- [ RunTime:0.001000s ]
INFO: Run Behavior\ParseTemplateBehavior [ RunTime:0.030002s ]
INFO: [ view_parse ] --END-- [ RunTime:0.030002s ]
INFO: [ view_filter ] --START--
INFO: Run Behavior\WriteHtmlCacheBehavior [ RunTime:0.001000s ]
INFO: [ view_filter ] --END-- [ RunTime:0.002000s ]
INFO: [ app_end ] --START--
INFO: Run Behavior\ShowPageTraceBehavior [ RunTime:0.002000s ]
INFO: [ app_end ] --END-- [ RunTime:0.002000s ]

[ 2017-03-20T10:24:27+08:00 ] ::1 /71/index.php/Home/Game/fangjiannum.html
INFO: [ app_init ] --START--
INFO: Run Behavior\BuildLiteBehavior [ RunTime:0.000000s ]
INFO: [ app_init ] --END-- [ RunTime:0.000000s ]
INFO: [ app_begin ] --START--
INFO: Run Behavior\ReadHtmlCacheBehavior [ RunTime:0.000000s ]
INFO: [ app_begin ] --END-- [ RunTime:0.001000s ]
SQL: SHOW COLUMNS FROM `langrensha` [ RunTime:0.0130s ]
SQL: SHOW COLUMNS FROM `shenfen` [ RunTime:0.0030s ]
SQL: SHOW COLUMNS FROM `siren` [ RunTime:0.0030s ]
SQL: SHOW COLUMNS FROM `meiyesiren` [ RunTime:0.0040s ]
SQL: SHOW COLUMNS FROM `dijitian` [ RunTime:0.0030s ]
SQL: INSERT INTO `langrensha` (`fangjianhao`,`cunmin`,`langren`,`nvwu`,`yyj`,`lieren`,`rcunmin`,`rlangren`,`rnvwu`,`ryyj`,`rlieren`) VALUES ('9467','2','1','1','1','1','2','1','1','1','1') [ RunTime:0.0760s ]
SQL: INSERT INTO `shenfen` (`fangjianhao`) VALUES ('9467') [ RunTime:0.1280s ]
SQL: INSERT INTO `siren` (`fangjianhao`) VALUES ('9467') [ RunTime:0.1180s ]
SQL: INSERT INTO `meiyesiren` (`fangjianhao`) VALUES ('9467') [ RunTime:0.0620s ]
SQL: INSERT INTO `dijitian` (`fangjianhao`) VALUES ('9467') [ RunTime:0.1090s ]
SQL: SELECT * FROM `langrensha` WHERE ( fangjianhao='9467' ) LIMIT 1   [ RunTime:0.0010s ]
INFO: [ view_parse ] --START--
INFO: [ template_filter ] --START--
INFO: Run Behavior\ContentReplaceBehavior [ RunTime:0.000000s ]
INFO: [ template_filter ] --END-- [ RunTime:0.000000s ]
INFO: Run Behavior\ParseTemplateBehavior [ RunTime:0.008000s ]
INFO: [ view_parse ] --END-- [ RunTime:0.008000s ]
INFO: [ view_filter ] --START--
INFO: Run Behavior\WriteHtmlCacheBehavior [ RunTime:0.001001s ]
INFO: [ view_filter ] --END-- [ RunTime:0.001001s ]
INFO: [ app_end ] --START--
INFO: Run Behavior\ShowPageTraceBehavior [ RunTime:0.000000s ]
INFO: [ app_end ] --END-- [ RunTime:0.001000s ]

[ 2017-03-20T10:25:07+08:00 ] ::1 /71/index.php/Home/Game/fangjiannum.html
INFO: [ app_init ] --START--
INFO: Run Behavior\BuildLiteBehavior [ RunTime:0.000000s ]
INFO: [ app_init ] --END-- [ RunTime:0.001000s ]
INFO: [ app_begin ] --START--
INFO: Run Behavior\ReadHtmlCacheBehavior [ RunTime:0.002001s ]
INFO: [ app_begin ] --END-- [ RunTime:0.002001s ]
SQL: SHOW COLUMNS FROM `langrensha` [ RunTime:0.0160s ]
SQL: SHOW COLUMNS FROM `shenfen` [ RunTime:0.0020s ]
SQL: SHOW COLUMNS FROM `siren` [ RunTime:0.0030s ]
SQL: SHOW COLUMNS FROM `meiyesiren` [ RunTime:0.0030s ]
SQL: SHOW COLUMNS FROM `dijitian` [ RunTime:0.0020s ]
SQL: INSERT INTO `langrensha` (`fangjianhao`,`cunmin`,`langren`,`nvwu`,`yyj`,`lieren`,`rcunmin`,`rlangren`,`rnvwu`,`ryyj`,`rlieren`) VALUES ('7187','2','1','1','1','1','2','1','1','1','1') [ RunTime:0.0280s ]
SQL: INSERT INTO `shenfen` (`fangjianhao`) VALUES ('7187') [ RunTime:0.0240s ]
SQL: INSERT INTO `siren` (`fangjianhao`) VALUES ('7187') [ RunTime:0.0170s ]
SQL: INSERT INTO `meiyesiren` (`fangjianhao`) VALUES ('7187') [ RunTime:0.0220s ]
SQL: INSERT INTO `dijitian` (`fangjianhao`) VALUES ('7187') [ RunTime:0.0260s ]
SQL: SELECT * FROM `langrensha` WHERE ( fangjianhao='7187' ) LIMIT 1   [ RunTime:0.0010s ]
INFO: [ view_parse ] --START--
INFO: [ template_filter ] --START--
INFO: Run Behavior\ContentReplaceBehavior [ RunTime:0.000000s ]
INFO: [ template_filter ] --END-- [ RunTime:0.002000s ]
INFO: Run Behavior\ParseTemplateBehavior [ RunTime:0.033002s ]
INFO: [ view_parse ] --END-- [ RunTime:0.033002s ]
INFO: [ view_filter ] --START--
INFO: Run Behavior\WriteHtmlCacheBehavior [ RunTime:0.001000s ]
INFO: [ view_filter ] --END-- [ RunTime:0.001000s ]
INFO: [ app_end ] --START--
INFO: Run Behavior\ShowPageTraceBehavior [ RunTime:0.001000s ]
INFO: [ app_end ] --END-- [ RunTime:0.001000s ]

[ 2017-03-20T10:25:35+08:00 ] ::1 /71/index.php/Home/Game/fangjiannum.html
INFO: [ app_init ] --START--
INFO: Run Behavior\BuildLiteBehavior [ RunTime:0.001000s ]
INFO: [ app_init ] --END-- [ RunTime:0.001000s ]
INFO: [ app_begin ] --START--
INFO: Run Behavior\ReadHtmlCacheBehavior [ RunTime:0.001000s ]
INFO: [ app_begin ] --END-- [ RunTime:0.001000s ]
SQL: SHOW COLUMNS FROM `langrensha` [ RunTime:0.0040s ]
SQL: SHOW COLUMNS FROM `shenfen` [ RunTime:0.0040s ]
SQL: SHOW COLUMNS FROM `siren` [ RunTime:0.0040s ]
SQL: SHOW COLUMNS FROM `meiyesiren` [ RunTime:0.0030s ]
SQL: SHOW COLUMNS FROM `dijitian` [ RunTime:0.0030s ]
SQL: INSERT INTO `langrensha` (`fangjianhao`,`cunmin`,`langren`,`nvwu`,`yyj`,`lieren`,`rcunmin`,`rlangren`,`rnvwu`,`ryyj`,`rlieren`) VALUES ('6166','2','1','1','1','1','2','1','1','1','1') [ RunTime:0.0490s ]
SQL: INSERT INTO `shenfen` (`fangjianhao`) VALUES ('6166') [ RunTime:0.0590s ]
SQL: INSERT INTO `siren` (`fangjianhao`) VALUES ('6166') [ RunTime:0.0660s ]
SQL: INSERT INTO `meiyesiren` (`fangjianhao`) VALUES ('6166') [ RunTime:0.0170s ]
SQL: INSERT INTO `dijitian` (`fangjianhao`) VALUES ('6166') [ RunTime:0.0400s ]
SQL: SELECT * FROM `langrensha` WHERE ( fangjianhao='6166' ) LIMIT 1   [ RunTime:0.0010s ]
INFO: [ view_parse ] --START--
INFO: [ template_filter ] --START--
INFO: Run Behavior\ContentReplaceBehavior [ RunTime:0.000000s ]
INFO: [ template_filter ] --END-- [ RunTime:0.000000s ]
INFO: Run Behavior\ParseTemplateBehavior [ RunTime:0.014000s ]
INFO: [ view_parse ] --END-- [ RunTime:0.014000s ]
INFO: [ view_filter ] --START--
INFO: Run Behavior\WriteHtmlCacheBehavior [ RunTime:0.000000s ]
INFO: [ view_filter ] --END-- [ RunTime:0.001000s ]
INFO: [ app_end ] --START--
INFO: Run Behavior\ShowPageTraceBehavior [ RunTime:0.001001s ]
INFO: [ app_end ] --END-- [ RunTime:0.001001s ]

[ 2017-03-20T10:25:52+08:00 ] ::1 /71/index.php/Home/Game/fangjiannum.html
INFO: [ app_init ] --START--
INFO: Run Behavior\BuildLiteBehavior [ RunTime:0.000000s ]
INFO: [ app_init ] --END-- [ RunTime:0.001000s ]
INFO: [ app_begin ] --START--
INFO: Run Behavior\ReadHtmlCacheBehavior [ RunTime:0.002000s ]
INFO: [ app_begin ] --END-- [ RunTime:0.002000s ]
SQL: SHOW COLUMNS FROM `langrensha` [ RunTime:0.0030s ]
SQL: SHOW COLUMNS FROM `shenfen` [ RunTime:0.0020s ]
SQL: SHOW COLUMNS FROM `siren` [ RunTime:0.0020s ]
SQL: SHOW COLUMNS FROM `meiyesiren` [ RunTime:0.0020s ]
SQL: SHOW COLUMNS FROM `dijitian` [ RunTime:0.0070s ]
SQL: INSERT INTO `langrensha` (`fangjianhao`,`cunmin`,`langren`,`nvwu`,`yyj`,`lieren`,`rcunmin`,`rlangren`,`rnvwu`,`ryyj`,`rlieren`) VALUES ('5641','2','1','1','1','1','2','1','1','1','1') [ RunTime:0.0280s ]
SQL: INSERT INTO `shenfen` (`fangjianhao`) VALUES ('5641') [ RunTime:0.0410s ]
SQL: INSERT INTO `siren` (`fangjianhao`) VALUES ('5641') [ RunTime:0.0410s ]
SQL: INSERT INTO `meiyesiren` (`fangjianhao`) VALUES ('5641') [ RunTime:0.0220s ]
SQL: INSERT INTO `dijitian` (`fangjianhao`) VALUES ('5641') [ RunTime:0.1000s ]
SQL: SELECT * FROM `langrensha` WHERE ( fangjianhao='5641' ) LIMIT 1   [ RunTime:0.0010s ]
INFO: [ view_parse ] --START--
INFO: [ template_filter ] --START--
INFO: Run Behavior\ContentReplaceBehavior [ RunTime:0.000000s ]
INFO: [ template_filter ] --END-- [ RunTime:0.001001s ]
INFO: Run Behavior\ParseTemplateBehavior [ RunTime:0.025002s ]
INFO: [ view_parse ] --END-- [ RunTime:0.025002s ]
INFO: [ view_filter ] --START--
INFO: Run Behavior\WriteHtmlCacheBehavior [ RunTime:0.002000s ]
INFO: [ view_filter ] --END-- [ RunTime:0.002000s ]
INFO: [ app_end ] --START--
INFO: Run Behavior\ShowPageTraceBehavior [ RunTime:0.002000s ]
INFO: [ app_end ] --END-- [ RunTime:0.002000s ]

[ 2017-03-20T10:31:41+08:00 ] ::1 /71/index.php/Home/Game/fangjiannum.html
INFO: [ app_init ] --START--
INFO: Run Behavior\BuildLiteBehavior [ RunTime:0.000000s ]
INFO: [ app_init ] --END-- [ RunTime:0.001000s ]
INFO: [ app_begin ] --START--
INFO: Run Behavior\ReadHtmlCacheBehavior [ RunTime:0.001000s ]
INFO: [ app_begin ] --END-- [ RunTime:0.002000s ]
SQL: SHOW COLUMNS FROM `langrensha` [ RunTime:0.0350s ]
SQL: SHOW COLUMNS FROM `shenfen` [ RunTime:0.0100s ]
SQL: SHOW COLUMNS FROM `siren` [ RunTime:0.0100s ]
SQL: SHOW COLUMNS FROM `meiyesiren` [ RunTime:0.0070s ]
SQL: SHOW COLUMNS FROM `dijitian` [ RunTime:0.0050s ]
SQL: INSERT INTO `langrensha` (`fangjianhao`,`cunmin`,`langren`,`nvwu`,`yyj`,`lieren`,`rcunmin`,`rlangren`,`rnvwu`,`ryyj`,`rlieren`) VALUES ('6790','2','1','1','1','1','2','1','1','1','1') [ RunTime:0.3160s ]
SQL: INSERT INTO `shenfen` (`fangjianhao`) VALUES ('6790') [ RunTime:0.1420s ]
SQL: INSERT INTO `siren` (`fangjianhao`) VALUES ('6790') [ RunTime:0.1970s ]
SQL: INSERT INTO `meiyesiren` (`fangjianhao`) VALUES ('6790') [ RunTime:0.0830s ]
SQL: INSERT INTO `dijitian` (`fangjianhao`) VALUES ('6790') [ RunTime:0.0400s ]
SQL: SELECT * FROM `langrensha` WHERE ( fangjianhao='6790' ) LIMIT 1   [ RunTime:0.0010s ]
INFO: [ view_parse ] --START--
INFO: [ template_filter ] --START--
INFO: Run Behavior\ContentReplaceBehavior [ RunTime:0.001000s ]
INFO: [ template_filter ] --END-- [ RunTime:0.001000s ]
INFO: Run Behavior\ParseTemplateBehavior [ RunTime:0.031002s ]
INFO: [ view_parse ] --END-- [ RunTime:0.031002s ]
INFO: [ view_filter ] --START--
INFO: Run Behavior\WriteHtmlCacheBehavior [ RunTime:0.001000s ]
INFO: [ view_filter ] --END-- [ RunTime:0.002000s ]
INFO: [ app_end ] --START--
INFO: Run Behavior\ShowPageTraceBehavior [ RunTime:0.002000s ]
INFO: [ app_end ] --END-- [ RunTime:0.003000s ]

[ 2017-03-20T10:32:13+08:00 ] ::1 /71/index.php/Home/Game/gamehome/fangjianhao/6790.html
INFO: [ app_init ] --START--
INFO: Run Behavior\BuildLiteBehavior [ RunTime:0.000000s ]
INFO: [ app_init ] --END-- [ RunTime:0.001000s ]
INFO: [ app_begin ] --START--
INFO: Run Behavior\ReadHtmlCacheBehavior [ RunTime:0.002000s ]
INFO: [ app_begin ] --END-- [ RunTime:0.002000s ]
SQL: SHOW COLUMNS FROM `dijitian` [ RunTime:0.0030s ]
SQL: SELECT * FROM `dijitian` WHERE ( fangjianhao='6790' ) LIMIT 1   [ RunTime:0.0000s ]
SQL: UPDATE `dijitian` SET `day`='0' WHERE `fangjianhao` = 6790 [ RunTime:0.0290s ]
SQL: SHOW COLUMNS FROM `langrensha` [ RunTime:0.0030s ]
SQL: SELECT * FROM `langrensha` WHERE ( fangjianhao='6790' ) LIMIT 1   [ RunTime:0.0010s ]
NOTIC: [8] Use of undefined constant rcunmin - assumed 'rcunmin' D:\WAMP\wamp\www\71\Application\Home\Controller\GameController.class.php 第 113 行.
NOTIC: [8] Use of undefined constant rlangren - assumed 'rlangren' D:\WAMP\wamp\www\71\Application\Home\Controller\GameController.class.php 第 114 行.
NOTIC: [8] Use of undefined constant rnvwu - assumed 'rnvwu' D:\WAMP\wamp\www\71\Application\Home\Controller\GameController.class.php 第 115 行.
NOTIC: [8] Use of undefined constant ryyj - assumed 'ryyj' D:\WAMP\wamp\www\71\Application\Home\Controller\GameController.class.php 第 116 行.
NOTIC: [8] Use of undefined constant rlieren - assumed 'rlieren' D:\WAMP\wamp\www\71\Application\Home\Controller\GameController.class.php 第 117 行.
NOTIC: [8] Use of undefined constant rshouwei - assumed 'rshouwei' D:\WAMP\wamp\www\71\Application\Home\Controller\GameController.class.php 第 118 行.
NOTIC: [8] Use of undefined constant rbaichi - assumed 'rbaichi' D:\WAMP\wamp\www\71\Application\Home\Controller\GameController.class.php 第 119 行.
NOTIC: [8] Use of undefined constant rcunmin - assumed 'rcunmin' D:\WAMP\wamp\www\71\Application\Home\Controller\GameController.class.php 第 165 行.
SQL: UPDATE `langrensha` SET `rcunmin`='1' WHERE `fangjianhao` = 6790 [ RunTime:0.0260s ]
NOTIC: [8] Use of undefined constant 号房 - assumed '号房' D:\WAMP\wamp\www\71\Application\Home\Controller\GameController.class.php 第 223 行.
INFO: [ view_parse ] --START--
INFO: [ template_filter ] --START--
INFO: Run Behavior\ContentReplaceBehavior [ RunTime:0.001000s ]
INFO: [ template_filter ] --END-- [ RunTime:0.001000s ]
INFO: Run Behavior\ParseTemplateBehavior [ RunTime:0.039002s ]
INFO: [ view_parse ] --END-- [ RunTime:0.040002s ]
INFO: [ view_filter ] --START--
INFO: Run Behavior\WriteHtmlCacheBehavior [ RunTime:0.001000s ]
INFO: [ view_filter ] --END-- [ RunTime:0.001000s ]
INFO: [ app_end ] --START--
INFO: Run Behavior\ShowPageTraceBehavior [ RunTime:0.001000s ]
INFO: [ app_end ] --END-- [ RunTime:0.002000s ]

[ 2017-03-20T10:32:44+08:00 ] ::1 /71/index.php/Home/Game/fangjiannum.html
INFO: [ app_init ] --START--
INFO: Run Behavior\BuildLiteBehavior [ RunTime:0.000000s ]
INFO: [ app_init ] --END-- [ RunTime:0.001000s ]
INFO: [ app_begin ] --START--
INFO: Run Behavior\ReadHtmlCacheBehavior [ RunTime:0.000000s ]
INFO: [ app_begin ] --END-- [ RunTime:0.001000s ]
SQL: SHOW COLUMNS FROM `langrensha` [ RunTime:0.0030s ]
SQL: SHOW COLUMNS FROM `shenfen` [ RunTime:0.0030s ]
SQL: SHOW COLUMNS FROM `siren` [ RunTime:0.0030s ]
SQL: SHOW COLUMNS FROM `meiyesiren` [ RunTime:0.0030s ]
SQL: SHOW COLUMNS FROM `dijitian` [ RunTime:0.0030s ]
ERR: 模板不存在:./Application/Home/View/D/\WAMP\wamp\www\71\ThinkPHP/Tpl/dispatch_jump.tpl.html
NOTIC: [2] include(): Filename cannot be empty D:\WAMP\wamp\www\71\ThinkPHP\Library\Think\Think.class.php 第 314 行.
NOTIC: [2] include(): Failed opening '' for inclusion (include_path='.;C:\php\pear') D:\WAMP\wamp\www\71\ThinkPHP\Library\Think\Think.class.php 第 314 行.

[ 2017-03-20T10:32:49+08:00 ] ::1 /71/index.php/Home/Game/
INFO: [ app_init ] --START--
INFO: Run Behavior\BuildLiteBehavior [ RunTime:0.000000s ]
INFO: [ app_init ] --END-- [ RunTime:0.001000s ]
INFO: [ app_begin ] --START--
INFO: Run Behavior\ReadHtmlCacheBehavior [ RunTime:0.001000s ]
INFO: [ app_begin ] --END-- [ RunTime:0.001000s ]
INFO: [ view_parse ] --START--
INFO: [ template_filter ] --START--
INFO: Run Behavior\ContentReplaceBehavior [ RunTime:0.000000s ]
INFO: [ template_filter ] --END-- [ RunTime:0.000000s ]
NOTIC: [8] Undefined variable: title D:\WAMP\wamp\www\71\Application\Runtime\Cache\Home\9b4ac15774870dbabc3db513ede28689.php 第 23 行.
INFO: Run Behavior\ParseTemplateBehavior [ RunTime:0.010000s ]
INFO: [ view_parse ] --END-- [ RunTime:0.010000s ]
INFO: [ view_filter ] --START--
INFO: Run Behavior\WriteHtmlCacheBehavior [ RunTime:0.000000s ]
INFO: [ view_filter ] --END-- [ RunTime:0.000000s ]
INFO: [ app_end ] --START--
INFO: Run Behavior\ShowPageTraceBehavior [ RunTime:0.001000s ]
INFO: [ app_end ] --END-- [ RunTime:0.001000s ]

[ 2017-03-20T10:33:10+08:00 ] ::1 /71/index.php/Home/Game/kaifang.html
INFO: [ app_init ] --START--
INFO: Run Behavior\BuildLiteBehavior [ RunTime:0.000000s ]
INFO: [ app_init ] --END-- [ RunTime:0.000000s ]
INFO: [ app_begin ] --START--
INFO: Run Behavior\ReadHtmlCacheBehavior [ RunTime:0.001000s ]
INFO: [ app_begin ] --END-- [ RunTime:0.001000s ]
INFO: [ view_parse ] --START--
INFO: [ template_filter ] --START--
INFO: Run Behavior\ContentReplaceBehavior [ RunTime:0.000000s ]
INFO: [ template_filter ] --END-- [ RunTime:0.000000s ]
NOTIC: [8] Undefined variable: title D:\WAMP\wamp\www\71\Application\Runtime\Cache\Home\f684d0b8e7f52fbdd496208cb8e3218a.php 第 23 行.
INFO: Run Behavior\ParseTemplateBehavior [ RunTime:0.016001s ]
INFO: [ view_parse ] --END-- [ RunTime:0.017001s ]
INFO: [ view_filter ] --START--
INFO: Run Behavior\WriteHtmlCacheBehavior [ RunTime:0.001000s ]
INFO: [ view_filter ] --END-- [ RunTime:0.001000s ]
INFO: [ app_end ] --START--
INFO: Run Behavior\ShowPageTraceBehavior [ RunTime:0.001000s ]
INFO: [ app_end ] --END-- [ RunTime:0.001000s ]

[ 2017-03-20T10:33:11+08:00 ] ::1 /71/index.php/Home/Game/fangjiannum.html
INFO: [ app_init ] --START--
INFO: Run Behavior\BuildLiteBehavior [ RunTime:0.000000s ]
INFO: [ app_init ] --END-- [ RunTime:0.000000s ]
INFO: [ app_begin ] --START--
INFO: Run Behavior\ReadHtmlCacheBehavior [ RunTime:0.000000s ]
INFO: [ app_begin ] --END-- [ RunTime:0.000000s ]
SQL: SHOW COLUMNS FROM `langrensha` [ RunTime:0.0030s ]
SQL: SHOW COLUMNS FROM `shenfen` [ RunTime:0.0030s ]
SQL: SHOW COLUMNS FROM `siren` [ RunTime:0.0030s ]
SQL: SHOW COLUMNS FROM `meiyesiren` [ RunTime:0.0030s ]
SQL: SHOW COLUMNS FROM `dijitian` [ RunTime:0.0030s ]
SQL: INSERT INTO `langrensha` (`fangjianhao`,`cunmin`,`langren`,`nvwu`,`yyj`,`lieren`,`rcunmin`,`rlangren`,`rnvwu`,`ryyj`,`rlieren`) VALUES ('9330','2','1','1','1','1','2','1','1','1','1') [ RunTime:0.0350s ]
SQL: INSERT INTO `shenfen` (`fangjianhao`) VALUES ('9330') [ RunTime:0.0270s ]
SQL: INSERT INTO `siren` (`fangjianhao`) VALUES ('9330') [ RunTime:0.0410s ]
SQL: INSERT INTO `meiyesiren` (`fangjianhao`) VALUES ('9330') [ RunTime:0.0220s ]
SQL: INSERT INTO `dijitian` (`fangjianhao`) VALUES ('9330') [ RunTime:0.1160s ]
SQL: SELECT * FROM `langrensha` WHERE ( fangjianhao='9330' ) LIMIT 1   [ RunTime:0.0000s ]
INFO: [ view_parse ] --START--
INFO: [ template_filter ] --START--
INFO: Run Behavior\ContentReplaceBehavior [ RunTime:0.000000s ]
INFO: [ template_filter ] --END-- [ RunTime:0.001000s ]
INFO: Run Behavior\ParseTemplateBehavior [ RunTime:0.012000s ]
INFO: [ view_parse ] --END-- [ RunTime:0.012000s ]
INFO: [ view_filter ] --START--
INFO: Run Behavior\WriteHtmlCacheBehavior [ RunTime:0.000000s ]
INFO: [ view_filter ] --END-- [ RunTime:0.000000s ]
INFO: [ app_end ] --START--
INFO: Run Behavior\ShowPageTraceBehavior [ RunTime:0.001000s ]
INFO: [ app_end ] --END-- [ RunTime:0.001000s ]

[ 2017-03-20T10:33:16+08:00 ] ::1 /71/index.php/Home/Game/fangjiannum.html
INFO: [ app_init ] --START--
INFO: Run Behavior\BuildLiteBehavior [ RunTime:0.000000s ]
INFO: [ app_init ] --END-- [ RunTime:0.001000s ]
INFO: [ app_begin ] --START--
INFO: Run Behavior\ReadHtmlCacheBehavior [ RunTime:0.001000s ]
INFO: [ app_begin ] --END-- [ RunTime:0.001000s ]
SQL: SHOW COLUMNS FROM `langrensha` [ RunTime:0.0040s ]
SQL: SHOW COLUMNS FROM `shenfen` [ RunTime:0.0040s ]
SQL: SHOW COLUMNS FROM `siren` [ RunTime:0.0030s ]
SQL: SHOW COLUMNS FROM `meiyesiren` [ RunTime:0.0040s ]
SQL: SHOW COLUMNS FROM `dijitian` [ RunTime:0.0040s ]
SQL: INSERT INTO `langrensha` (`fangjianhao`,`cunmin`,`langren`,`nvwu`,`yyj`,`lieren`,`rcunmin`,`rlangren`,`rnvwu`,`ryyj`,`rlieren`) VALUES ('6496','2','1','1','1','1','2','1','1','1','1') [ RunTime:0.0330s ]
SQL: INSERT INTO `shenfen` (`fangjianhao`) VALUES ('6496') [ RunTime:0.0410s ]
SQL: INSERT INTO `siren` (`fangjianhao`) VALUES ('6496') [ RunTime:0.0520s ]
SQL: INSERT INTO `meiyesiren` (`fangjianhao`) VALUES ('6496') [ RunTime:0.0470s ]
SQL: INSERT INTO `dijitian` (`fangjianhao`) VALUES ('6496') [ RunTime:0.0400s ]
SQL: SELECT * FROM `langrensha` WHERE ( fangjianhao='6496' ) LIMIT 1   [ RunTime:0.0010s ]
INFO: [ view_parse ] --START--
INFO: [ template_filter ] --START--
INFO: Run Behavior\ContentReplaceBehavior [ RunTime:0.000000s ]
INFO: [ template_filter ] --END-- [ RunTime:0.001000s ]
INFO: Run Behavior\ParseTemplateBehavior [ RunTime:0.023001s ]
INFO: [ view_parse ] --END-- [ RunTime:0.023001s ]
INFO: [ view_filter ] --START--
INFO: Run Behavior\WriteHtmlCacheBehavior [ RunTime:0.001000s ]
INFO: [ view_filter ] --END-- [ RunTime:0.002000s ]
INFO: [ app_end ] --START--
INFO: Run Behavior\ShowPageTraceBehavior [ RunTime:0.002001s ]
INFO: [ app_end ] --END-- [ RunTime:0.002001s ]

[ 2017-03-20T10:34:56+08:00 ] ::1 /71/index.php/Home/Game/fangjiannum.html
INFO: [ app_init ] --START--
INFO: Run Behavior\BuildLiteBehavior [ RunTime:0.000000s ]
INFO: [ app_init ] --END-- [ RunTime:0.001000s ]
INFO: [ app_begin ] --START--
INFO: Run Behavior\ReadHtmlCacheBehavior [ RunTime:0.001000s ]
INFO: [ app_begin ] --END-- [ RunTime:0.001000s ]
SQL: SHOW COLUMNS FROM `langrensha` [ RunTime:0.0030s ]
SQL: SHOW COLUMNS FROM `shenfen` [ RunTime:0.0040s ]
SQL: SHOW COLUMNS FROM `siren` [ RunTime:0.0040s ]
SQL: SHOW COLUMNS FROM `meiyesiren` [ RunTime:0.0030s ]
SQL: SHOW COLUMNS FROM `dijitian` [ RunTime:0.0030s ]
SQL: INSERT INTO `langrensha` (`fangjianhao`,`cunmin`,`langren`,`nvwu`,`yyj`,`lieren`,`rcunmin`,`rlangren`,`rnvwu`,`ryyj`,`rlieren`) VALUES ('4250','2','1','1','1','1','2','1','1','1','1') [ RunTime:0.0280s ]
SQL: INSERT INTO `shenfen` (`fangjianhao`) VALUES ('4250') [ RunTime:0.0230s ]
SQL: INSERT INTO `siren` (`fangjianhao`) VALUES ('4250') [ RunTime:0.0430s ]
SQL: INSERT INTO `meiyesiren` (`fangjianhao`) VALUES ('4250') [ RunTime:0.0230s ]
SQL: INSERT INTO `dijitian` (`fangjianhao`) VALUES ('4250') [ RunTime:0.0430s ]
SQL: SELECT * FROM `langrensha` WHERE ( fangjianhao='4250' ) LIMIT 1   [ RunTime:0.0000s ]
INFO: [ view_parse ] --START--
INFO: [ template_filter ] --START--
INFO: Run Behavior\ContentReplaceBehavior [ RunTime:0.001000s ]
INFO: [ template_filter ] --END-- [ RunTime:0.001000s ]
INFO: Run Behavior\ParseTemplateBehavior [ RunTime:0.011001s ]
INFO: [ view_parse ] --END-- [ RunTime:0.011001s ]
INFO: [ view_filter ] --START--
INFO: Run Behavior\WriteHtmlCacheBehavior [ RunTime:0.001000s ]
INFO: [ view_filter ] --END-- [ RunTime:0.001000s ]
INFO: [ app_end ] --START--
INFO: Run Behavior\ShowPageTraceBehavior [ RunTime:0.001000s ]
INFO: [ app_end ] --END-- [ RunTime:0.001000s ]

[ 2017-03-20T10:36:15+08:00 ] ::1 /71/index.php/Home/Game/fangjiannum.html
INFO: [ app_init ] --START--
INFO: Run Behavior\BuildLiteBehavior [ RunTime:0.000000s ]
INFO: [ app_init ] --END-- [ RunTime:0.001000s ]
INFO: [ app_begin ] --START--
INFO: Run Behavior\ReadHtmlCacheBehavior [ RunTime:0.001000s ]
INFO: [ app_begin ] --END-- [ RunTime:0.002000s ]
SQL: SHOW COLUMNS FROM `langrensha` [ RunTime:0.0030s ]
SQL: SHOW COLUMNS FROM `shenfen` [ RunTime:0.0030s ]
SQL: SHOW COLUMNS FROM `siren` [ RunTime:0.0030s ]
SQL: SHOW COLUMNS FROM `meiyesiren` [ RunTime:0.0020s ]
SQL: SHOW COLUMNS FROM `dijitian` [ RunTime:0.0020s ]
SQL: INSERT INTO `langrensha` (`fangjianhao`,`cunmin`,`langren`,`nvwu`,`yyj`,`lieren`,`rcunmin`,`rlangren`,`rnvwu`,`ryyj`,`rlieren`) VALUES ('1767','2','1','1','1','1','2','1','1','1','1') [ RunTime:0.0370s ]
SQL: INSERT INTO `shenfen` (`fangjianhao`) VALUES ('1767') [ RunTime:0.0230s ]
SQL: INSERT INTO `siren` (`fangjianhao`) VALUES ('1767') [ RunTime:0.0220s ]
SQL: INSERT INTO `meiyesiren` (`fangjianhao`) VALUES ('1767') [ RunTime:0.0260s ]
SQL: INSERT INTO `dijitian` (`fangjianhao`) VALUES ('1767') [ RunTime:0.0340s ]
SQL: SELECT * FROM `langrensha` WHERE ( fangjianhao='1767' ) LIMIT 1   [ RunTime:0.0000s ]
INFO: [ view_parse ] --START--
INFO: [ template_filter ] --START--
INFO: Run Behavior\ContentReplaceBehavior [ RunTime:0.000000s ]
INFO: [ template_filter ] --END-- [ RunTime:0.001000s ]
INFO: Run Behavior\ParseTemplateBehavior [ RunTime:0.008001s ]
INFO: [ view_parse ] --END-- [ RunTime:0.009001s ]
INFO: [ view_filter ] --START--
INFO: Run Behavior\WriteHtmlCacheBehavior [ RunTime:0.000000s ]
INFO: [ view_filter ] --END-- [ RunTime:0.000000s ]
INFO: [ app_end ] --START--
INFO: Run Behavior\ShowPageTraceBehavior [ RunTime:0.001000s ]
INFO: [ app_end ] --END-- [ RunTime:0.001000s ]

[ 2017-03-20T10:37:26+08:00 ] ::1 /71/index.php/Home/Game/fangjiannum.html
INFO: [ app_init ] --START--
INFO: Run Behavior\BuildLiteBehavior [ RunTime:0.000000s ]
INFO: [ app_init ] --END-- [ RunTime:0.001000s ]
INFO: [ app_begin ] --START--
INFO: Run Behavior\ReadHtmlCacheBehavior [ RunTime:0.001000s ]
INFO: [ app_begin ] --END-- [ RunTime:0.001000s ]
SQL: SHOW COLUMNS FROM `langrensha` [ RunTime:0.0030s ]
SQL: SHOW COLUMNS FROM `shenfen` [ RunTime:0.0030s ]
SQL: SHOW COLUMNS FROM `siren` [ RunTime:0.0030s ]
SQL: SHOW COLUMNS FROM `meiyesiren` [ RunTime:0.0030s ]
SQL: SHOW COLUMNS FROM `dijitian` [ RunTime:0.0020s ]
SQL: INSERT INTO `langrensha` (`fangjianhao`,`cunmin`,`langren`,`nvwu`,`yyj`,`lieren`,`rcunmin`,`rlangren`,`rnvwu`,`ryyj`,`rlieren`) VALUES ('8894','2','1','1','1','1','2','1','1','1','1') [ RunTime:0.0420s ]
SQL: INSERT INTO `shenfen` (`fangjianhao`) VALUES ('8894') [ RunTime:0.0180s ]
SQL: INSERT INTO `siren` (`fangjianhao`) VALUES ('8894') [ RunTime:0.0230s ]
SQL: INSERT INTO `meiyesiren` (`fangjianhao`) VALUES ('8894') [ RunTime:0.0170s ]
SQL: INSERT INTO `dijitian` (`fangjianhao`) VALUES ('8894') [ RunTime:0.0230s ]
SQL: SELECT * FROM `langrensha` WHERE ( fangjianhao='8894' ) LIMIT 1   [ RunTime:0.0000s ]
INFO: [ view_parse ] --START--
INFO: [ template_filter ] --START--
INFO: Run Behavior\ContentReplaceBehavior [ RunTime:0.000000s ]
INFO: [ template_filter ] --END-- [ RunTime:0.000000s ]
INFO: Run Behavior\ParseTemplateBehavior [ RunTime:0.007000s ]
INFO: [ view_parse ] --END-- [ RunTime:0.008000s ]
INFO: [ view_filter ] --START--
INFO: Run Behavior\WriteHtmlCacheBehavior [ RunTime:0.000000s ]
INFO: [ view_filter ] --END-- [ RunTime:0.000000s ]
INFO: [ app_end ] --START--
INFO: Run Behavior\ShowPageTraceBehavior [ RunTime:0.001001s ]
INFO: [ app_end ] --END-- [ RunTime:0.001001s ]

[ 2017-03-20T10:37:29+08:00 ] ::1 /71/index.php/Home/Game/gamehome/fangjianhao/8894.html
INFO: [ app_init ] --START--
INFO: Run Behavior\BuildLiteBehavior [ RunTime:0.000000s ]
INFO: [ app_init ] --END-- [ RunTime:0.001000s ]
INFO: [ app_begin ] --START--
INFO: Run Behavior\ReadHtmlCacheBehavior [ RunTime:0.001000s ]
INFO: [ app_begin ] --END-- [ RunTime:0.001000s ]
SQL: SHOW COLUMNS FROM `dijitian` [ RunTime:0.0020s ]
SQL: SELECT * FROM `dijitian` WHERE ( fangjianhao='8894' ) LIMIT 1   [ RunTime:0.0000s ]
SQL: UPDATE `dijitian` SET `day`='0' WHERE `fangjianhao` = 8894 [ RunTime:0.0740s ]
SQL: SHOW COLUMNS FROM `langrensha` [ RunTime:0.0100s ]
SQL: SELECT * FROM `langrensha` WHERE ( fangjianhao='8894' ) LIMIT 1   [ RunTime:0.0010s ]
NOTIC: [8] Use of undefined constant rcunmin - assumed 'rcunmin' D:\WAMP\wamp\www\71\Application\Home\Controller\GameController.class.php 第 113 行.
NOTIC: [8] Use of undefined constant rlangren - assumed 'rlangren' D:\WAMP\wamp\www\71\Application\Home\Controller\GameController.class.php 第 114 行.
NOTIC: [8] Use of undefined constant rnvwu - assumed 'rnvwu' D:\WAMP\wamp\www\71\Application\Home\Controller\GameController.class.php 第 115 行.
NOTIC: [8] Use of undefined constant ryyj - assumed 'ryyj' D:\WAMP\wamp\www\71\Application\Home\Controller\GameController.class.php 第 116 行.
NOTIC: [8] Use of undefined constant rlieren - assumed 'rlieren' D:\WAMP\wamp\www\71\Application\Home\Controller\GameController.class.php 第 117 行.
NOTIC: [8] Use of undefined constant rshouwei - assumed 'rshouwei' D:\WAMP\wamp\www\71\Application\Home\Controller\GameController.class.php 第 118 行.
NOTIC: [8] Use of undefined constant rbaichi - assumed 'rbaichi' D:\WAMP\wamp\www\71\Application\Home\Controller\GameController.class.php 第 119 行.
NOTIC: [8] Use of undefined constant rlieren - assumed 'rlieren' D:\WAMP\wamp\www\71\Application\Home\Controller\GameController.class.php 第 197 行.
SQL: UPDATE `langrensha` SET `rlieren`='0' WHERE `fangjianhao` = 8894 [ RunTime:0.0190s ]
NOTIC: [8] Use of undefined constant 号房 - assumed '号房' D:\WAMP\wamp\www\71\Application\Home\Controller\GameController.class.php 第 223 行.
INFO: [ view_parse ] --START--
INFO: [ template_filter ] --START--
INFO: Run Behavior\ContentReplaceBehavior [ RunTime:0.000000s ]
INFO: [ template_filter ] --END-- [ RunTime:0.000000s ]
INFO: Run Behavior\ParseTemplateBehavior [ RunTime:0.018001s ]
INFO: [ view_parse ] --END-- [ RunTime:0.018001s ]
INFO: [ view_filter ] --START--
INFO: Run Behavior\WriteHtmlCacheBehavior [ RunTime:0.001000s ]
INFO: [ view_filter ] --END-- [ RunTime:0.001000s ]
INFO: [ app_end ] --START--
INFO: Run Behavior\ShowPageTraceBehavior [ RunTime:0.001000s ]
INFO: [ app_end ] --END-- [ RunTime:0.001000s ]

[ 2017-03-20T11:02:09+08:00 ] ::1 /71/index.php/Home/Game/fangjiannum.html
INFO: [ app_init ] --START--
INFO: Run Behavior\BuildLiteBehavior [ RunTime:0.000000s ]
INFO: [ app_init ] --END-- [ RunTime:0.001000s ]
INFO: [ app_begin ] --START--
INFO: Run Behavior\ReadHtmlCacheBehavior [ RunTime:0.001000s ]
INFO: [ app_begin ] --END-- [ RunTime:0.001000s ]
SQL: SHOW COLUMNS FROM `langrensha` [ RunTime:0.0040s ]
SQL: SHOW COLUMNS FROM `shenfen` [ RunTime:0.0130s ]
SQL: SHOW COLUMNS FROM `siren` [ RunTime:0.0030s ]
SQL: SHOW COLUMNS FROM `meiyesiren` [ RunTime:0.0030s ]
SQL: SHOW COLUMNS FROM `dijitian` [ RunTime:0.0030s ]
SQL: INSERT INTO `langrensha` (`fangjianhao`,`cunmin`,`langren`,`nvwu`,`yyj`,`lieren`,`rcunmin`,`rlangren`,`rnvwu`,`ryyj`,`rlieren`) VALUES ('9157','2','1','1','1','1','2','1','1','1','1') [ RunTime:0.0330s ]
SQL: INSERT INTO `shenfen` (`fangjianhao`) VALUES ('9157') [ RunTime:0.0600s ]
SQL: INSERT INTO `siren` (`fangjianhao`) VALUES ('9157') [ RunTime:0.0420s ]
SQL: INSERT INTO `meiyesiren` (`fangjianhao`) VALUES ('9157') [ RunTime:0.0570s ]
SQL: INSERT INTO `dijitian` (`fangjianhao`) VALUES ('9157') [ RunTime:0.0410s ]
SQL: SELECT * FROM `langrensha` WHERE ( fangjianhao='9157' ) LIMIT 1   [ RunTime:0.0000s ]
INFO: [ view_parse ] --START--
INFO: [ template_filter ] --START--
INFO: Run Behavior\ContentReplaceBehavior [ RunTime:0.000000s ]
INFO: [ template_filter ] --END-- [ RunTime:0.000000s ]
INFO: Run Behavior\ParseTemplateBehavior [ RunTime:0.009000s ]
INFO: [ view_parse ] --END-- [ RunTime:0.009000s ]
INFO: [ view_filter ] --START--
INFO: Run Behavior\WriteHtmlCacheBehavior [ RunTime:0.001000s ]
INFO: [ view_filter ] --END-- [ RunTime:0.001000s ]
INFO: [ app_end ] --START--
INFO: Run Behavior\ShowPageTraceBehavior [ RunTime:0.001000s ]
INFO: [ app_end ] --END-- [ RunTime:0.001000s ]

[ 2017-03-20T11:02:14+08:00 ] ::1 /71/index.php/Home/Game/gamehome/fangjianhao/9157.html
INFO: [ app_init ] --START--
INFO: Run Behavior\BuildLiteBehavior [ RunTime:0.000000s ]
INFO: [ app_init ] --END-- [ RunTime:0.001000s ]
INFO: [ app_begin ] --START--
INFO: Run Behavior\ReadHtmlCacheBehavior [ RunTime:0.001000s ]
INFO: [ app_begin ] --END-- [ RunTime:0.001000s ]
SQL: SHOW COLUMNS FROM `dijitian` [ RunTime:0.0030s ]
SQL: SELECT * FROM `dijitian` WHERE ( fangjianhao='9157' ) LIMIT 1   [ RunTime:0.0010s ]
SQL: UPDATE `dijitian` SET `day`='0' WHERE `fangjianhao` = 9157 [ RunTime:0.0280s ]
SQL: SHOW COLUMNS FROM `langrensha` [ RunTime:0.0030s ]
SQL: SELECT * FROM `langrensha` WHERE ( fangjianhao='9157' ) LIMIT 1   [ RunTime:0.0000s ]
NOTIC: [8] Use of undefined constant rcunmin - assumed 'rcunmin' D:\WAMP\wamp\www\71\Application\Home\Controller\GameController.class.php 第 113 行.
NOTIC: [8] Use of undefined constant rlangren - assumed 'rlangren' D:\WAMP\wamp\www\71\Application\Home\Controller\GameController.class.php 第 114 行.
NOTIC: [8] Use of undefined constant rnvwu - assumed 'rnvwu' D:\WAMP\wamp\www\71\Application\Home\Controller\GameController.class.php 第 115 行.
NOTIC: [8] Use of undefined constant ryyj - assumed 'ryyj' D:\WAMP\wamp\www\71\Application\Home\Controller\GameController.class.php 第 116 行.
NOTIC: [8] Use of undefined constant rlieren - assumed 'rlieren' D:\WAMP\wamp\www\71\Application\Home\Controller\GameController.class.php 第 117 行.
NOTIC: [8] Use of undefined constant rshouwei - assumed 'rshouwei' D:\WAMP\wamp\www\71\Application\Home\Controller\GameController.class.php 第 118 行.
NOTIC: [8] Use of undefined constant rbaichi - assumed 'rbaichi' D:\WAMP\wamp\www\71\Application\Home\Controller\GameController.class.php 第 119 行.
NOTIC: [8] Use of undefined constant rlieren - assumed 'rlieren' D:\WAMP\wamp\www\71\Application\Home\Controller\GameController.class.php 第 197 行.
SQL: UPDATE `langrensha` SET `rlieren`='0' WHERE `fangjianhao` = 9157 [ RunTime:0.0130s ]
NOTIC: [8] Use of undefined constant 号房 - assumed '号房' D:\WAMP\wamp\www\71\Application\Home\Controller\GameController.class.php 第 223 行.
INFO: [ view_parse ] --START--
INFO: [ template_filter ] --START--
INFO: Run Behavior\ContentReplaceBehavior [ RunTime:0.000000s ]
INFO: [ template_filter ] --END-- [ RunTime:0.000000s ]
INFO: Run Behavior\ParseTemplateBehavior [ RunTime:0.008000s ]
INFO: [ view_parse ] --END-- [ RunTime:0.008000s ]
INFO: [ view_filter ] --START--
INFO: Run Behavior\WriteHtmlCacheBehavior [ RunTime:0.001000s ]
INFO: [ view_filter ] --END-- [ RunTime:0.001000s ]
INFO: [ app_end ] --START--
INFO: Run Behavior\ShowPageTraceBehavior [ RunTime:0.001000s ]
INFO: [ app_end ] --END-- [ RunTime:0.001000s ]

[ 2017-03-20T11:02:31+08:00 ] ::1 /71/index.php/Home/Game/fangjiannum.html
INFO: [ app_init ] --START--
INFO: Run Behavior\BuildLiteBehavior [ RunTime:0.000000s ]
INFO: [ app_init ] --END-- [ RunTime:0.000000s ]
INFO: [ app_begin ] --START--
INFO: Run Behavior\ReadHtmlCacheBehavior [ RunTime:0.001000s ]
INFO: [ app_begin ] --END-- [ RunTime:0.001000s ]
SQL: SHOW COLUMNS FROM `langrensha` [ RunTime:0.0030s ]
SQL: SHOW COLUMNS FROM `shenfen` [ RunTime:0.0020s ]
SQL: SHOW COLUMNS FROM `siren` [ RunTime:0.0020s ]
SQL: SHOW COLUMNS FROM `meiyesiren` [ RunTime:0.0020s ]
SQL: SHOW COLUMNS FROM `dijitian` [ RunTime:0.0030s ]
SQL: INSERT INTO `langrensha` (`fangjianhao`,`cunmin`,`langren`,`nvwu`,`yyj`,`lieren`,`rcunmin`,`rlangren`,`rnvwu`,`ryyj`,`rlieren`) VALUES ('6129','2','1','1','1','1','2','1','1','1','1') [ RunTime:0.0530s ]
SQL: INSERT INTO `shenfen` (`fangjianhao`) VALUES ('6129') [ RunTime:0.0180s ]
SQL: INSERT INTO `siren` (`fangjianhao`) VALUES ('6129') [ RunTime:0.0410s ]
SQL: INSERT INTO `meiyesiren` (`fangjianhao`) VALUES ('6129') [ RunTime:0.0230s ]
SQL: INSERT INTO `dijitian` (`fangjianhao`) VALUES ('6129') [ RunTime:0.0230s ]
SQL: SELECT * FROM `langrensha` WHERE ( fangjianhao='6129' ) LIMIT 1   [ RunTime:0.0000s ]
INFO: [ view_parse ] --START--
INFO: [ template_filter ] --START--
INFO: Run Behavior\ContentReplaceBehavior [ RunTime:0.000000s ]
INFO: [ template_filter ] --END-- [ RunTime:0.000000s ]
INFO: Run Behavior\ParseTemplateBehavior [ RunTime:0.008000s ]
INFO: [ view_parse ] --END-- [ RunTime:0.008000s ]
INFO: [ view_filter ] --START--
INFO: Run Behavior\WriteHtmlCacheBehavior [ RunTime:0.000000s ]
INFO: [ view_filter ] --END-- [ RunTime:0.001000s ]
INFO: [ app_end ] --START--
INFO: Run Behavior\ShowPageTraceBehavior [ RunTime:0.000000s ]
INFO: [ app_end ] --END-- [ RunTime:0.000000s ]

[ 2017-03-20T11:06:47+08:00 ] ::1 /71/index.php/Home/Game/fangjiannum.html
INFO: [ app_init ] --START--
INFO: Run Behavior\BuildLiteBehavior [ RunTime:0.000000s ]
INFO: [ app_init ] --END-- [ RunTime:0.000000s ]
INFO: [ app_begin ] --START--
INFO: Run Behavior\ReadHtmlCacheBehavior [ RunTime:0.001000s ]
INFO: [ app_begin ] --END-- [ RunTime:0.001000s ]
SQL: SHOW COLUMNS FROM `langrensha` [ RunTime:0.0030s ]
SQL: SHOW COLUMNS FROM `shenfen` [ RunTime:0.0030s ]
SQL: SHOW COLUMNS FROM `siren` [ RunTime:0.0030s ]
SQL: SHOW COLUMNS FROM `meiyesiren` [ RunTime:0.0030s ]
SQL: SHOW COLUMNS FROM `dijitian` [ RunTime:0.0030s ]
SQL: INSERT INTO `langrensha` (`fangjianhao`,`cunmin`,`langren`,`nvwu`,`yyj`,`lieren`,`rcunmin`,`rlangren`,`rnvwu`,`ryyj`,`rlieren`) VALUES ('2695','2','1','1','1','1','2','1','1','1','1') [ RunTime:0.0240s ]
SQL: INSERT INTO `shenfen` (`fangjianhao`) VALUES ('2695') [ RunTime:0.0500s ]
SQL: INSERT INTO `siren` (`fangjianhao`) VALUES ('2695') [ RunTime:0.0230s ]
SQL: INSERT INTO `meiyesiren` (`fangjianhao`) VALUES ('2695') [ RunTime:0.0180s ]
SQL: INSERT INTO `dijitian` (`fangjianhao`) VALUES ('2695') [ RunTime:0.0220s ]
SQL: SELECT * FROM `langrensha` WHERE ( fangjianhao='2695' ) LIMIT 1   [ RunTime:0.0010s ]
INFO: [ view_parse ] --START--
INFO: [ template_filter ] --START--
INFO: Run Behavior\ContentReplaceBehavior [ RunTime:0.000000s ]
INFO: [ template_filter ] --END-- [ RunTime:0.000000s ]
INFO: Run Behavior\ParseTemplateBehavior [ RunTime:0.008000s ]
INFO: [ view_parse ] --END-- [ RunTime:0.009000s ]
INFO: [ view_filter ] --START--
INFO: Run Behavior\WriteHtmlCacheBehavior [ RunTime:0.001001s ]
INFO: [ view_filter ] --END-- [ RunTime:0.001001s ]
INFO: [ app_end ] --START--
INFO: Run Behavior\ShowPageTraceBehavior [ RunTime:0.001000s ]
INFO: [ app_end ] --END-- [ RunTime:0.001000s ]

