[ 2017-03-02T20:36:10+08:00 ] ::1 /71/index.php
INFO: [ app_init ] --START--
INFO: Run Behavior\BuildLiteBehavior [ RunTime:0.000000s ]
INFO: [ app_init ] --END-- [ RunTime:0.000000s ]
INFO: [ app_begin ] --START--
INFO: Run Behavior\ReadHtmlCacheBehavior [ RunTime:0.000000s ]
INFO: [ app_begin ] --END-- [ RunTime:0.000000s ]
INFO: [ view_parse ] --START--
INFO: [ template_filter ] --START--
INFO: Run Behavior\ContentReplaceBehavior [ RunTime:0.000000s ]
INFO: [ template_filter ] --END-- [ RunTime:0.000000s ]
NOTIC: [8] Undefined variable: title D:\WAMP\wamp\www\71\Application\Runtime\Cache\Home\2a94b8bda04ff446dcedd42276fc99ee.php 第 20 行.
NOTIC: [8] Undefined index: user D:\WAMP\wamp\www\71\Application\Runtime\Cache\Home\2a94b8bda04ff446dcedd42276fc99ee.php 第 117 行.
INFO: Run Behavior\ParseTemplateBehavior [ RunTime:0.007001s ]
INFO: [ view_parse ] --END-- [ RunTime:0.007001s ]
INFO: [ view_filter ] --START--
INFO: Run Behavior\WriteHtmlCacheBehavior [ RunTime:0.001000s ]
INFO: [ view_filter ] --END-- [ RunTime:0.001000s ]
INFO: [ app_end ] --START--
INFO: Run Behavior\ShowPageTraceBehavior [ RunTime:0.000000s ]
INFO: [ app_end ] --END-- [ RunTime:0.001000s ]

[ 2017-03-02T20:36:12+08:00 ] ::1 /71/index.php/Home/Game/index.html
INFO: [ app_init ] --START--
INFO: Run Behavior\BuildLiteBehavior [ RunTime:0.000000s ]
INFO: [ app_init ] --END-- [ RunTime:0.000000s ]
INFO: [ app_begin ] --START--
INFO: Run Behavior\ReadHtmlCacheBehavior [ RunTime:0.001000s ]
INFO: [ app_begin ] --END-- [ RunTime:0.001000s ]
INFO: [ view_parse ] --START--
INFO: [ template_filter ] --START--
INFO: Run Behavior\ContentReplaceBehavior [ RunTime:0.000000s ]
INFO: [ template_filter ] --END-- [ RunTime:0.000000s ]
NOTIC: [8] Undefined variable: title D:\WAMP\wamp\www\71\Application\Runtime\Cache\Home\9b4ac15774870dbabc3db513ede28689.php 第 20 行.
INFO: Run Behavior\ParseTemplateBehavior [ RunTime:0.006000s ]
INFO: [ view_parse ] --END-- [ RunTime:0.007000s ]
INFO: [ view_filter ] --START--
INFO: Run Behavior\WriteHtmlCacheBehavior [ RunTime:0.000000s ]
INFO: [ view_filter ] --END-- [ RunTime:0.000000s ]
INFO: [ app_end ] --START--
INFO: Run Behavior\ShowPageTraceBehavior [ RunTime:0.001000s ]
INFO: [ app_end ] --END-- [ RunTime:0.001000s ]

[ 2017-03-02T20:36:20+08:00 ] ::1 /71/index.php/Home/Index/index.html
INFO: [ app_init ] --START--
INFO: Run Behavior\BuildLiteBehavior [ RunTime:0.000000s ]
INFO: [ app_init ] --END-- [ RunTime:0.000000s ]
INFO: [ app_begin ] --START--
INFO: Run Behavior\ReadHtmlCacheBehavior [ RunTime:0.001000s ]
INFO: [ app_begin ] --END-- [ RunTime:0.002000s ]
INFO: [ view_parse ] --START--
INFO: [ template_filter ] --START--
INFO: Run Behavior\ContentReplaceBehavior [ RunTime:0.000000s ]
INFO: [ template_filter ] --END-- [ RunTime:0.000000s ]
NOTIC: [8] Undefined variable: title D:\WAMP\wamp\www\71\Application\Runtime\Cache\Home\2a94b8bda04ff446dcedd42276fc99ee.php 第 20 行.
NOTIC: [8] Undefined index: user D:\WAMP\wamp\www\71\Application\Runtime\Cache\Home\2a94b8bda04ff446dcedd42276fc99ee.php 第 117 行.
INFO: Run Behavior\ParseTemplateBehavior [ RunTime:0.011001s ]
INFO: [ view_parse ] --END-- [ RunTime:0.011001s ]
INFO: [ view_filter ] --START--
INFO: Run Behavior\WriteHtmlCacheBehavior [ RunTime:0.000000s ]
INFO: [ view_filter ] --END-- [ RunTime:0.000000s ]
INFO: [ app_end ] --START--
INFO: Run Behavior\ShowPageTraceBehavior [ RunTime:0.001000s ]
INFO: [ app_end ] --END-- [ RunTime:0.001000s ]

[ 2017-03-02T20:36:20+08:00 ] ::1 /71/index.php/Home/Game/index.html
INFO: [ app_init ] --START--
INFO: Run Behavior\BuildLiteBehavior [ RunTime:0.000000s ]
INFO: [ app_init ] --END-- [ RunTime:0.001000s ]
INFO: [ app_begin ] --START--
INFO: Run Behavior\ReadHtmlCacheBehavior [ RunTime:0.001001s ]
INFO: [ app_begin ] --END-- [ RunTime:0.001001s ]
INFO: [ view_parse ] --START--
INFO: [ template_filter ] --START--
INFO: Run Behavior\ContentReplaceBehavior [ RunTime:0.000000s ]
INFO: [ template_filter ] --END-- [ RunTime:0.000000s ]
NOTIC: [8] Undefined variable: title D:\WAMP\wamp\www\71\Application\Runtime\Cache\Home\9b4ac15774870dbabc3db513ede28689.php 第 20 行.
INFO: Run Behavior\ParseTemplateBehavior [ RunTime:0.008000s ]
INFO: [ view_parse ] --END-- [ RunTime:0.008000s ]
INFO: [ view_filter ] --START--
INFO: Run Behavior\WriteHtmlCacheBehavior [ RunTime:0.000000s ]
INFO: [ view_filter ] --END-- [ RunTime:0.000000s ]
INFO: [ app_end ] --START--
INFO: Run Behavior\ShowPageTraceBehavior [ RunTime:0.001000s ]
INFO: [ app_end ] --END-- [ RunTime:0.001000s ]

[ 2017-03-02T20:36:27+08:00 ] ::1 /71/index.php/Home/Game/kaifang.html
INFO: [ app_init ] --START--
INFO: Run Behavior\BuildLiteBehavior [ RunTime:0.000000s ]
INFO: [ app_init ] --END-- [ RunTime:0.001000s ]
INFO: [ app_begin ] --START--
INFO: Run Behavior\ReadHtmlCacheBehavior [ RunTime:0.002000s ]
INFO: [ app_begin ] --END-- [ RunTime:0.002000s ]
INFO: [ view_parse ] --START--
INFO: [ template_filter ] --START--
INFO: Run Behavior\ContentReplaceBehavior [ RunTime:0.001001s ]
INFO: [ template_filter ] --END-- [ RunTime:0.001001s ]
NOTIC: [8] Undefined variable: title D:\WAMP\wamp\www\71\Application\Runtime\Cache\Home\f684d0b8e7f52fbdd496208cb8e3218a.php 第 20 行.
INFO: Run Behavior\ParseTemplateBehavior [ RunTime:0.009001s ]
INFO: [ view_parse ] --END-- [ RunTime:0.009001s ]
INFO: [ view_filter ] --START--
INFO: Run Behavior\WriteHtmlCacheBehavior [ RunTime:0.000000s ]
INFO: [ view_filter ] --END-- [ RunTime:0.001000s ]
INFO: [ app_end ] --START--
INFO: Run Behavior\ShowPageTraceBehavior [ RunTime:0.001000s ]
INFO: [ app_end ] --END-- [ RunTime:0.001000s ]

[ 2017-03-02T20:36:31+08:00 ] ::1 /71/index.php/Home/Game/fangjiannum.html
INFO: [ app_init ] --START--
INFO: Run Behavior\BuildLiteBehavior [ RunTime:0.000000s ]
INFO: [ app_init ] --END-- [ RunTime:0.001000s ]
INFO: [ app_begin ] --START--
INFO: Run Behavior\ReadHtmlCacheBehavior [ RunTime:0.001000s ]
INFO: [ app_begin ] --END-- [ RunTime:0.001000s ]
SQL: SHOW COLUMNS FROM `langrensha` [ RunTime:0.0240s ]
SQL: SHOW COLUMNS FROM `shenfen` [ RunTime:0.0120s ]
SQL: SHOW COLUMNS FROM `siren` [ RunTime:0.0100s ]
SQL: SHOW COLUMNS FROM `meiyesiren` [ RunTime:0.0160s ]
SQL: SHOW COLUMNS FROM `dijitian` [ RunTime:0.0240s ]
SQL: INSERT INTO `langrensha` (`fangjianhao`,`cunmin`,`langren`,`nvwu`,`yyj`,`lieren`,`rcunmin`,`rlangren`,`rnvwu`,`ryyj`,`rlieren`) VALUES ('7137','2','1','1','1','1','2','1','1','1','1') [ RunTime:0.0440s ]
SQL: INSERT INTO `shenfen` (`fangjianhao`) VALUES ('7137') [ RunTime:0.0390s ]
SQL: INSERT INTO `siren` (`fangjianhao`) VALUES ('7137') [ RunTime:0.0510s ]
SQL: INSERT INTO `meiyesiren` (`fangjianhao`) VALUES ('7137') [ RunTime:0.0420s ]
SQL: INSERT INTO `dijitian` (`fangjianhao`) VALUES ('7137') [ RunTime:0.0400s ]
SQL: SELECT * FROM `langrensha` WHERE ( fangjianhao='7137' ) LIMIT 1   [ RunTime:0.0020s ]
INFO: [ view_parse ] --START--
INFO: [ template_filter ] --START--
INFO: Run Behavior\ContentReplaceBehavior [ RunTime:0.000000s ]
INFO: [ template_filter ] --END-- [ RunTime:0.001001s ]
INFO: Run Behavior\ParseTemplateBehavior [ RunTime:0.027002s ]
INFO: [ view_parse ] --END-- [ RunTime:0.028002s ]
INFO: [ view_filter ] --START--
INFO: Run Behavior\WriteHtmlCacheBehavior [ RunTime:0.001000s ]
INFO: [ view_filter ] --END-- [ RunTime:0.001000s ]
INFO: [ app_end ] --START--
INFO: Run Behavior\ShowPageTraceBehavior [ RunTime:0.001000s ]
INFO: [ app_end ] --END-- [ RunTime:0.001000s ]

[ 2017-03-02T20:36:45+08:00 ] ::1 /71/index.php/Home/Index/index.html
INFO: [ app_init ] --START--
INFO: Run Behavior\BuildLiteBehavior [ RunTime:0.000000s ]
INFO: [ app_init ] --END-- [ RunTime:0.000000s ]
INFO: [ app_begin ] --START--
INFO: Run Behavior\ReadHtmlCacheBehavior [ RunTime:0.001000s ]
INFO: [ app_begin ] --END-- [ RunTime:0.001000s ]
INFO: [ view_parse ] --START--
INFO: [ template_filter ] --START--
INFO: Run Behavior\ContentReplaceBehavior [ RunTime:0.000000s ]
INFO: [ template_filter ] --END-- [ RunTime:0.001000s ]
NOTIC: [8] Undefined variable: title D:\WAMP\wamp\www\71\Application\Runtime\Cache\Home\2a94b8bda04ff446dcedd42276fc99ee.php 第 20 行.
NOTIC: [8] Undefined index: user D:\WAMP\wamp\www\71\Application\Runtime\Cache\Home\2a94b8bda04ff446dcedd42276fc99ee.php 第 117 行.
INFO: Run Behavior\ParseTemplateBehavior [ RunTime:0.009001s ]
INFO: [ view_parse ] --END-- [ RunTime:0.010001s ]
INFO: [ view_filter ] --START--
INFO: Run Behavior\WriteHtmlCacheBehavior [ RunTime:0.000000s ]
INFO: [ view_filter ] --END-- [ RunTime:0.001000s ]
INFO: [ app_end ] --START--
INFO: Run Behavior\ShowPageTraceBehavior [ RunTime:0.000000s ]
INFO: [ app_end ] --END-- [ RunTime:0.000000s ]

[ 2017-03-02T20:36:46+08:00 ] ::1 /71/index.php/Home/Game/index.html
INFO: [ app_init ] --START--
INFO: Run Behavior\BuildLiteBehavior [ RunTime:0.000000s ]
INFO: [ app_init ] --END-- [ RunTime:0.000000s ]
INFO: [ app_begin ] --START--
INFO: Run Behavior\ReadHtmlCacheBehavior [ RunTime:0.001000s ]
INFO: [ app_begin ] --END-- [ RunTime:0.001000s ]
INFO: [ view_parse ] --START--
INFO: [ template_filter ] --START--
INFO: Run Behavior\ContentReplaceBehavior [ RunTime:0.000000s ]
INFO: [ template_filter ] --END-- [ RunTime:0.000000s ]
NOTIC: [8] Undefined variable: title D:\WAMP\wamp\www\71\Application\Runtime\Cache\Home\9b4ac15774870dbabc3db513ede28689.php 第 20 行.
INFO: Run Behavior\ParseTemplateBehavior [ RunTime:0.006000s ]
INFO: [ view_parse ] --END-- [ RunTime:0.006000s ]
INFO: [ view_filter ] --START--
INFO: Run Behavior\WriteHtmlCacheBehavior [ RunTime:0.001000s ]
INFO: [ view_filter ] --END-- [ RunTime:0.001000s ]
INFO: [ app_end ] --START--
INFO: Run Behavior\ShowPageTraceBehavior [ RunTime:0.000000s ]
INFO: [ app_end ] --END-- [ RunTime:0.000000s ]

[ 2017-03-02T20:36:47+08:00 ] ::1 /71/index.php/Home/Game/jinfang.html
INFO: [ app_init ] --START--
INFO: Run Behavior\BuildLiteBehavior [ RunTime:0.000000s ]
INFO: [ app_init ] --END-- [ RunTime:0.001000s ]
INFO: [ app_begin ] --START--
INFO: Run Behavior\ReadHtmlCacheBehavior [ RunTime:0.001000s ]
INFO: [ app_begin ] --END-- [ RunTime:0.001000s ]
INFO: [ view_parse ] --START--
INFO: [ template_filter ] --START--
INFO: Run Behavior\ContentReplaceBehavior [ RunTime:0.000000s ]
INFO: [ template_filter ] --END-- [ RunTime:0.000000s ]
INFO: Run Behavior\ParseTemplateBehavior [ RunTime:0.008000s ]
INFO: [ view_parse ] --END-- [ RunTime:0.008000s ]
INFO: [ view_filter ] --START--
INFO: Run Behavior\WriteHtmlCacheBehavior [ RunTime:0.000000s ]
INFO: [ view_filter ] --END-- [ RunTime:0.001000s ]
INFO: [ app_end ] --START--
INFO: Run Behavior\ShowPageTraceBehavior [ RunTime:0.000000s ]
INFO: [ app_end ] --END-- [ RunTime:0.000000s ]

[ 2017-03-02T20:36:49+08:00 ] ::1 /71/index.php/Home/Index/index.html
INFO: [ app_init ] --START--
INFO: Run Behavior\BuildLiteBehavior [ RunTime:0.000000s ]
INFO: [ app_init ] --END-- [ RunTime:0.001000s ]
INFO: [ app_begin ] --START--
INFO: Run Behavior\ReadHtmlCacheBehavior [ RunTime:0.001000s ]
INFO: [ app_begin ] --END-- [ RunTime:0.001000s ]
INFO: [ view_parse ] --START--
INFO: [ template_filter ] --START--
INFO: Run Behavior\ContentReplaceBehavior [ RunTime:0.000000s ]
INFO: [ template_filter ] --END-- [ RunTime:0.000000s ]
NOTIC: [8] Undefined variable: title D:\WAMP\wamp\www\71\Application\Runtime\Cache\Home\2a94b8bda04ff446dcedd42276fc99ee.php 第 20 行.
NOTIC: [8] Undefined index: user D:\WAMP\wamp\www\71\Application\Runtime\Cache\Home\2a94b8bda04ff446dcedd42276fc99ee.php 第 117 行.
INFO: Run Behavior\ParseTemplateBehavior [ RunTime:0.007000s ]
INFO: [ view_parse ] --END-- [ RunTime:0.008000s ]
INFO: [ view_filter ] --START--
INFO: Run Behavior\WriteHtmlCacheBehavior [ RunTime:0.000000s ]
INFO: [ view_filter ] --END-- [ RunTime:0.000000s ]
INFO: [ app_end ] --START--
INFO: Run Behavior\ShowPageTraceBehavior [ RunTime:0.001000s ]
INFO: [ app_end ] --END-- [ RunTime:0.001000s ]

[ 2017-03-02T20:36:49+08:00 ] ::1 /71/index.php/Home/Game/index.html
INFO: [ app_init ] --START--
INFO: Run Behavior\BuildLiteBehavior [ RunTime:0.000000s ]
INFO: [ app_init ] --END-- [ RunTime:0.000000s ]
INFO: [ app_begin ] --START--
INFO: Run Behavior\ReadHtmlCacheBehavior [ RunTime:0.000000s ]
INFO: [ app_begin ] --END-- [ RunTime:0.001000s ]
INFO: [ view_parse ] --START--
INFO: [ template_filter ] --START--
INFO: Run Behavior\ContentReplaceBehavior [ RunTime:0.000000s ]
INFO: [ template_filter ] --END-- [ RunTime:0.001000s ]
NOTIC: [8] Undefined variable: title D:\WAMP\wamp\www\71\Application\Runtime\Cache\Home\9b4ac15774870dbabc3db513ede28689.php 第 20 行.
INFO: Run Behavior\ParseTemplateBehavior [ RunTime:0.007000s ]
INFO: [ view_parse ] --END-- [ RunTime:0.009001s ]
INFO: [ view_filter ] --START--
INFO: Run Behavior\WriteHtmlCacheBehavior [ RunTime:0.000000s ]
INFO: [ view_filter ] --END-- [ RunTime:0.000000s ]
INFO: [ app_end ] --START--
INFO: Run Behavior\ShowPageTraceBehavior [ RunTime:0.001000s ]
INFO: [ app_end ] --END-- [ RunTime:0.001000s ]

[ 2017-03-02T20:36:51+08:00 ] ::1 /71/index.php/Home/Game/kaifang.html
INFO: [ app_init ] --START--
INFO: Run Behavior\BuildLiteBehavior [ RunTime:0.000000s ]
INFO: [ app_init ] --END-- [ RunTime:0.001000s ]
INFO: [ app_begin ] --START--
INFO: Run Behavior\ReadHtmlCacheBehavior [ RunTime:0.001000s ]
INFO: [ app_begin ] --END-- [ RunTime:0.002000s ]
INFO: [ view_parse ] --START--
INFO: [ template_filter ] --START--
INFO: Run Behavior\ContentReplaceBehavior [ RunTime:0.001000s ]
INFO: [ template_filter ] --END-- [ RunTime:0.001000s ]
NOTIC: [8] Undefined variable: title D:\WAMP\wamp\www\71\Application\Runtime\Cache\Home\f684d0b8e7f52fbdd496208cb8e3218a.php 第 20 行.
INFO: Run Behavior\ParseTemplateBehavior [ RunTime:0.008001s ]
INFO: [ view_parse ] --END-- [ RunTime:0.008001s ]
INFO: [ view_filter ] --START--
INFO: Run Behavior\WriteHtmlCacheBehavior [ RunTime:0.001000s ]
INFO: [ view_filter ] --END-- [ RunTime:0.002000s ]
INFO: [ app_end ] --START--
INFO: Run Behavior\ShowPageTraceBehavior [ RunTime:0.000000s ]
INFO: [ app_end ] --END-- [ RunTime:0.000000s ]

[ 2017-03-02T20:36:52+08:00 ] ::1 /71/index.php/Home/Game/fangjiannum.html
INFO: [ app_init ] --START--
INFO: Run Behavior\BuildLiteBehavior [ RunTime:0.000000s ]
INFO: [ app_init ] --END-- [ RunTime:0.001000s ]
INFO: [ app_begin ] --START--
INFO: Run Behavior\ReadHtmlCacheBehavior [ RunTime:0.001000s ]
INFO: [ app_begin ] --END-- [ RunTime:0.001000s ]
SQL: SHOW COLUMNS FROM `langrensha` [ RunTime:0.0030s ]
SQL: SHOW COLUMNS FROM `shenfen` [ RunTime:0.0040s ]
SQL: SHOW COLUMNS FROM `siren` [ RunTime:0.0030s ]
SQL: SHOW COLUMNS FROM `meiyesiren` [ RunTime:0.0020s ]
SQL: SHOW COLUMNS FROM `dijitian` [ RunTime:0.0020s ]
SQL: INSERT INTO `langrensha` (`fangjianhao`,`cunmin`,`langren`,`nvwu`,`yyj`,`lieren`,`rcunmin`,`rlangren`,`rnvwu`,`ryyj`,`rlieren`) VALUES ('2708','2','1','1','1','1','2','1','1','1','1') [ RunTime:0.0460s ]
SQL: INSERT INTO `shenfen` (`fangjianhao`) VALUES ('2708') [ RunTime:0.0320s ]
SQL: INSERT INTO `siren` (`fangjianhao`) VALUES ('2708') [ RunTime:0.0410s ]
SQL: INSERT INTO `meiyesiren` (`fangjianhao`) VALUES ('2708') [ RunTime:0.0400s ]
SQL: INSERT INTO `dijitian` (`fangjianhao`) VALUES ('2708') [ RunTime:0.0330s ]
SQL: SELECT * FROM `langrensha` WHERE ( fangjianhao='2708' ) LIMIT 1   [ RunTime:0.0000s ]
INFO: [ view_parse ] --START--
INFO: [ template_filter ] --START--
INFO: Run Behavior\ContentReplaceBehavior [ RunTime:0.000000s ]
INFO: [ template_filter ] --END-- [ RunTime:0.001000s ]
INFO: Run Behavior\ParseTemplateBehavior [ RunTime:0.015001s ]
INFO: [ view_parse ] --END-- [ RunTime:0.016001s ]
INFO: [ view_filter ] --START--
INFO: Run Behavior\WriteHtmlCacheBehavior [ RunTime:0.000000s ]
INFO: [ view_filter ] --END-- [ RunTime:0.001000s ]
INFO: [ app_end ] --START--
INFO: Run Behavior\ShowPageTraceBehavior [ RunTime:0.001000s ]
INFO: [ app_end ] --END-- [ RunTime:0.001000s ]

[ 2017-03-02T20:36:55+08:00 ] ::1 /71/index.php/Home/Game/gamehome/fangjianhao/2708.html
INFO: [ app_init ] --START--
INFO: Run Behavior\BuildLiteBehavior [ RunTime:0.000000s ]
INFO: [ app_init ] --END-- [ RunTime:0.001001s ]
INFO: [ app_begin ] --START--
INFO: Run Behavior\ReadHtmlCacheBehavior [ RunTime:0.001000s ]
INFO: [ app_begin ] --END-- [ RunTime:0.001000s ]
SQL: SHOW COLUMNS FROM `dijitian` [ RunTime:0.0020s ]
SQL: SELECT * FROM `dijitian` WHERE ( fangjianhao='2708' ) LIMIT 1   [ RunTime:0.0010s ]
SQL: UPDATE `dijitian` SET `day`='0' WHERE `fangjianhao` = 2708 [ RunTime:0.0590s ]
SQL: SHOW COLUMNS FROM `langrensha` [ RunTime:0.0080s ]
SQL: SELECT * FROM `langrensha` WHERE ( fangjianhao='2708' ) LIMIT 1   [ RunTime:0.0010s ]
NOTIC: [8] Use of undefined constant rcunmin - assumed 'rcunmin' D:\WAMP\wamp\www\71\Application\Home\Controller\GameController.class.php 第 113 行.
NOTIC: [8] Use of undefined constant rlangren - assumed 'rlangren' D:\WAMP\wamp\www\71\Application\Home\Controller\GameController.class.php 第 114 行.
NOTIC: [8] Use of undefined constant rnvwu - assumed 'rnvwu' D:\WAMP\wamp\www\71\Application\Home\Controller\GameController.class.php 第 115 行.
NOTIC: [8] Use of undefined constant ryyj - assumed 'ryyj' D:\WAMP\wamp\www\71\Application\Home\Controller\GameController.class.php 第 116 行.
NOTIC: [8] Use of undefined constant rlieren - assumed 'rlieren' D:\WAMP\wamp\www\71\Application\Home\Controller\GameController.class.php 第 117 行.
NOTIC: [8] Use of undefined constant rshouwei - assumed 'rshouwei' D:\WAMP\wamp\www\71\Application\Home\Controller\GameController.class.php 第 118 行.
NOTIC: [8] Use of undefined constant rbaichi - assumed 'rbaichi' D:\WAMP\wamp\www\71\Application\Home\Controller\GameController.class.php 第 119 行.
NOTIC: [8] Use of undefined constant rnvwu - assumed 'rnvwu' D:\WAMP\wamp\www\71\Application\Home\Controller\GameController.class.php 第 181 行.
SQL: UPDATE `langrensha` SET `rnvwu`='0' WHERE `fangjianhao` = 2708 [ RunTime:0.0690s ]
NOTIC: [8] Use of undefined constant 号房 - assumed '号房' D:\WAMP\wamp\www\71\Application\Home\Controller\GameController.class.php 第 223 行.
INFO: [ view_parse ] --START--
INFO: [ template_filter ] --START--
INFO: Run Behavior\ContentReplaceBehavior [ RunTime:0.000000s ]
INFO: [ template_filter ] --END-- [ RunTime:0.000000s ]
INFO: Run Behavior\ParseTemplateBehavior [ RunTime:0.023002s ]
INFO: [ view_parse ] --END-- [ RunTime:0.024002s ]
INFO: [ view_filter ] --START--
INFO: Run Behavior\WriteHtmlCacheBehavior [ RunTime:0.001000s ]
INFO: [ view_filter ] --END-- [ RunTime:0.001000s ]
INFO: [ app_end ] --START--
INFO: Run Behavior\ShowPageTraceBehavior [ RunTime:0.001000s ]
INFO: [ app_end ] --END-- [ RunTime:0.001000s ]

[ 2017-03-02T20:36:58+08:00 ] ::1 /71/index.php/Home/Game/shenfen.html
INFO: [ app_init ] --START--
INFO: Run Behavior\BuildLiteBehavior [ RunTime:0.000000s ]
INFO: [ app_init ] --END-- [ RunTime:0.001000s ]
INFO: [ app_begin ] --START--
INFO: Run Behavior\ReadHtmlCacheBehavior [ RunTime:0.001000s ]
INFO: [ app_begin ] --END-- [ RunTime:0.001000s ]
SQL: SHOW COLUMNS FROM `shenfen` [ RunTime:0.0040s ]
SQL: SELECT * FROM `shenfen` WHERE ( fangjianhao='2708' ) LIMIT 1   [ RunTime:0.0000s ]
SQL: UPDATE `shenfen` SET `[1]`='女巫',`[2]`='',`[3]`='',`[4]`='',`[5]`='',`[6]`='',`[7]`='',`[8]`='',`[9]`='',`[10]`='',`[11]`='',`[12]`='' WHERE `fangjianhao` = 2708 [ RunTime:0.0250s ]
INFO: [ view_parse ] --START--
INFO: [ template_filter ] --START--
INFO: Run Behavior\ContentReplaceBehavior [ RunTime:0.000000s ]
INFO: [ template_filter ] --END-- [ RunTime:0.001000s ]
INFO: Run Behavior\ParseTemplateBehavior [ RunTime:0.013001s ]
INFO: [ view_parse ] --END-- [ RunTime:0.013001s ]
INFO: [ view_filter ] --START--
INFO: Run Behavior\WriteHtmlCacheBehavior [ RunTime:0.000000s ]
INFO: [ view_filter ] --END-- [ RunTime:0.001000s ]
INFO: [ app_end ] --START--
INFO: Run Behavior\ShowPageTraceBehavior [ RunTime:0.000000s ]
INFO: [ app_end ] --END-- [ RunTime:0.001000s ]

