[ 2017-03-04T09:10:02+08:00 ] ::1 /71/index.php/Home/Game
INFO: [ app_init ] --START--
INFO: Run Behavior\BuildLiteBehavior [ RunTime:0.000000s ]
INFO: [ app_init ] --END-- [ RunTime:0.000000s ]
INFO: [ app_begin ] --START--
INFO: Run Behavior\ReadHtmlCacheBehavior [ RunTime:0.000000s ]
INFO: [ app_begin ] --END-- [ RunTime:0.000000s ]
INFO: [ view_parse ] --START--
INFO: [ template_filter ] --START--
INFO: Run Behavior\ContentReplaceBehavior [ RunTime:0.000000s ]
INFO: [ template_filter ] --END-- [ RunTime:0.000000s ]
NOTIC: [8] Undefined variable: title D:\WAMP\wamp\www\71\Application\Runtime\Cache\Home\9b4ac15774870dbabc3db513ede28689.php 第 22 行.
INFO: Run Behavior\ParseTemplateBehavior [ RunTime:0.006000s ]
INFO: [ view_parse ] --END-- [ RunTime:0.007000s ]
INFO: [ view_filter ] --START--
INFO: Run Behavior\WriteHtmlCacheBehavior [ RunTime:0.001001s ]
INFO: [ view_filter ] --END-- [ RunTime:0.001001s ]
INFO: [ app_end ] --START--
INFO: Run Behavior\ShowPageTraceBehavior [ RunTime:0.000000s ]
INFO: [ app_end ] --END-- [ RunTime:0.000000s ]

[ 2017-03-04T09:10:04+08:00 ] ::1 /71/index.php/Home/Game/kaifang.html
INFO: [ app_init ] --START--
INFO: Run Behavior\BuildLiteBehavior [ RunTime:0.000000s ]
INFO: [ app_init ] --END-- [ RunTime:0.001000s ]
INFO: [ app_begin ] --START--
INFO: Run Behavior\ReadHtmlCacheBehavior [ RunTime:0.001000s ]
INFO: [ app_begin ] --END-- [ RunTime:0.001000s ]
INFO: [ view_parse ] --START--
INFO: [ template_filter ] --START--
INFO: Run Behavior\ContentReplaceBehavior [ RunTime:0.000000s ]
INFO: [ template_filter ] --END-- [ RunTime:0.000000s ]
NOTIC: [8] Undefined variable: title D:\WAMP\wamp\www\71\Application\Runtime\Cache\Home\f684d0b8e7f52fbdd496208cb8e3218a.php 第 22 行.
INFO: Run Behavior\ParseTemplateBehavior [ RunTime:0.009001s ]
INFO: [ view_parse ] --END-- [ RunTime:0.010001s ]
INFO: [ view_filter ] --START--
INFO: Run Behavior\WriteHtmlCacheBehavior [ RunTime:0.000000s ]
INFO: [ view_filter ] --END-- [ RunTime:0.000000s ]
INFO: [ app_end ] --START--
INFO: Run Behavior\ShowPageTraceBehavior [ RunTime:0.001000s ]
INFO: [ app_end ] --END-- [ RunTime:0.001000s ]

[ 2017-03-04T09:10:10+08:00 ] ::1 /71/index.php/Home/Game/fangjiannum.html
INFO: [ app_init ] --START--
INFO: Run Behavior\BuildLiteBehavior [ RunTime:0.000000s ]
INFO: [ app_init ] --END-- [ RunTime:0.001000s ]
INFO: [ app_begin ] --START--
INFO: Run Behavior\ReadHtmlCacheBehavior [ RunTime:0.001000s ]
INFO: [ app_begin ] --END-- [ RunTime:0.002000s ]
SQL: SHOW COLUMNS FROM `langrensha` [ RunTime:0.0030s ]
SQL: SHOW COLUMNS FROM `shenfen` [ RunTime:0.0030s ]
SQL: SHOW COLUMNS FROM `siren` [ RunTime:0.0080s ]
SQL: SHOW COLUMNS FROM `meiyesiren` [ RunTime:0.0030s ]
SQL: SHOW COLUMNS FROM `dijitian` [ RunTime:0.0020s ]
SQL: INSERT INTO `langrensha` (`fangjianhao`,`cunmin`,`langren`,`nvwu`,`yyj`,`lieren`,`rcunmin`,`rlangren`,`rnvwu`,`ryyj`,`rlieren`) VALUES ('8381','2','1','1','1','1','2','1','1','1','1') [ RunTime:0.0340s ]
SQL: INSERT INTO `shenfen` (`fangjianhao`) VALUES ('8381') [ RunTime:0.0570s ]
SQL: INSERT INTO `siren` (`fangjianhao`) VALUES ('8381') [ RunTime:0.0410s ]
SQL: INSERT INTO `meiyesiren` (`fangjianhao`) VALUES ('8381') [ RunTime:0.0380s ]
SQL: INSERT INTO `dijitian` (`fangjianhao`) VALUES ('8381') [ RunTime:0.0260s ]
SQL: SELECT * FROM `langrensha` WHERE ( fangjianhao='8381' ) LIMIT 1   [ RunTime:0.0010s ]
INFO: [ view_parse ] --START--
INFO: [ template_filter ] --START--
INFO: Run Behavior\ContentReplaceBehavior [ RunTime:0.000000s ]
INFO: [ template_filter ] --END-- [ RunTime:0.001000s ]
INFO: Run Behavior\ParseTemplateBehavior [ RunTime:0.029002s ]
INFO: [ view_parse ] --END-- [ RunTime:0.029002s ]
INFO: [ view_filter ] --START--
INFO: Run Behavior\WriteHtmlCacheBehavior [ RunTime:0.001000s ]
INFO: [ view_filter ] --END-- [ RunTime:0.002000s ]
INFO: [ app_end ] --START--
INFO: Run Behavior\ShowPageTraceBehavior [ RunTime:0.002000s ]
INFO: [ app_end ] --END-- [ RunTime:0.003000s ]

[ 2017-03-04T09:10:12+08:00 ] ::1 /71/index.php/Home/Game/gamehome/fangjianhao/8381.html
INFO: [ app_init ] --START--
INFO: Run Behavior\BuildLiteBehavior [ RunTime:0.000000s ]
INFO: [ app_init ] --END-- [ RunTime:0.001000s ]
INFO: [ app_begin ] --START--
INFO: Run Behavior\ReadHtmlCacheBehavior [ RunTime:0.000000s ]
INFO: [ app_begin ] --END-- [ RunTime:0.002000s ]
SQL: SHOW COLUMNS FROM `dijitian` [ RunTime:0.0030s ]
SQL: SELECT * FROM `dijitian` WHERE ( fangjianhao='8381' ) LIMIT 1   [ RunTime:0.0010s ]
SQL: UPDATE `dijitian` SET `day`='0' WHERE `fangjianhao` = 8381 [ RunTime:0.0270s ]
SQL: SHOW COLUMNS FROM `langrensha` [ RunTime:0.0040s ]
SQL: SELECT * FROM `langrensha` WHERE ( fangjianhao='8381' ) LIMIT 1   [ RunTime:0.0010s ]
NOTIC: [8] Use of undefined constant rcunmin - assumed 'rcunmin' D:\WAMP\wamp\www\71\Application\Home\Controller\GameController.class.php 第 113 行.
NOTIC: [8] Use of undefined constant rlangren - assumed 'rlangren' D:\WAMP\wamp\www\71\Application\Home\Controller\GameController.class.php 第 114 行.
NOTIC: [8] Use of undefined constant rnvwu - assumed 'rnvwu' D:\WAMP\wamp\www\71\Application\Home\Controller\GameController.class.php 第 115 行.
NOTIC: [8] Use of undefined constant ryyj - assumed 'ryyj' D:\WAMP\wamp\www\71\Application\Home\Controller\GameController.class.php 第 116 行.
NOTIC: [8] Use of undefined constant rlieren - assumed 'rlieren' D:\WAMP\wamp\www\71\Application\Home\Controller\GameController.class.php 第 117 行.
NOTIC: [8] Use of undefined constant rshouwei - assumed 'rshouwei' D:\WAMP\wamp\www\71\Application\Home\Controller\GameController.class.php 第 118 行.
NOTIC: [8] Use of undefined constant rbaichi - assumed 'rbaichi' D:\WAMP\wamp\www\71\Application\Home\Controller\GameController.class.php 第 119 行.
NOTIC: [8] Use of undefined constant rlangren - assumed 'rlangren' D:\WAMP\wamp\www\71\Application\Home\Controller\GameController.class.php 第 174 行.
SQL: UPDATE `langrensha` SET `rlangren`='0' WHERE `fangjianhao` = 8381 [ RunTime:0.0140s ]
NOTIC: [8] Use of undefined constant 号房 - assumed '号房' D:\WAMP\wamp\www\71\Application\Home\Controller\GameController.class.php 第 223 行.
INFO: [ view_parse ] --START--
INFO: [ template_filter ] --START--
INFO: Run Behavior\ContentReplaceBehavior [ RunTime:0.000000s ]
INFO: [ template_filter ] --END-- [ RunTime:0.000000s ]
INFO: Run Behavior\ParseTemplateBehavior [ RunTime:0.008000s ]
INFO: [ view_parse ] --END-- [ RunTime:0.008000s ]
INFO: [ view_filter ] --START--
INFO: Run Behavior\WriteHtmlCacheBehavior [ RunTime:0.000000s ]
INFO: [ view_filter ] --END-- [ RunTime:0.000000s ]
INFO: [ app_end ] --START--
INFO: Run Behavior\ShowPageTraceBehavior [ RunTime:0.000000s ]
INFO: [ app_end ] --END-- [ RunTime:0.001001s ]

[ 2017-03-04T09:10:20+08:00 ] ::1 /71/index.php/Home/Game/shenfen.html
INFO: [ app_init ] --START--
INFO: Run Behavior\BuildLiteBehavior [ RunTime:0.000000s ]
INFO: [ app_init ] --END-- [ RunTime:0.001000s ]
INFO: [ app_begin ] --START--
INFO: Run Behavior\ReadHtmlCacheBehavior [ RunTime:0.001000s ]
INFO: [ app_begin ] --END-- [ RunTime:0.001000s ]
SQL: SHOW COLUMNS FROM `shenfen` [ RunTime:0.0030s ]
SQL: SELECT * FROM `shenfen` WHERE ( fangjianhao='8381' ) LIMIT 1   [ RunTime:0.0000s ]
SQL: UPDATE `shenfen` SET `[1]`='狼人',`[2]`='',`[3]`='',`[4]`='',`[5]`='',`[6]`='',`[7]`='',`[8]`='',`[9]`='',`[10]`='',`[11]`='',`[12]`='' WHERE `fangjianhao` = 8381 [ RunTime:0.0350s ]
INFO: [ view_parse ] --START--
INFO: [ template_filter ] --START--
INFO: Run Behavior\ContentReplaceBehavior [ RunTime:0.000000s ]
INFO: [ template_filter ] --END-- [ RunTime:0.000000s ]
INFO: Run Behavior\ParseTemplateBehavior [ RunTime:0.022001s ]
INFO: [ view_parse ] --END-- [ RunTime:0.024001s ]
INFO: [ view_filter ] --START--
INFO: Run Behavior\WriteHtmlCacheBehavior [ RunTime:0.001000s ]
INFO: [ view_filter ] --END-- [ RunTime:0.001000s ]
INFO: [ app_end ] --START--
INFO: Run Behavior\ShowPageTraceBehavior [ RunTime:0.001000s ]
INFO: [ app_end ] --END-- [ RunTime:0.002001s ]

[ 2017-03-04T09:10:35+08:00 ] ::1 /71/index.php/Home/Game/shenfen.html
INFO: [ app_init ] --START--
INFO: Run Behavior\BuildLiteBehavior [ RunTime:0.000000s ]
INFO: [ app_init ] --END-- [ RunTime:0.001000s ]
INFO: [ app_begin ] --START--
INFO: Run Behavior\ReadHtmlCacheBehavior [ RunTime:0.000000s ]
INFO: [ app_begin ] --END-- [ RunTime:0.001000s ]
SQL: SHOW COLUMNS FROM `shenfen` [ RunTime:0.0030s ]
SQL: SELECT * FROM `shenfen` WHERE ( fangjianhao='8381' ) LIMIT 1   [ RunTime:0.0000s ]
SQL: UPDATE `shenfen` SET `[1]`='狼人',`[2]`='',`[3]`='',`[4]`='',`[5]`='',`[6]`='',`[7]`='',`[8]`='',`[9]`='',`[10]`='',`[11]`='',`[12]`='' WHERE `fangjianhao` = 8381 [ RunTime:0.0520s ]
INFO: [ view_parse ] --START--
INFO: [ template_filter ] --START--
INFO: Run Behavior\ContentReplaceBehavior [ RunTime:0.000000s ]
INFO: [ template_filter ] --END-- [ RunTime:0.001000s ]
INFO: Run Behavior\ParseTemplateBehavior [ RunTime:0.021001s ]
INFO: [ view_parse ] --END-- [ RunTime:0.022002s ]
INFO: [ view_filter ] --START--
INFO: Run Behavior\WriteHtmlCacheBehavior [ RunTime:0.001000s ]
INFO: [ view_filter ] --END-- [ RunTime:0.001000s ]
INFO: [ app_end ] --START--
INFO: Run Behavior\ShowPageTraceBehavior [ RunTime:0.001000s ]
INFO: [ app_end ] --END-- [ RunTime:0.002000s ]

[ 2017-03-04T09:11:09+08:00 ] ::1 /71/index.php/Home/Game/shenfen.html
INFO: [ app_init ] --START--
INFO: Run Behavior\BuildLiteBehavior [ RunTime:0.000000s ]
INFO: [ app_init ] --END-- [ RunTime:0.001000s ]
INFO: [ app_begin ] --START--
INFO: Run Behavior\ReadHtmlCacheBehavior [ RunTime:0.001000s ]
INFO: [ app_begin ] --END-- [ RunTime:0.001000s ]
SQL: SHOW COLUMNS FROM `shenfen` [ RunTime:0.0040s ]
SQL: SELECT * FROM `shenfen` WHERE ( fangjianhao='8381' ) LIMIT 1   [ RunTime:0.0000s ]
SQL: UPDATE `shenfen` SET `[1]`='狼人',`[2]`='',`[3]`='',`[4]`='',`[5]`='',`[6]`='',`[7]`='',`[8]`='',`[9]`='',`[10]`='',`[11]`='',`[12]`='' WHERE `fangjianhao` = 8381 [ RunTime:0.0270s ]
INFO: [ view_parse ] --START--
INFO: [ template_filter ] --START--
INFO: Run Behavior\ContentReplaceBehavior [ RunTime:0.000000s ]
INFO: [ template_filter ] --END-- [ RunTime:0.001000s ]
INFO: Run Behavior\ParseTemplateBehavior [ RunTime:0.022002s ]
INFO: [ view_parse ] --END-- [ RunTime:0.022002s ]
INFO: [ view_filter ] --START--
INFO: Run Behavior\WriteHtmlCacheBehavior [ RunTime:0.001000s ]
INFO: [ view_filter ] --END-- [ RunTime:0.001000s ]
INFO: [ app_end ] --START--
INFO: Run Behavior\ShowPageTraceBehavior [ RunTime:0.001000s ]
INFO: [ app_end ] --END-- [ RunTime:0.001000s ]

[ 2017-03-04T09:11:22+08:00 ] ::1 /71/index.php/Home/Game/tianliangle.html
INFO: [ app_init ] --START--
INFO: Run Behavior\BuildLiteBehavior [ RunTime:0.000000s ]
INFO: [ app_init ] --END-- [ RunTime:0.001000s ]
INFO: [ app_begin ] --START--
INFO: Run Behavior\ReadHtmlCacheBehavior [ RunTime:0.001000s ]
INFO: [ app_begin ] --END-- [ RunTime:0.001000s ]
SQL: SHOW COLUMNS FROM `meiyesiren` [ RunTime:0.0030s ]
SQL: SHOW COLUMNS FROM `dijitian` [ RunTime:0.0030s ]
SQL: SELECT * FROM `meiyesiren` WHERE ( fangjianhao='8381' ) LIMIT 1   [ RunTime:0.0000s ]
SQL: SELECT * FROM `dijitian` WHERE ( fangjianhao='8381' ) LIMIT 1   [ RunTime:0.0000s ]
NOTIC: [8] Undefined index: [0] D:\WAMP\wamp\www\71\Application\Home\Controller\GameController.class.php 第 646 行.

[ 2017-03-04T09:11:23+08:00 ] ::1 /71/index.php/Home/Game/tianliangle.html
INFO: [ app_init ] --START--
INFO: Run Behavior\BuildLiteBehavior [ RunTime:0.000000s ]
INFO: [ app_init ] --END-- [ RunTime:0.000000s ]
INFO: [ app_begin ] --START--
INFO: Run Behavior\ReadHtmlCacheBehavior [ RunTime:0.000000s ]
INFO: [ app_begin ] --END-- [ RunTime:0.000000s ]
SQL: SHOW COLUMNS FROM `meiyesiren` [ RunTime:0.0040s ]
SQL: SHOW COLUMNS FROM `dijitian` [ RunTime:0.0030s ]
SQL: SELECT * FROM `meiyesiren` WHERE ( fangjianhao='8381' ) LIMIT 1   [ RunTime:0.0010s ]
SQL: SELECT * FROM `dijitian` WHERE ( fangjianhao='8381' ) LIMIT 1   [ RunTime:0.0000s ]
NOTIC: [8] Undefined index: [0] D:\WAMP\wamp\www\71\Application\Home\Controller\GameController.class.php 第 646 行.

[ 2017-03-04T09:16:18+08:00 ] ::1 /71/index.php/Home/Game/gamehome/fangjianhao/8381.html
INFO: [ app_init ] --START--
INFO: Run Behavior\BuildLiteBehavior [ RunTime:0.001000s ]
INFO: [ app_init ] --END-- [ RunTime:0.001000s ]
INFO: [ app_begin ] --START--
INFO: Run Behavior\ReadHtmlCacheBehavior [ RunTime:0.001000s ]
INFO: [ app_begin ] --END-- [ RunTime:0.001000s ]
SQL: SHOW COLUMNS FROM `dijitian` [ RunTime:0.0040s ]
SQL: SELECT * FROM `dijitian` WHERE ( fangjianhao='8381' ) LIMIT 1   [ RunTime:0.0000s ]
SQL: UPDATE `dijitian` SET `day`='0' WHERE `fangjianhao` = 8381 [ RunTime:0.0250s ]
SQL: SHOW COLUMNS FROM `langrensha` [ RunTime:0.0080s ]
SQL: SELECT * FROM `langrensha` WHERE ( fangjianhao='8381' ) LIMIT 1   [ RunTime:0.0010s ]
NOTIC: [8] Use of undefined constant rcunmin - assumed 'rcunmin' D:\WAMP\wamp\www\71\Application\Home\Controller\GameController.class.php 第 113 行.
NOTIC: [8] Use of undefined constant rlangren - assumed 'rlangren' D:\WAMP\wamp\www\71\Application\Home\Controller\GameController.class.php 第 114 行.
NOTIC: [8] Use of undefined constant rnvwu - assumed 'rnvwu' D:\WAMP\wamp\www\71\Application\Home\Controller\GameController.class.php 第 115 行.
NOTIC: [8] Use of undefined constant ryyj - assumed 'ryyj' D:\WAMP\wamp\www\71\Application\Home\Controller\GameController.class.php 第 116 行.
NOTIC: [8] Use of undefined constant rlieren - assumed 'rlieren' D:\WAMP\wamp\www\71\Application\Home\Controller\GameController.class.php 第 117 行.
NOTIC: [8] Use of undefined constant rshouwei - assumed 'rshouwei' D:\WAMP\wamp\www\71\Application\Home\Controller\GameController.class.php 第 118 行.
NOTIC: [8] Use of undefined constant rbaichi - assumed 'rbaichi' D:\WAMP\wamp\www\71\Application\Home\Controller\GameController.class.php 第 119 行.
NOTIC: [8] Use of undefined constant ryyj - assumed 'ryyj' D:\WAMP\wamp\www\71\Application\Home\Controller\GameController.class.php 第 190 行.
SQL: UPDATE `langrensha` SET `ryyj`='0' WHERE `fangjianhao` = 8381 [ RunTime:0.0370s ]
NOTIC: [8] Use of undefined constant 号房 - assumed '号房' D:\WAMP\wamp\www\71\Application\Home\Controller\GameController.class.php 第 223 行.
INFO: [ view_parse ] --START--
INFO: [ template_filter ] --START--
INFO: Run Behavior\ContentReplaceBehavior [ RunTime:0.000000s ]
INFO: [ template_filter ] --END-- [ RunTime:0.001000s ]
INFO: Run Behavior\ParseTemplateBehavior [ RunTime:0.018001s ]
INFO: [ view_parse ] --END-- [ RunTime:0.018001s ]
INFO: [ view_filter ] --START--
INFO: Run Behavior\WriteHtmlCacheBehavior [ RunTime:0.001000s ]
INFO: [ view_filter ] --END-- [ RunTime:0.001000s ]
INFO: [ app_end ] --START--
INFO: Run Behavior\ShowPageTraceBehavior [ RunTime:0.001000s ]
INFO: [ app_end ] --END-- [ RunTime:0.001000s ]

[ 2017-03-04T09:16:18+08:00 ] ::1 /71/index.php/Home/Game/gamehome/fangjianhao/8381.html
INFO: [ app_init ] --START--
INFO: Run Behavior\BuildLiteBehavior [ RunTime:0.000000s ]
INFO: [ app_init ] --END-- [ RunTime:0.000000s ]
INFO: [ app_begin ] --START--
INFO: Run Behavior\ReadHtmlCacheBehavior [ RunTime:0.001000s ]
INFO: [ app_begin ] --END-- [ RunTime:0.001000s ]
SQL: SHOW COLUMNS FROM `dijitian` [ RunTime:0.0190s ]
SQL: SELECT * FROM `dijitian` WHERE ( fangjianhao='8381' ) LIMIT 1   [ RunTime:0.0000s ]
SQL: UPDATE `dijitian` SET `day`='0' WHERE `fangjianhao` = 8381 [ RunTime:0.0300s ]
SQL: SHOW COLUMNS FROM `langrensha` [ RunTime:0.0110s ]
SQL: SELECT * FROM `langrensha` WHERE ( fangjianhao='8381' ) LIMIT 1   [ RunTime:0.0010s ]
NOTIC: [8] Use of undefined constant rcunmin - assumed 'rcunmin' D:\WAMP\wamp\www\71\Application\Home\Controller\GameController.class.php 第 113 行.
NOTIC: [8] Use of undefined constant rlangren - assumed 'rlangren' D:\WAMP\wamp\www\71\Application\Home\Controller\GameController.class.php 第 114 行.
NOTIC: [8] Use of undefined constant rnvwu - assumed 'rnvwu' D:\WAMP\wamp\www\71\Application\Home\Controller\GameController.class.php 第 115 行.
NOTIC: [8] Use of undefined constant ryyj - assumed 'ryyj' D:\WAMP\wamp\www\71\Application\Home\Controller\GameController.class.php 第 116 行.
NOTIC: [8] Use of undefined constant rlieren - assumed 'rlieren' D:\WAMP\wamp\www\71\Application\Home\Controller\GameController.class.php 第 117 行.
NOTIC: [8] Use of undefined constant rshouwei - assumed 'rshouwei' D:\WAMP\wamp\www\71\Application\Home\Controller\GameController.class.php 第 118 行.
NOTIC: [8] Use of undefined constant rbaichi - assumed 'rbaichi' D:\WAMP\wamp\www\71\Application\Home\Controller\GameController.class.php 第 119 行.
NOTIC: [8] Use of undefined constant rnvwu - assumed 'rnvwu' D:\WAMP\wamp\www\71\Application\Home\Controller\GameController.class.php 第 181 行.
SQL: UPDATE `langrensha` SET `rnvwu`='0' WHERE `fangjianhao` = 8381 [ RunTime:0.0170s ]
NOTIC: [8] Use of undefined constant 号房 - assumed '号房' D:\WAMP\wamp\www\71\Application\Home\Controller\GameController.class.php 第 223 行.
INFO: [ view_parse ] --START--
INFO: [ template_filter ] --START--
INFO: Run Behavior\ContentReplaceBehavior [ RunTime:0.001000s ]
INFO: [ template_filter ] --END-- [ RunTime:0.001000s ]
INFO: Run Behavior\ParseTemplateBehavior [ RunTime:0.017001s ]
INFO: [ view_parse ] --END-- [ RunTime:0.017001s ]
INFO: [ view_filter ] --START--
INFO: Run Behavior\WriteHtmlCacheBehavior [ RunTime:0.001000s ]
INFO: [ view_filter ] --END-- [ RunTime:0.001000s ]
INFO: [ app_end ] --START--
INFO: Run Behavior\ShowPageTraceBehavior [ RunTime:0.001000s ]
INFO: [ app_end ] --END-- [ RunTime:0.001000s ]

[ 2017-03-04T09:16:24+08:00 ] ::1 /71/index.php/Home/Game/shenfen.html
INFO: [ app_init ] --START--
INFO: Run Behavior\BuildLiteBehavior [ RunTime:0.000000s ]
INFO: [ app_init ] --END-- [ RunTime:0.001000s ]
INFO: [ app_begin ] --START--
INFO: Run Behavior\ReadHtmlCacheBehavior [ RunTime:0.001000s ]
INFO: [ app_begin ] --END-- [ RunTime:0.001000s ]
SQL: SHOW COLUMNS FROM `shenfen` [ RunTime:0.0030s ]
SQL: SELECT * FROM `shenfen` WHERE ( fangjianhao='8381' ) LIMIT 1   [ RunTime:0.0010s ]
SQL: UPDATE `shenfen` SET `[1]`='狼人',`[2]`='',`[3]`='女巫',`[4]`='',`[5]`='',`[6]`='',`[7]`='',`[8]`='',`[9]`='',`[10]`='',`[11]`='',`[12]`='' WHERE `fangjianhao` = 8381 [ RunTime:0.0280s ]
INFO: [ view_parse ] --START--
INFO: [ template_filter ] --START--
INFO: Run Behavior\ContentReplaceBehavior [ RunTime:0.000000s ]
INFO: [ template_filter ] --END-- [ RunTime:0.001000s ]
INFO: Run Behavior\ParseTemplateBehavior [ RunTime:0.007001s ]
INFO: [ view_parse ] --END-- [ RunTime:0.007001s ]
INFO: [ view_filter ] --START--
INFO: Run Behavior\WriteHtmlCacheBehavior [ RunTime:0.000000s ]
INFO: [ view_filter ] --END-- [ RunTime:0.000000s ]
INFO: [ app_end ] --START--
INFO: Run Behavior\ShowPageTraceBehavior [ RunTime:0.001000s ]
INFO: [ app_end ] --END-- [ RunTime:0.001000s ]

[ 2017-03-04T09:16:31+08:00 ] ::1 /71/index.php/Home/Game/nvwu2.html
INFO: [ app_init ] --START--
INFO: Run Behavior\BuildLiteBehavior [ RunTime:0.001000s ]
INFO: [ app_init ] --END-- [ RunTime:0.001000s ]
INFO: [ app_begin ] --START--
INFO: Run Behavior\ReadHtmlCacheBehavior [ RunTime:0.001000s ]
INFO: [ app_begin ] --END-- [ RunTime:0.001000s ]
SQL: SHOW COLUMNS FROM `siren` [ RunTime:0.0040s ]
SQL: SELECT * FROM `siren` WHERE ( fangjianhao='8381' ) LIMIT 1   [ RunTime:0.0010s ]
NOTIC: [8] Undefined variable: siren D:\WAMP\wamp\www\71\Application\Home\Controller\GameController.class.php 第 324 行.

[ 2017-03-04T09:18:41+08:00 ] ::1 /71/index.php/Home/Game/kaifang.html
INFO: [ app_init ] --START--
INFO: Run Behavior\BuildLiteBehavior [ RunTime:0.000000s ]
INFO: [ app_init ] --END-- [ RunTime:0.001000s ]
INFO: [ app_begin ] --START--
INFO: Run Behavior\ReadHtmlCacheBehavior [ RunTime:0.001000s ]
INFO: [ app_begin ] --END-- [ RunTime:0.001000s ]
INFO: [ view_parse ] --START--
INFO: [ template_filter ] --START--
INFO: Run Behavior\ContentReplaceBehavior [ RunTime:0.000000s ]
INFO: [ template_filter ] --END-- [ RunTime:0.001000s ]
NOTIC: [8] Undefined variable: title D:\WAMP\wamp\www\71\Application\Runtime\Cache\Home\f684d0b8e7f52fbdd496208cb8e3218a.php 第 22 行.
INFO: Run Behavior\ParseTemplateBehavior [ RunTime:0.008001s ]
INFO: [ view_parse ] --END-- [ RunTime:0.008001s ]
INFO: [ view_filter ] --START--
INFO: Run Behavior\WriteHtmlCacheBehavior [ RunTime:0.000000s ]
INFO: [ view_filter ] --END-- [ RunTime:0.000000s ]
INFO: [ app_end ] --START--
INFO: Run Behavior\ShowPageTraceBehavior [ RunTime:0.001000s ]
INFO: [ app_end ] --END-- [ RunTime:0.001000s ]

[ 2017-03-04T09:39:35+08:00 ] ::1 /71/index.php/Home/Game/kaifang.html
INFO: [ app_init ] --START--
INFO: Run Behavior\BuildLiteBehavior [ RunTime:0.000000s ]
INFO: [ app_init ] --END-- [ RunTime:0.001000s ]
INFO: [ app_begin ] --START--
INFO: Run Behavior\ReadHtmlCacheBehavior [ RunTime:0.001000s ]
INFO: [ app_begin ] --END-- [ RunTime:0.001000s ]
INFO: [ view_parse ] --START--
INFO: [ template_filter ] --START--
INFO: Run Behavior\ContentReplaceBehavior [ RunTime:0.000000s ]
INFO: [ template_filter ] --END-- [ RunTime:0.000000s ]
NOTIC: [8] Undefined variable: title D:\WAMP\wamp\www\71\Application\Runtime\Cache\Home\f684d0b8e7f52fbdd496208cb8e3218a.php 第 22 行.
INFO: Run Behavior\ParseTemplateBehavior [ RunTime:0.008001s ]
INFO: [ view_parse ] --END-- [ RunTime:0.008001s ]
INFO: [ view_filter ] --START--
INFO: Run Behavior\WriteHtmlCacheBehavior [ RunTime:0.000000s ]
INFO: [ view_filter ] --END-- [ RunTime:0.000000s ]
INFO: [ app_end ] --START--
INFO: Run Behavior\ShowPageTraceBehavior [ RunTime:0.000000s ]
INFO: [ app_end ] --END-- [ RunTime:0.001000s ]

[ 2017-03-04T09:39:42+08:00 ] ::1 /71/index.php/Home/Game/kaifang.html
INFO: [ app_init ] --START--
INFO: Run Behavior\BuildLiteBehavior [ RunTime:0.000000s ]
INFO: [ app_init ] --END-- [ RunTime:0.001000s ]
INFO: [ app_begin ] --START--
INFO: Run Behavior\ReadHtmlCacheBehavior [ RunTime:0.001000s ]
INFO: [ app_begin ] --END-- [ RunTime:0.001000s ]
INFO: [ view_parse ] --START--
INFO: [ template_filter ] --START--
INFO: Run Behavior\ContentReplaceBehavior [ RunTime:0.000000s ]
INFO: [ template_filter ] --END-- [ RunTime:0.001000s ]
NOTIC: [8] Undefined variable: title D:\WAMP\wamp\www\71\Application\Runtime\Cache\Home\f684d0b8e7f52fbdd496208cb8e3218a.php 第 22 行.
INFO: Run Behavior\ParseTemplateBehavior [ RunTime:0.012001s ]
INFO: [ view_parse ] --END-- [ RunTime:0.012001s ]
INFO: [ view_filter ] --START--
INFO: Run Behavior\WriteHtmlCacheBehavior [ RunTime:0.000000s ]
INFO: [ view_filter ] --END-- [ RunTime:0.001000s ]
INFO: [ app_end ] --START--
INFO: Run Behavior\ShowPageTraceBehavior [ RunTime:0.001000s ]
INFO: [ app_end ] --END-- [ RunTime:0.001000s ]

[ 2017-03-04T09:40:06+08:00 ] ::1 /71/index.php/Home/Game/kaifang.html
INFO: [ app_init ] --START--
INFO: Run Behavior\BuildLiteBehavior [ RunTime:0.000000s ]
INFO: [ app_init ] --END-- [ RunTime:0.001000s ]
INFO: [ app_begin ] --START--
INFO: Run Behavior\ReadHtmlCacheBehavior [ RunTime:0.001000s ]
INFO: [ app_begin ] --END-- [ RunTime:0.001000s ]
INFO: [ view_parse ] --START--
INFO: [ template_filter ] --START--
INFO: Run Behavior\ContentReplaceBehavior [ RunTime:0.000000s ]
INFO: [ template_filter ] --END-- [ RunTime:0.000000s ]
NOTIC: [8] Undefined variable: title D:\WAMP\wamp\www\71\Application\Runtime\Cache\Home\f684d0b8e7f52fbdd496208cb8e3218a.php 第 22 行.
INFO: Run Behavior\ParseTemplateBehavior [ RunTime:0.013001s ]
INFO: [ view_parse ] --END-- [ RunTime:0.013001s ]
INFO: [ view_filter ] --START--
INFO: Run Behavior\WriteHtmlCacheBehavior [ RunTime:0.001000s ]
INFO: [ view_filter ] --END-- [ RunTime:0.001000s ]
INFO: [ app_end ] --START--
INFO: Run Behavior\ShowPageTraceBehavior [ RunTime:0.000000s ]
INFO: [ app_end ] --END-- [ RunTime:0.002000s ]

[ 2017-03-04T10:00:11+08:00 ] ::1 /71/index.php/Home/Game/kaifang.html
INFO: [ app_init ] --START--
INFO: Run Behavior\BuildLiteBehavior [ RunTime:0.000000s ]
INFO: [ app_init ] --END-- [ RunTime:0.001000s ]
INFO: [ app_begin ] --START--
INFO: Run Behavior\ReadHtmlCacheBehavior [ RunTime:0.001000s ]
INFO: [ app_begin ] --END-- [ RunTime:0.002000s ]
INFO: [ view_parse ] --START--
INFO: [ template_filter ] --START--
INFO: Run Behavior\ContentReplaceBehavior [ RunTime:0.000000s ]
INFO: [ template_filter ] --END-- [ RunTime:0.000000s ]
NOTIC: [8] Undefined variable: title D:\WAMP\wamp\www\71\Application\Runtime\Cache\Home\f684d0b8e7f52fbdd496208cb8e3218a.php 第 22 行.
INFO: Run Behavior\ParseTemplateBehavior [ RunTime:0.012001s ]
INFO: [ view_parse ] --END-- [ RunTime:0.012001s ]
INFO: [ view_filter ] --START--
INFO: Run Behavior\WriteHtmlCacheBehavior [ RunTime:0.001000s ]
INFO: [ view_filter ] --END-- [ RunTime:0.001000s ]
INFO: [ app_end ] --START--
INFO: Run Behavior\ShowPageTraceBehavior [ RunTime:0.001000s ]
INFO: [ app_end ] --END-- [ RunTime:0.001000s ]

[ 2017-03-04T10:00:12+08:00 ] ::1 /71/index.php/Home/Game/kaifang.html
INFO: [ app_init ] --START--
INFO: Run Behavior\BuildLiteBehavior [ RunTime:0.000000s ]
INFO: [ app_init ] --END-- [ RunTime:0.002000s ]
INFO: [ app_begin ] --START--
INFO: Run Behavior\ReadHtmlCacheBehavior [ RunTime:0.000000s ]
INFO: [ app_begin ] --END-- [ RunTime:0.001000s ]
INFO: [ view_parse ] --START--
INFO: [ template_filter ] --START--
INFO: Run Behavior\ContentReplaceBehavior [ RunTime:0.000000s ]
INFO: [ template_filter ] --END-- [ RunTime:0.000000s ]
NOTIC: [8] Undefined variable: title D:\WAMP\wamp\www\71\Application\Runtime\Cache\Home\f684d0b8e7f52fbdd496208cb8e3218a.php 第 22 行.
INFO: Run Behavior\ParseTemplateBehavior [ RunTime:0.009001s ]
INFO: [ view_parse ] --END-- [ RunTime:0.009001s ]
INFO: [ view_filter ] --START--
INFO: Run Behavior\WriteHtmlCacheBehavior [ RunTime:0.000000s ]
INFO: [ view_filter ] --END-- [ RunTime:0.000000s ]
INFO: [ app_end ] --START--
INFO: Run Behavior\ShowPageTraceBehavior [ RunTime:0.000000s ]
INFO: [ app_end ] --END-- [ RunTime:0.001000s ]

[ 2017-03-04T10:24:22+08:00 ] ::1 /71/index.php/Home/Game/kaifang.html
INFO: [ app_init ] --START--
INFO: Run Behavior\BuildLiteBehavior [ RunTime:0.000000s ]
INFO: [ app_init ] --END-- [ RunTime:0.001000s ]
INFO: [ app_begin ] --START--
INFO: Run Behavior\ReadHtmlCacheBehavior [ RunTime:0.001000s ]
INFO: [ app_begin ] --END-- [ RunTime:0.001000s ]
INFO: [ view_parse ] --START--
INFO: [ template_filter ] --START--
INFO: Run Behavior\ContentReplaceBehavior [ RunTime:0.000000s ]
INFO: [ template_filter ] --END-- [ RunTime:0.000000s ]
NOTIC: [8] Undefined variable: title D:\WAMP\wamp\www\71\Application\Runtime\Cache\Home\f684d0b8e7f52fbdd496208cb8e3218a.php 第 22 行.
INFO: Run Behavior\ParseTemplateBehavior [ RunTime:0.008001s ]
INFO: [ view_parse ] --END-- [ RunTime:0.009001s ]
INFO: [ view_filter ] --START--
INFO: Run Behavior\WriteHtmlCacheBehavior [ RunTime:0.000000s ]
INFO: [ view_filter ] --END-- [ RunTime:0.000000s ]
INFO: [ app_end ] --START--
INFO: Run Behavior\ShowPageTraceBehavior [ RunTime:0.001000s ]
INFO: [ app_end ] --END-- [ RunTime:0.001000s ]

[ 2017-03-04T10:24:57+08:00 ] ::1 /71/index.php/Home/Game/kaifang.html
INFO: [ app_init ] --START--
INFO: Run Behavior\BuildLiteBehavior [ RunTime:0.000000s ]
INFO: [ app_init ] --END-- [ RunTime:0.000000s ]
INFO: [ app_begin ] --START--
INFO: Run Behavior\ReadHtmlCacheBehavior [ RunTime:0.001000s ]
INFO: [ app_begin ] --END-- [ RunTime:0.001000s ]
INFO: [ view_parse ] --START--
INFO: [ template_filter ] --START--
INFO: Run Behavior\ContentReplaceBehavior [ RunTime:0.001000s ]
INFO: [ template_filter ] --END-- [ RunTime:0.001000s ]
NOTIC: [8] Undefined variable: title D:\WAMP\wamp\www\71\Application\Runtime\Cache\Home\f684d0b8e7f52fbdd496208cb8e3218a.php 第 22 行.
INFO: Run Behavior\ParseTemplateBehavior [ RunTime:0.013001s ]
INFO: [ view_parse ] --END-- [ RunTime:0.013001s ]
INFO: [ view_filter ] --START--
INFO: Run Behavior\WriteHtmlCacheBehavior [ RunTime:0.000000s ]
INFO: [ view_filter ] --END-- [ RunTime:0.000000s ]
INFO: [ app_end ] --START--
INFO: Run Behavior\ShowPageTraceBehavior [ RunTime:0.000000s ]
INFO: [ app_end ] --END-- [ RunTime:0.001000s ]

[ 2017-03-04T10:25:19+08:00 ] ::1 /71/index.php/Home/Game/kaifang.html
INFO: [ app_init ] --START--
INFO: Run Behavior\BuildLiteBehavior [ RunTime:0.000000s ]
INFO: [ app_init ] --END-- [ RunTime:0.000000s ]
INFO: [ app_begin ] --START--
INFO: Run Behavior\ReadHtmlCacheBehavior [ RunTime:0.001000s ]
INFO: [ app_begin ] --END-- [ RunTime:0.001000s ]
INFO: [ view_parse ] --START--
INFO: [ template_filter ] --START--
INFO: Run Behavior\ContentReplaceBehavior [ RunTime:0.000000s ]
INFO: [ template_filter ] --END-- [ RunTime:0.001001s ]
NOTIC: [8] Undefined variable: title D:\WAMP\wamp\www\71\Application\Runtime\Cache\Home\f684d0b8e7f52fbdd496208cb8e3218a.php 第 22 行.
INFO: Run Behavior\ParseTemplateBehavior [ RunTime:0.008001s ]
INFO: [ view_parse ] --END-- [ RunTime:0.008001s ]
INFO: [ view_filter ] --START--
INFO: Run Behavior\WriteHtmlCacheBehavior [ RunTime:0.000000s ]
INFO: [ view_filter ] --END-- [ RunTime:0.000000s ]
INFO: [ app_end ] --START--
INFO: Run Behavior\ShowPageTraceBehavior [ RunTime:0.001000s ]
INFO: [ app_end ] --END-- [ RunTime:0.001000s ]

[ 2017-03-04T10:25:32+08:00 ] ::1 /71/index.php/Home/Game/kaifang.html
INFO: [ app_init ] --START--
INFO: Run Behavior\BuildLiteBehavior [ RunTime:0.000000s ]
INFO: [ app_init ] --END-- [ RunTime:0.001000s ]
INFO: [ app_begin ] --START--
INFO: Run Behavior\ReadHtmlCacheBehavior [ RunTime:0.001000s ]
INFO: [ app_begin ] --END-- [ RunTime:0.002000s ]
INFO: [ view_parse ] --START--
INFO: [ template_filter ] --START--
INFO: Run Behavior\ContentReplaceBehavior [ RunTime:0.000000s ]
INFO: [ template_filter ] --END-- [ RunTime:0.001000s ]
NOTIC: [8] Undefined variable: title D:\WAMP\wamp\www\71\Application\Runtime\Cache\Home\f684d0b8e7f52fbdd496208cb8e3218a.php 第 22 行.
INFO: Run Behavior\ParseTemplateBehavior [ RunTime:0.016001s ]
INFO: [ view_parse ] --END-- [ RunTime:0.017001s ]
INFO: [ view_filter ] --START--
INFO: Run Behavior\WriteHtmlCacheBehavior [ RunTime:0.000000s ]
INFO: [ view_filter ] --END-- [ RunTime:0.001000s ]
INFO: [ app_end ] --START--
INFO: Run Behavior\ShowPageTraceBehavior [ RunTime:0.001000s ]
INFO: [ app_end ] --END-- [ RunTime:0.001000s ]

[ 2017-03-04T10:26:46+08:00 ] ::1 /71/index.php/Home/Game/kaifang.html
INFO: [ app_init ] --START--
INFO: Run Behavior\BuildLiteBehavior [ RunTime:0.000000s ]
INFO: [ app_init ] --END-- [ RunTime:0.001000s ]
INFO: [ app_begin ] --START--
INFO: Run Behavior\ReadHtmlCacheBehavior [ RunTime:0.002001s ]
INFO: [ app_begin ] --END-- [ RunTime:0.002001s ]
INFO: [ view_parse ] --START--
INFO: [ template_filter ] --START--
INFO: Run Behavior\ContentReplaceBehavior [ RunTime:0.000000s ]
INFO: [ template_filter ] --END-- [ RunTime:0.000000s ]
NOTIC: [8] Undefined variable: title D:\WAMP\wamp\www\71\Application\Runtime\Cache\Home\f684d0b8e7f52fbdd496208cb8e3218a.php 第 22 行.
INFO: Run Behavior\ParseTemplateBehavior [ RunTime:0.009000s ]
INFO: [ view_parse ] --END-- [ RunTime:0.009000s ]
INFO: [ view_filter ] --START--
INFO: Run Behavior\WriteHtmlCacheBehavior [ RunTime:0.001000s ]
INFO: [ view_filter ] --END-- [ RunTime:0.001000s ]
INFO: [ app_end ] --START--
INFO: Run Behavior\ShowPageTraceBehavior [ RunTime:0.001000s ]
INFO: [ app_end ] --END-- [ RunTime:0.001000s ]

[ 2017-03-04T10:27:18+08:00 ] ::1 /71/index.php/Home/Game/fangjiannum.html
INFO: [ app_init ] --START--
INFO: Run Behavior\BuildLiteBehavior [ RunTime:0.000000s ]
INFO: [ app_init ] --END-- [ RunTime:0.001000s ]
INFO: [ app_begin ] --START--
INFO: Run Behavior\ReadHtmlCacheBehavior [ RunTime:0.000000s ]
INFO: [ app_begin ] --END-- [ RunTime:0.001000s ]
SQL: SHOW COLUMNS FROM `langrensha` [ RunTime:0.0110s ]
SQL: SHOW COLUMNS FROM `shenfen` [ RunTime:0.0080s ]
SQL: SHOW COLUMNS FROM `siren` [ RunTime:0.0180s ]
SQL: SHOW COLUMNS FROM `meiyesiren` [ RunTime:0.0050s ]
SQL: SHOW COLUMNS FROM `dijitian` [ RunTime:0.0040s ]
SQL: INSERT INTO `langrensha` (`fangjianhao`,`cunmin`,`langren`,`nvwu`,`yyj`,`lieren`,`rcunmin`,`rlangren`,`rnvwu`,`ryyj`,`rlieren`) VALUES ('1397','2','1','1','1','1','2','1','1','1','1') [ RunTime:0.0320s ]
SQL: INSERT INTO `shenfen` (`fangjianhao`) VALUES ('1397') [ RunTime:0.0220s ]
SQL: INSERT INTO `siren` (`fangjianhao`) VALUES ('1397') [ RunTime:0.0180s ]
SQL: INSERT INTO `meiyesiren` (`fangjianhao`) VALUES ('1397') [ RunTime:0.0220s ]
SQL: INSERT INTO `dijitian` (`fangjianhao`) VALUES ('1397') [ RunTime:0.0680s ]
SQL: SELECT * FROM `langrensha` WHERE ( fangjianhao='1397' ) LIMIT 1   [ RunTime:0.0010s ]
INFO: [ view_parse ] --START--
INFO: [ template_filter ] --START--
INFO: Run Behavior\ContentReplaceBehavior [ RunTime:0.001001s ]
INFO: [ template_filter ] --END-- [ RunTime:0.001001s ]
INFO: Run Behavior\ParseTemplateBehavior [ RunTime:0.027002s ]
INFO: [ view_parse ] --END-- [ RunTime:0.028002s ]
INFO: [ view_filter ] --START--
INFO: Run Behavior\WriteHtmlCacheBehavior [ RunTime:0.001000s ]
INFO: [ view_filter ] --END-- [ RunTime:0.001000s ]
INFO: [ app_end ] --START--
INFO: Run Behavior\ShowPageTraceBehavior [ RunTime:0.001000s ]
INFO: [ app_end ] --END-- [ RunTime:0.001000s ]

[ 2017-03-04T10:27:19+08:00 ] ::1 /71/index.php/Home/Game/gamehome/fangjianhao/1397.html
INFO: [ app_init ] --START--
INFO: Run Behavior\BuildLiteBehavior [ RunTime:0.000000s ]
INFO: [ app_init ] --END-- [ RunTime:0.001000s ]
INFO: [ app_begin ] --START--
INFO: Run Behavior\ReadHtmlCacheBehavior [ RunTime:0.000000s ]
INFO: [ app_begin ] --END-- [ RunTime:0.000000s ]
SQL: SHOW COLUMNS FROM `dijitian` [ RunTime:0.0030s ]
SQL: SELECT * FROM `dijitian` WHERE ( fangjianhao='1397' ) LIMIT 1   [ RunTime:0.0010s ]
SQL: UPDATE `dijitian` SET `day`='0' WHERE `fangjianhao` = 1397 [ RunTime:0.0370s ]
SQL: SHOW COLUMNS FROM `langrensha` [ RunTime:0.0070s ]
SQL: SELECT * FROM `langrensha` WHERE ( fangjianhao='1397' ) LIMIT 1   [ RunTime:0.0000s ]
NOTIC: [8] Use of undefined constant rcunmin - assumed 'rcunmin' D:\WAMP\wamp\www\71\Application\Home\Controller\GameController.class.php 第 113 行.
NOTIC: [8] Use of undefined constant rlangren - assumed 'rlangren' D:\WAMP\wamp\www\71\Application\Home\Controller\GameController.class.php 第 114 行.
NOTIC: [8] Use of undefined constant rnvwu - assumed 'rnvwu' D:\WAMP\wamp\www\71\Application\Home\Controller\GameController.class.php 第 115 行.
NOTIC: [8] Use of undefined constant ryyj - assumed 'ryyj' D:\WAMP\wamp\www\71\Application\Home\Controller\GameController.class.php 第 116 行.
NOTIC: [8] Use of undefined constant rlieren - assumed 'rlieren' D:\WAMP\wamp\www\71\Application\Home\Controller\GameController.class.php 第 117 行.
NOTIC: [8] Use of undefined constant rshouwei - assumed 'rshouwei' D:\WAMP\wamp\www\71\Application\Home\Controller\GameController.class.php 第 118 行.
NOTIC: [8] Use of undefined constant rbaichi - assumed 'rbaichi' D:\WAMP\wamp\www\71\Application\Home\Controller\GameController.class.php 第 119 行.
NOTIC: [8] Use of undefined constant rlieren - assumed 'rlieren' D:\WAMP\wamp\www\71\Application\Home\Controller\GameController.class.php 第 197 行.
SQL: UPDATE `langrensha` SET `rlieren`='0' WHERE `fangjianhao` = 1397 [ RunTime:0.0160s ]
NOTIC: [8] Use of undefined constant 号房 - assumed '号房' D:\WAMP\wamp\www\71\Application\Home\Controller\GameController.class.php 第 223 行.
INFO: [ view_parse ] --START--
INFO: [ template_filter ] --START--
INFO: Run Behavior\ContentReplaceBehavior [ RunTime:0.000000s ]
INFO: [ template_filter ] --END-- [ RunTime:0.000000s ]
INFO: Run Behavior\ParseTemplateBehavior [ RunTime:0.013001s ]
INFO: [ view_parse ] --END-- [ RunTime:0.014001s ]
INFO: [ view_filter ] --START--
INFO: Run Behavior\WriteHtmlCacheBehavior [ RunTime:0.001000s ]
INFO: [ view_filter ] --END-- [ RunTime:0.001000s ]
INFO: [ app_end ] --START--
INFO: Run Behavior\ShowPageTraceBehavior [ RunTime:0.001000s ]
INFO: [ app_end ] --END-- [ RunTime:0.001000s ]

[ 2017-03-04T10:27:22+08:00 ] ::1 /71/index.php/Home/Game/shenfen.html
INFO: [ app_init ] --START--
INFO: Run Behavior\BuildLiteBehavior [ RunTime:0.000000s ]
INFO: [ app_init ] --END-- [ RunTime:0.001000s ]
INFO: [ app_begin ] --START--
INFO: Run Behavior\ReadHtmlCacheBehavior [ RunTime:0.000000s ]
INFO: [ app_begin ] --END-- [ RunTime:0.000000s ]
SQL: SHOW COLUMNS FROM `shenfen` [ RunTime:0.0030s ]
SQL: SELECT * FROM `shenfen` WHERE ( fangjianhao='1397' ) LIMIT 1   [ RunTime:0.0000s ]
SQL: UPDATE `shenfen` SET `[1]`='猎人',`[2]`='',`[3]`='',`[4]`='',`[5]`='',`[6]`='',`[7]`='',`[8]`='',`[9]`='',`[10]`='',`[11]`='',`[12]`='' WHERE `fangjianhao` = 1397 [ RunTime:0.0330s ]
INFO: [ view_parse ] --START--
INFO: [ template_filter ] --START--
INFO: Run Behavior\ContentReplaceBehavior [ RunTime:0.000000s ]
INFO: [ template_filter ] --END-- [ RunTime:0.000000s ]
INFO: Run Behavior\ParseTemplateBehavior [ RunTime:0.008001s ]
INFO: [ view_parse ] --END-- [ RunTime:0.008001s ]
INFO: [ view_filter ] --START--
INFO: Run Behavior\WriteHtmlCacheBehavior [ RunTime:0.000000s ]
INFO: [ view_filter ] --END-- [ RunTime:0.000000s ]
INFO: [ app_end ] --START--
INFO: Run Behavior\ShowPageTraceBehavior [ RunTime:0.001000s ]
INFO: [ app_end ] --END-- [ RunTime:0.001000s ]

[ 2017-03-04T10:27:32+08:00 ] ::1 /71/index.php/Home/Game/lieren2.html
INFO: [ app_init ] --START--
INFO: Run Behavior\BuildLiteBehavior [ RunTime:0.000000s ]
INFO: [ app_init ] --END-- [ RunTime:0.001000s ]
INFO: [ app_begin ] --START--
INFO: Run Behavior\ReadHtmlCacheBehavior [ RunTime:0.001000s ]
INFO: [ app_begin ] --END-- [ RunTime:0.001000s ]
SQL: SHOW COLUMNS FROM `langrensha` [ RunTime:0.0030s ]
SQL: SHOW COLUMNS FROM `shenfen` [ RunTime:0.0030s ]
SQL: SHOW COLUMNS FROM `siren` [ RunTime:0.0030s ]
SQL: SHOW COLUMNS FROM `meiyesiren` [ RunTime:0.0030s ]
SQL: SELECT * FROM `langrensha` WHERE ( fangjianhao='' ) LIMIT 1   [ RunTime:0.0010s ]
SQL: SELECT * FROM `shenfen` WHERE ( fangjianhao='' ) LIMIT 1   [ RunTime:0.0000s ]
SQL: SELECT * FROM `siren` WHERE ( fangjianhao='' ) LIMIT 1   [ RunTime:0.0000s ]
SQL: SELECT * FROM `meiyesiren` WHERE ( fangjianhao='' ) LIMIT 1   [ RunTime:0.0000s ]

[ 2017-03-04T10:29:11+08:00 ] ::1 /71/index.php/Home/Game/shenfen.html
INFO: [ app_init ] --START--
INFO: Run Behavior\BuildLiteBehavior [ RunTime:0.000000s ]
INFO: [ app_init ] --END-- [ RunTime:0.001000s ]
INFO: [ app_begin ] --START--
INFO: Run Behavior\ReadHtmlCacheBehavior [ RunTime:0.000000s ]
INFO: [ app_begin ] --END-- [ RunTime:0.001000s ]
SQL: SHOW COLUMNS FROM `shenfen` [ RunTime:0.0030s ]
SQL: SELECT * FROM `shenfen` WHERE ( fangjianhao='1397' ) LIMIT 1   [ RunTime:0.0000s ]
SQL: UPDATE `shenfen` SET `[1]`='猎人',`[2]`='',`[3]`='',`[4]`='',`[5]`='',`[6]`='',`[7]`='',`[8]`='',`[9]`='',`[10]`='',`[11]`='',`[12]`='' WHERE `fangjianhao` = 1397 [ RunTime:0.0440s ]
INFO: [ view_parse ] --START--
INFO: [ template_filter ] --START--
INFO: Run Behavior\ContentReplaceBehavior [ RunTime:0.001000s ]
INFO: [ template_filter ] --END-- [ RunTime:0.001000s ]
INFO: Run Behavior\ParseTemplateBehavior [ RunTime:0.020001s ]
INFO: [ view_parse ] --END-- [ RunTime:0.020001s ]
INFO: [ view_filter ] --START--
INFO: Run Behavior\WriteHtmlCacheBehavior [ RunTime:0.001000s ]
INFO: [ view_filter ] --END-- [ RunTime:0.001000s ]
INFO: [ app_end ] --START--
INFO: Run Behavior\ShowPageTraceBehavior [ RunTime:0.001000s ]
INFO: [ app_end ] --END-- [ RunTime:0.001000s ]

[ 2017-03-04T10:29:13+08:00 ] ::1 /71/index.php/Home/Game/lieren2.html
INFO: [ app_init ] --START--
INFO: Run Behavior\BuildLiteBehavior [ RunTime:0.000000s ]
INFO: [ app_init ] --END-- [ RunTime:0.001000s ]
INFO: [ app_begin ] --START--
INFO: Run Behavior\ReadHtmlCacheBehavior [ RunTime:0.001000s ]
INFO: [ app_begin ] --END-- [ RunTime:0.001000s ]
SQL: SHOW COLUMNS FROM `langrensha` [ RunTime:0.0030s ]
SQL: SHOW COLUMNS FROM `shenfen` [ RunTime:0.0030s ]
SQL: SHOW COLUMNS FROM `siren` [ RunTime:0.0040s ]
SQL: SHOW COLUMNS FROM `meiyesiren` [ RunTime:0.0030s ]
SQL: SELECT * FROM `langrensha` WHERE ( fangjianhao='' ) LIMIT 1   [ RunTime:0.0000s ]
SQL: SELECT * FROM `shenfen` WHERE ( fangjianhao='' ) LIMIT 1   [ RunTime:0.0000s ]
SQL: SELECT * FROM `siren` WHERE ( fangjianhao='' ) LIMIT 1   [ RunTime:0.0010s ]
SQL: SELECT * FROM `meiyesiren` WHERE ( fangjianhao='' ) LIMIT 1   [ RunTime:0.0000s ]

[ 2017-03-04T10:45:34+08:00 ] ::1 /71/index.php/Home/Game/kaifang.html
INFO: [ app_init ] --START--
INFO: Run Behavior\BuildLiteBehavior [ RunTime:0.000000s ]
INFO: [ app_init ] --END-- [ RunTime:0.001000s ]
INFO: [ app_begin ] --START--
INFO: Run Behavior\ReadHtmlCacheBehavior [ RunTime:0.001000s ]
INFO: [ app_begin ] --END-- [ RunTime:0.001000s ]
INFO: [ view_parse ] --START--
INFO: [ template_filter ] --START--
INFO: Run Behavior\ContentReplaceBehavior [ RunTime:0.000000s ]
INFO: [ template_filter ] --END-- [ RunTime:0.000000s ]
NOTIC: [8] Undefined variable: title D:\WAMP\wamp\www\71\Application\Runtime\Cache\Home\f684d0b8e7f52fbdd496208cb8e3218a.php 第 22 行.
INFO: Run Behavior\ParseTemplateBehavior [ RunTime:0.009001s ]
INFO: [ view_parse ] --END-- [ RunTime:0.009001s ]
INFO: [ view_filter ] --START--
INFO: Run Behavior\WriteHtmlCacheBehavior [ RunTime:0.001000s ]
INFO: [ view_filter ] --END-- [ RunTime:0.001000s ]
INFO: [ app_end ] --START--
INFO: Run Behavior\ShowPageTraceBehavior [ RunTime:0.001000s ]
INFO: [ app_end ] --END-- [ RunTime:0.001000s ]

[ 2017-03-04T10:45:35+08:00 ] ::1 /71/index.php/Home/Game/kaifang.html
INFO: [ app_init ] --START--
INFO: Run Behavior\BuildLiteBehavior [ RunTime:0.000000s ]
INFO: [ app_init ] --END-- [ RunTime:0.001000s ]
INFO: [ app_begin ] --START--
INFO: Run Behavior\ReadHtmlCacheBehavior [ RunTime:0.001000s ]
INFO: [ app_begin ] --END-- [ RunTime:0.001000s ]
INFO: [ view_parse ] --START--
INFO: [ template_filter ] --START--
INFO: Run Behavior\ContentReplaceBehavior [ RunTime:0.000000s ]
INFO: [ template_filter ] --END-- [ RunTime:0.000000s ]
NOTIC: [8] Undefined variable: title D:\WAMP\wamp\www\71\Application\Runtime\Cache\Home\f684d0b8e7f52fbdd496208cb8e3218a.php 第 22 行.
INFO: Run Behavior\ParseTemplateBehavior [ RunTime:0.010000s ]
INFO: [ view_parse ] --END-- [ RunTime:0.010000s ]
INFO: [ view_filter ] --START--
INFO: Run Behavior\WriteHtmlCacheBehavior [ RunTime:0.000000s ]
INFO: [ view_filter ] --END-- [ RunTime:0.001000s ]
INFO: [ app_end ] --START--
INFO: Run Behavior\ShowPageTraceBehavior [ RunTime:0.001000s ]
INFO: [ app_end ] --END-- [ RunTime:0.001000s ]

[ 2017-03-04T10:45:36+08:00 ] ::1 /71/index.php/Home/Game/kaifang.html
INFO: [ app_init ] --START--
INFO: Run Behavior\BuildLiteBehavior [ RunTime:0.000000s ]
INFO: [ app_init ] --END-- [ RunTime:0.001000s ]
INFO: [ app_begin ] --START--
INFO: Run Behavior\ReadHtmlCacheBehavior [ RunTime:0.000000s ]
INFO: [ app_begin ] --END-- [ RunTime:0.002001s ]
INFO: [ view_parse ] --START--
INFO: [ template_filter ] --START--
INFO: Run Behavior\ContentReplaceBehavior [ RunTime:0.000000s ]
INFO: [ template_filter ] --END-- [ RunTime:0.000000s ]
NOTIC: [8] Undefined variable: title D:\WAMP\wamp\www\71\Application\Runtime\Cache\Home\f684d0b8e7f52fbdd496208cb8e3218a.php 第 22 行.
INFO: Run Behavior\ParseTemplateBehavior [ RunTime:0.014001s ]
INFO: [ view_parse ] --END-- [ RunTime:0.014001s ]
INFO: [ view_filter ] --START--
INFO: Run Behavior\WriteHtmlCacheBehavior [ RunTime:0.000000s ]
INFO: [ view_filter ] --END-- [ RunTime:0.000000s ]
INFO: [ app_end ] --START--
INFO: Run Behavior\ShowPageTraceBehavior [ RunTime:0.000000s ]
INFO: [ app_end ] --END-- [ RunTime:0.000000s ]

[ 2017-03-04T10:46:03+08:00 ] ::1 /71/index.php/Home/Game/kaifang.html
INFO: [ app_init ] --START--
INFO: Run Behavior\BuildLiteBehavior [ RunTime:0.000000s ]
INFO: [ app_init ] --END-- [ RunTime:0.001000s ]
INFO: [ app_begin ] --START--
INFO: Run Behavior\ReadHtmlCacheBehavior [ RunTime:0.001000s ]
INFO: [ app_begin ] --END-- [ RunTime:0.001000s ]
INFO: [ view_parse ] --START--
INFO: [ template_filter ] --START--
INFO: Run Behavior\ContentReplaceBehavior [ RunTime:0.000000s ]
INFO: [ template_filter ] --END-- [ RunTime:0.001000s ]
NOTIC: [8] Undefined variable: title D:\WAMP\wamp\www\71\Application\Runtime\Cache\Home\f684d0b8e7f52fbdd496208cb8e3218a.php 第 22 行.
INFO: Run Behavior\ParseTemplateBehavior [ RunTime:0.011001s ]
INFO: [ view_parse ] --END-- [ RunTime:0.011001s ]
INFO: [ view_filter ] --START--
INFO: Run Behavior\WriteHtmlCacheBehavior [ RunTime:0.001000s ]
INFO: [ view_filter ] --END-- [ RunTime:0.001000s ]
INFO: [ app_end ] --START--
INFO: Run Behavior\ShowPageTraceBehavior [ RunTime:0.001000s ]
INFO: [ app_end ] --END-- [ RunTime:0.001000s ]

[ 2017-03-04T10:46:04+08:00 ] ::1 /71/index.php/Home/Game/kaifang.html
INFO: [ app_init ] --START--
INFO: Run Behavior\BuildLiteBehavior [ RunTime:0.000000s ]
INFO: [ app_init ] --END-- [ RunTime:0.001000s ]
INFO: [ app_begin ] --START--
INFO: Run Behavior\ReadHtmlCacheBehavior [ RunTime:0.001000s ]
INFO: [ app_begin ] --END-- [ RunTime:0.001000s ]
INFO: [ view_parse ] --START--
INFO: [ template_filter ] --START--
INFO: Run Behavior\ContentReplaceBehavior [ RunTime:0.000000s ]
INFO: [ template_filter ] --END-- [ RunTime:0.000000s ]
NOTIC: [8] Undefined variable: title D:\WAMP\wamp\www\71\Application\Runtime\Cache\Home\f684d0b8e7f52fbdd496208cb8e3218a.php 第 22 行.
INFO: Run Behavior\ParseTemplateBehavior [ RunTime:0.011001s ]
INFO: [ view_parse ] --END-- [ RunTime:0.011001s ]
INFO: [ view_filter ] --START--
INFO: Run Behavior\WriteHtmlCacheBehavior [ RunTime:0.000000s ]
INFO: [ view_filter ] --END-- [ RunTime:0.000000s ]
INFO: [ app_end ] --START--
INFO: Run Behavior\ShowPageTraceBehavior [ RunTime:0.000000s ]
INFO: [ app_end ] --END-- [ RunTime:0.001000s ]

[ 2017-03-04T10:46:06+08:00 ] ::1 /71/index.php/Home/Game/kaifang.html
INFO: [ app_init ] --START--
INFO: Run Behavior\BuildLiteBehavior [ RunTime:0.000000s ]
INFO: [ app_init ] --END-- [ RunTime:0.001000s ]
INFO: [ app_begin ] --START--
INFO: Run Behavior\ReadHtmlCacheBehavior [ RunTime:0.001000s ]
INFO: [ app_begin ] --END-- [ RunTime:0.001000s ]
INFO: [ view_parse ] --START--
INFO: [ template_filter ] --START--
INFO: Run Behavior\ContentReplaceBehavior [ RunTime:0.000000s ]
INFO: [ template_filter ] --END-- [ RunTime:0.001000s ]
NOTIC: [8] Undefined variable: title D:\WAMP\wamp\www\71\Application\Runtime\Cache\Home\f684d0b8e7f52fbdd496208cb8e3218a.php 第 22 行.
INFO: Run Behavior\ParseTemplateBehavior [ RunTime:0.014001s ]
INFO: [ view_parse ] --END-- [ RunTime:0.014001s ]
INFO: [ view_filter ] --START--
INFO: Run Behavior\WriteHtmlCacheBehavior [ RunTime:0.002000s ]
INFO: [ view_filter ] --END-- [ RunTime:0.002000s ]
INFO: [ app_end ] --START--
INFO: Run Behavior\ShowPageTraceBehavior [ RunTime:0.001000s ]
INFO: [ app_end ] --END-- [ RunTime:0.001000s ]

[ 2017-03-04T10:47:49+08:00 ] ::1 /71/index.php/Home/Game/kaifang.html
INFO: [ app_init ] --START--
INFO: Run Behavior\BuildLiteBehavior [ RunTime:0.000000s ]
INFO: [ app_init ] --END-- [ RunTime:0.001000s ]
INFO: [ app_begin ] --START--
INFO: Run Behavior\ReadHtmlCacheBehavior [ RunTime:0.000000s ]
INFO: [ app_begin ] --END-- [ RunTime:0.000000s ]
INFO: [ view_parse ] --START--
INFO: [ template_filter ] --START--
INFO: Run Behavior\ContentReplaceBehavior [ RunTime:0.000000s ]
INFO: [ template_filter ] --END-- [ RunTime:0.000000s ]
NOTIC: [8] Undefined variable: title D:\WAMP\wamp\www\71\Application\Runtime\Cache\Home\f684d0b8e7f52fbdd496208cb8e3218a.php 第 22 行.
INFO: Run Behavior\ParseTemplateBehavior [ RunTime:0.008001s ]
INFO: [ view_parse ] --END-- [ RunTime:0.008001s ]
INFO: [ view_filter ] --START--
INFO: Run Behavior\WriteHtmlCacheBehavior [ RunTime:0.000000s ]
INFO: [ view_filter ] --END-- [ RunTime:0.001000s ]
INFO: [ app_end ] --START--
INFO: Run Behavior\ShowPageTraceBehavior [ RunTime:0.001000s ]
INFO: [ app_end ] --END-- [ RunTime:0.001000s ]

[ 2017-03-04T10:51:16+08:00 ] ::1 /71/index.php/Home/Game/kaifang.html
INFO: [ app_init ] --START--
INFO: Run Behavior\BuildLiteBehavior [ RunTime:0.000000s ]
INFO: [ app_init ] --END-- [ RunTime:0.001000s ]
INFO: [ app_begin ] --START--
INFO: Run Behavior\ReadHtmlCacheBehavior [ RunTime:0.001000s ]
INFO: [ app_begin ] --END-- [ RunTime:0.001000s ]
INFO: [ view_parse ] --START--
INFO: [ template_filter ] --START--
INFO: Run Behavior\ContentReplaceBehavior [ RunTime:0.000000s ]
INFO: [ template_filter ] --END-- [ RunTime:0.000000s ]
NOTIC: [8] Undefined variable: title D:\WAMP\wamp\www\71\Application\Runtime\Cache\Home\f684d0b8e7f52fbdd496208cb8e3218a.php 第 22 行.
INFO: Run Behavior\ParseTemplateBehavior [ RunTime:0.013001s ]
INFO: [ view_parse ] --END-- [ RunTime:0.013001s ]
INFO: [ view_filter ] --START--
INFO: Run Behavior\WriteHtmlCacheBehavior [ RunTime:0.001000s ]
INFO: [ view_filter ] --END-- [ RunTime:0.001000s ]
INFO: [ app_end ] --START--
INFO: Run Behavior\ShowPageTraceBehavior [ RunTime:0.000000s ]
INFO: [ app_end ] --END-- [ RunTime:0.000000s ]

[ 2017-03-04T10:54:06+08:00 ] ::1 /71/index.php/Home/Game/kaifang.html
INFO: [ app_init ] --START--
INFO: Run Behavior\BuildLiteBehavior [ RunTime:0.000000s ]
INFO: [ app_init ] --END-- [ RunTime:0.001000s ]
INFO: [ app_begin ] --START--
INFO: Run Behavior\ReadHtmlCacheBehavior [ RunTime:0.001000s ]
INFO: [ app_begin ] --END-- [ RunTime:0.001000s ]
INFO: [ view_parse ] --START--
INFO: [ template_filter ] --START--
INFO: Run Behavior\ContentReplaceBehavior [ RunTime:0.001000s ]
INFO: [ template_filter ] --END-- [ RunTime:0.001000s ]
NOTIC: [8] Undefined variable: title D:\WAMP\wamp\www\71\Application\Runtime\Cache\Home\f684d0b8e7f52fbdd496208cb8e3218a.php 第 22 行.
INFO: Run Behavior\ParseTemplateBehavior [ RunTime:0.011001s ]
INFO: [ view_parse ] --END-- [ RunTime:0.012001s ]
INFO: [ view_filter ] --START--
INFO: Run Behavior\WriteHtmlCacheBehavior [ RunTime:0.000000s ]
INFO: [ view_filter ] --END-- [ RunTime:0.001000s ]
INFO: [ app_end ] --START--
INFO: Run Behavior\ShowPageTraceBehavior [ RunTime:0.001000s ]
INFO: [ app_end ] --END-- [ RunTime:0.001000s ]

[ 2017-03-04T10:54:36+08:00 ] ::1 /71/index.php/Home/Game/kaifang.html
INFO: [ app_init ] --START--
INFO: Run Behavior\BuildLiteBehavior [ RunTime:0.000000s ]
INFO: [ app_init ] --END-- [ RunTime:0.001000s ]
INFO: [ app_begin ] --START--
INFO: Run Behavior\ReadHtmlCacheBehavior [ RunTime:0.001001s ]
INFO: [ app_begin ] --END-- [ RunTime:0.001001s ]
INFO: [ view_parse ] --START--
INFO: [ template_filter ] --START--
INFO: Run Behavior\ContentReplaceBehavior [ RunTime:0.000000s ]
INFO: [ template_filter ] --END-- [ RunTime:0.000000s ]
NOTIC: [8] Undefined variable: title D:\WAMP\wamp\www\71\Application\Runtime\Cache\Home\f684d0b8e7f52fbdd496208cb8e3218a.php 第 22 行.
INFO: Run Behavior\ParseTemplateBehavior [ RunTime:0.011000s ]
INFO: [ view_parse ] --END-- [ RunTime:0.011000s ]
INFO: [ view_filter ] --START--
INFO: Run Behavior\WriteHtmlCacheBehavior [ RunTime:0.000000s ]
INFO: [ view_filter ] --END-- [ RunTime:0.000000s ]
INFO: [ app_end ] --START--
INFO: Run Behavior\ShowPageTraceBehavior [ RunTime:0.000000s ]
INFO: [ app_end ] --END-- [ RunTime:0.001000s ]

[ 2017-03-04T10:55:09+08:00 ] ::1 /71/index.php/Home/Game/kaifang.html
INFO: [ app_init ] --START--
INFO: Run Behavior\BuildLiteBehavior [ RunTime:0.000000s ]
INFO: [ app_init ] --END-- [ RunTime:0.001000s ]
INFO: [ app_begin ] --START--
INFO: Run Behavior\ReadHtmlCacheBehavior [ RunTime:0.001000s ]
INFO: [ app_begin ] --END-- [ RunTime:0.001000s ]
INFO: [ view_parse ] --START--
INFO: [ template_filter ] --START--
INFO: Run Behavior\ContentReplaceBehavior [ RunTime:0.000000s ]
INFO: [ template_filter ] --END-- [ RunTime:0.000000s ]
NOTIC: [8] Undefined variable: title D:\WAMP\wamp\www\71\Application\Runtime\Cache\Home\f684d0b8e7f52fbdd496208cb8e3218a.php 第 22 行.
INFO: Run Behavior\ParseTemplateBehavior [ RunTime:0.012000s ]
INFO: [ view_parse ] --END-- [ RunTime:0.012000s ]
INFO: [ view_filter ] --START--
INFO: Run Behavior\WriteHtmlCacheBehavior [ RunTime:0.001000s ]
INFO: [ view_filter ] --END-- [ RunTime:0.001000s ]
INFO: [ app_end ] --START--
INFO: Run Behavior\ShowPageTraceBehavior [ RunTime:0.001001s ]
INFO: [ app_end ] --END-- [ RunTime:0.001001s ]

[ 2017-03-04T10:59:35+08:00 ] ::1 /71/index.php/Home/Game/kaifang.html
INFO: [ app_init ] --START--
INFO: Run Behavior\BuildLiteBehavior [ RunTime:0.000000s ]
INFO: [ app_init ] --END-- [ RunTime:0.001000s ]
INFO: [ app_begin ] --START--
INFO: Run Behavior\ReadHtmlCacheBehavior [ RunTime:0.001000s ]
INFO: [ app_begin ] --END-- [ RunTime:0.001000s ]
INFO: [ view_parse ] --START--
INFO: [ template_filter ] --START--
INFO: Run Behavior\ContentReplaceBehavior [ RunTime:0.001000s ]
INFO: [ template_filter ] --END-- [ RunTime:0.001000s ]
NOTIC: [8] Undefined variable: title D:\WAMP\wamp\www\71\Application\Runtime\Cache\Home\f684d0b8e7f52fbdd496208cb8e3218a.php 第 22 行.
INFO: Run Behavior\ParseTemplateBehavior [ RunTime:0.011000s ]
INFO: [ view_parse ] --END-- [ RunTime:0.011000s ]
INFO: [ view_filter ] --START--
INFO: Run Behavior\WriteHtmlCacheBehavior [ RunTime:0.001000s ]
INFO: [ view_filter ] --END-- [ RunTime:0.001000s ]
INFO: [ app_end ] --START--
INFO: Run Behavior\ShowPageTraceBehavior [ RunTime:0.001000s ]
INFO: [ app_end ] --END-- [ RunTime:0.001000s ]

[ 2017-03-04T11:00:20+08:00 ] ::1 /71/index.php/Home/Game/kaifang.html
INFO: [ app_init ] --START--
INFO: Run Behavior\BuildLiteBehavior [ RunTime:0.000000s ]
INFO: [ app_init ] --END-- [ RunTime:0.000000s ]
INFO: [ app_begin ] --START--
INFO: Run Behavior\ReadHtmlCacheBehavior [ RunTime:0.000000s ]
INFO: [ app_begin ] --END-- [ RunTime:0.000000s ]
INFO: [ view_parse ] --START--
INFO: [ template_filter ] --START--
INFO: Run Behavior\ContentReplaceBehavior [ RunTime:0.001000s ]
INFO: [ template_filter ] --END-- [ RunTime:0.001000s ]
NOTIC: [8] Undefined variable: title D:\WAMP\wamp\www\71\Application\Runtime\Cache\Home\f684d0b8e7f52fbdd496208cb8e3218a.php 第 22 行.
INFO: Run Behavior\ParseTemplateBehavior [ RunTime:0.008000s ]
INFO: [ view_parse ] --END-- [ RunTime:0.008000s ]
INFO: [ view_filter ] --START--
INFO: Run Behavior\WriteHtmlCacheBehavior [ RunTime:0.001000s ]
INFO: [ view_filter ] --END-- [ RunTime:0.001000s ]
INFO: [ app_end ] --START--
INFO: Run Behavior\ShowPageTraceBehavior [ RunTime:0.001000s ]
INFO: [ app_end ] --END-- [ RunTime:0.001000s ]

[ 2017-03-04T11:00:34+08:00 ] ::1 /71/index.php/Home/Game/kaifang.html
INFO: [ app_init ] --START--
INFO: Run Behavior\BuildLiteBehavior [ RunTime:0.001000s ]
INFO: [ app_init ] --END-- [ RunTime:0.001000s ]
INFO: [ app_begin ] --START--
INFO: Run Behavior\ReadHtmlCacheBehavior [ RunTime:0.001000s ]
INFO: [ app_begin ] --END-- [ RunTime:0.001000s ]
INFO: [ view_parse ] --START--
INFO: [ template_filter ] --START--
INFO: Run Behavior\ContentReplaceBehavior [ RunTime:0.001000s ]
INFO: [ template_filter ] --END-- [ RunTime:0.001000s ]
NOTIC: [8] Undefined variable: title D:\WAMP\wamp\www\71\Application\Runtime\Cache\Home\f684d0b8e7f52fbdd496208cb8e3218a.php 第 22 行.
INFO: Run Behavior\ParseTemplateBehavior [ RunTime:0.014000s ]
INFO: [ view_parse ] --END-- [ RunTime:0.014000s ]
INFO: [ view_filter ] --START--
INFO: Run Behavior\WriteHtmlCacheBehavior [ RunTime:0.000000s ]
INFO: [ view_filter ] --END-- [ RunTime:0.000000s ]
INFO: [ app_end ] --START--
INFO: Run Behavior\ShowPageTraceBehavior [ RunTime:0.000000s ]
INFO: [ app_end ] --END-- [ RunTime:0.000000s ]

[ 2017-03-04T11:02:37+08:00 ] ::1 /71/index.php/Home/Game/kaifang.html
INFO: [ app_init ] --START--
INFO: Run Behavior\BuildLiteBehavior [ RunTime:0.000000s ]
INFO: [ app_init ] --END-- [ RunTime:0.001000s ]
INFO: [ app_begin ] --START--
INFO: Run Behavior\ReadHtmlCacheBehavior [ RunTime:0.001001s ]
INFO: [ app_begin ] --END-- [ RunTime:0.001001s ]
INFO: [ view_parse ] --START--
INFO: [ template_filter ] --START--
INFO: Run Behavior\ContentReplaceBehavior [ RunTime:0.001000s ]
INFO: [ template_filter ] --END-- [ RunTime:0.001000s ]
NOTIC: [8] Undefined variable: title D:\WAMP\wamp\www\71\Application\Runtime\Cache\Home\f684d0b8e7f52fbdd496208cb8e3218a.php 第 22 行.
INFO: Run Behavior\ParseTemplateBehavior [ RunTime:0.008000s ]
INFO: [ view_parse ] --END-- [ RunTime:0.008000s ]
INFO: [ view_filter ] --START--
INFO: Run Behavior\WriteHtmlCacheBehavior [ RunTime:0.000000s ]
INFO: [ view_filter ] --END-- [ RunTime:0.000000s ]
INFO: [ app_end ] --START--
INFO: Run Behavior\ShowPageTraceBehavior [ RunTime:0.000000s ]
INFO: [ app_end ] --END-- [ RunTime:0.000000s ]

[ 2017-03-04T11:02:39+08:00 ] ::1 /71/index.php/Home/Game/kaifang.html
INFO: [ app_init ] --START--
INFO: Run Behavior\BuildLiteBehavior [ RunTime:0.000000s ]
INFO: [ app_init ] --END-- [ RunTime:0.002000s ]
INFO: [ app_begin ] --START--
INFO: Run Behavior\ReadHtmlCacheBehavior [ RunTime:0.002000s ]
INFO: [ app_begin ] --END-- [ RunTime:0.002000s ]
INFO: [ view_parse ] --START--
INFO: [ template_filter ] --START--
INFO: Run Behavior\ContentReplaceBehavior [ RunTime:0.000000s ]
INFO: [ template_filter ] --END-- [ RunTime:0.000000s ]
NOTIC: [8] Undefined variable: title D:\WAMP\wamp\www\71\Application\Runtime\Cache\Home\f684d0b8e7f52fbdd496208cb8e3218a.php 第 22 行.
INFO: Run Behavior\ParseTemplateBehavior [ RunTime:0.009000s ]
INFO: [ view_parse ] --END-- [ RunTime:0.009000s ]
INFO: [ view_filter ] --START--
INFO: Run Behavior\WriteHtmlCacheBehavior [ RunTime:0.000000s ]
INFO: [ view_filter ] --END-- [ RunTime:0.000000s ]
INFO: [ app_end ] --START--
INFO: Run Behavior\ShowPageTraceBehavior [ RunTime:0.000000s ]
INFO: [ app_end ] --END-- [ RunTime:0.000000s ]

[ 2017-03-04T11:04:54+08:00 ] ::1 /71/index.php/Home/Game/kaifang.html
INFO: [ app_init ] --START--
INFO: Run Behavior\BuildLiteBehavior [ RunTime:0.000000s ]
INFO: [ app_init ] --END-- [ RunTime:0.001000s ]
INFO: [ app_begin ] --START--
INFO: Run Behavior\ReadHtmlCacheBehavior [ RunTime:0.001000s ]
INFO: [ app_begin ] --END-- [ RunTime:0.001000s ]
INFO: [ view_parse ] --START--
INFO: [ template_filter ] --START--
INFO: Run Behavior\ContentReplaceBehavior [ RunTime:0.001000s ]
INFO: [ template_filter ] --END-- [ RunTime:0.001000s ]
NOTIC: [8] Undefined variable: title D:\WAMP\wamp\www\71\Application\Runtime\Cache\Home\f684d0b8e7f52fbdd496208cb8e3218a.php 第 22 行.
INFO: Run Behavior\ParseTemplateBehavior [ RunTime:0.010001s ]
INFO: [ view_parse ] --END-- [ RunTime:0.011001s ]
INFO: [ view_filter ] --START--
INFO: Run Behavior\WriteHtmlCacheBehavior [ RunTime:0.000000s ]
INFO: [ view_filter ] --END-- [ RunTime:0.000000s ]
INFO: [ app_end ] --START--
INFO: Run Behavior\ShowPageTraceBehavior [ RunTime:0.000000s ]
INFO: [ app_end ] --END-- [ RunTime:0.000000s ]

[ 2017-03-04T11:07:18+08:00 ] ::1 /71/index.php/Home/Game/kaifang.html
INFO: [ app_init ] --START--
INFO: Run Behavior\BuildLiteBehavior [ RunTime:0.000000s ]
INFO: [ app_init ] --END-- [ RunTime:0.001000s ]
INFO: [ app_begin ] --START--
INFO: Run Behavior\ReadHtmlCacheBehavior [ RunTime:0.001000s ]
INFO: [ app_begin ] --END-- [ RunTime:0.001000s ]
INFO: [ view_parse ] --START--
INFO: [ template_filter ] --START--
INFO: Run Behavior\ContentReplaceBehavior [ RunTime:0.000000s ]
INFO: [ template_filter ] --END-- [ RunTime:0.001000s ]
NOTIC: [8] Undefined variable: title D:\WAMP\wamp\www\71\Application\Runtime\Cache\Home\f684d0b8e7f52fbdd496208cb8e3218a.php 第 22 行.
INFO: Run Behavior\ParseTemplateBehavior [ RunTime:0.011001s ]
INFO: [ view_parse ] --END-- [ RunTime:0.011001s ]
INFO: [ view_filter ] --START--
INFO: Run Behavior\WriteHtmlCacheBehavior [ RunTime:0.000000s ]
INFO: [ view_filter ] --END-- [ RunTime:0.000000s ]
INFO: [ app_end ] --START--
INFO: Run Behavior\ShowPageTraceBehavior [ RunTime:0.000000s ]
INFO: [ app_end ] --END-- [ RunTime:0.000000s ]

[ 2017-03-04T11:14:12+08:00 ] ::1 /71/index.php/Home/Game/kaifang.html
INFO: [ app_init ] --START--
INFO: Run Behavior\BuildLiteBehavior [ RunTime:0.000000s ]
INFO: [ app_init ] --END-- [ RunTime:0.001000s ]
INFO: [ app_begin ] --START--
INFO: Run Behavior\ReadHtmlCacheBehavior [ RunTime:0.001000s ]
INFO: [ app_begin ] --END-- [ RunTime:0.001000s ]
INFO: [ view_parse ] --START--
INFO: [ template_filter ] --START--
INFO: Run Behavior\ContentReplaceBehavior [ RunTime:0.001000s ]
INFO: [ template_filter ] --END-- [ RunTime:0.001000s ]
NOTIC: [8] Undefined variable: title D:\WAMP\wamp\www\71\Application\Runtime\Cache\Home\f684d0b8e7f52fbdd496208cb8e3218a.php 第 22 行.
INFO: Run Behavior\ParseTemplateBehavior [ RunTime:0.014001s ]
INFO: [ view_parse ] --END-- [ RunTime:0.015001s ]
INFO: [ view_filter ] --START--
INFO: Run Behavior\WriteHtmlCacheBehavior [ RunTime:0.000000s ]
INFO: [ view_filter ] --END-- [ RunTime:0.001000s ]
INFO: [ app_end ] --START--
INFO: Run Behavior\ShowPageTraceBehavior [ RunTime:0.001000s ]
INFO: [ app_end ] --END-- [ RunTime:0.001000s ]

[ 2017-03-04T11:14:32+08:00 ] ::1 /71/index.php/Home/Game/kaifang.html
INFO: [ app_init ] --START--
INFO: Run Behavior\BuildLiteBehavior [ RunTime:0.000000s ]
INFO: [ app_init ] --END-- [ RunTime:0.000000s ]
INFO: [ app_begin ] --START--
INFO: Run Behavior\ReadHtmlCacheBehavior [ RunTime:0.001000s ]
INFO: [ app_begin ] --END-- [ RunTime:0.001000s ]
INFO: [ view_parse ] --START--
INFO: [ template_filter ] --START--
INFO: Run Behavior\ContentReplaceBehavior [ RunTime:0.001000s ]
INFO: [ template_filter ] --END-- [ RunTime:0.001000s ]
NOTIC: [8] Undefined variable: title D:\WAMP\wamp\www\71\Application\Runtime\Cache\Home\f684d0b8e7f52fbdd496208cb8e3218a.php 第 22 行.
INFO: Run Behavior\ParseTemplateBehavior [ RunTime:0.009000s ]
INFO: [ view_parse ] --END-- [ RunTime:0.009000s ]
INFO: [ view_filter ] --START--
INFO: Run Behavior\WriteHtmlCacheBehavior [ RunTime:0.000000s ]
INFO: [ view_filter ] --END-- [ RunTime:0.000000s ]
INFO: [ app_end ] --START--
INFO: Run Behavior\ShowPageTraceBehavior [ RunTime:0.000000s ]
INFO: [ app_end ] --END-- [ RunTime:0.000000s ]

[ 2017-03-04T11:14:50+08:00 ] ::1 /71/index.php/Home/Game/kaifang.html
INFO: [ app_init ] --START--
INFO: Run Behavior\BuildLiteBehavior [ RunTime:0.001000s ]
INFO: [ app_init ] --END-- [ RunTime:0.001000s ]
INFO: [ app_begin ] --START--
INFO: Run Behavior\ReadHtmlCacheBehavior [ RunTime:0.001000s ]
INFO: [ app_begin ] --END-- [ RunTime:0.001000s ]
INFO: [ view_parse ] --START--
INFO: [ template_filter ] --START--
INFO: Run Behavior\ContentReplaceBehavior [ RunTime:0.001000s ]
INFO: [ template_filter ] --END-- [ RunTime:0.001000s ]
NOTIC: [8] Undefined variable: title D:\WAMP\wamp\www\71\Application\Runtime\Cache\Home\f684d0b8e7f52fbdd496208cb8e3218a.php 第 22 行.
INFO: Run Behavior\ParseTemplateBehavior [ RunTime:0.013001s ]
INFO: [ view_parse ] --END-- [ RunTime:0.013001s ]
INFO: [ view_filter ] --START--
INFO: Run Behavior\WriteHtmlCacheBehavior [ RunTime:0.001000s ]
INFO: [ view_filter ] --END-- [ RunTime:0.001000s ]
INFO: [ app_end ] --START--
INFO: Run Behavior\ShowPageTraceBehavior [ RunTime:0.001000s ]
INFO: [ app_end ] --END-- [ RunTime:0.001000s ]

[ 2017-03-04T11:15:11+08:00 ] ::1 /71/index.php/Home/Game/kaifang.html
INFO: [ app_init ] --START--
INFO: Run Behavior\BuildLiteBehavior [ RunTime:0.000000s ]
INFO: [ app_init ] --END-- [ RunTime:0.000000s ]
INFO: [ app_begin ] --START--
INFO: Run Behavior\ReadHtmlCacheBehavior [ RunTime:0.001000s ]
INFO: [ app_begin ] --END-- [ RunTime:0.001000s ]
INFO: [ view_parse ] --START--
INFO: [ template_filter ] --START--
INFO: Run Behavior\ContentReplaceBehavior [ RunTime:0.000000s ]
INFO: [ template_filter ] --END-- [ RunTime:0.000000s ]
NOTIC: [8] Undefined variable: title D:\WAMP\wamp\www\71\Application\Runtime\Cache\Home\f684d0b8e7f52fbdd496208cb8e3218a.php 第 22 行.
INFO: Run Behavior\ParseTemplateBehavior [ RunTime:0.010000s ]
INFO: [ view_parse ] --END-- [ RunTime:0.010000s ]
INFO: [ view_filter ] --START--
INFO: Run Behavior\WriteHtmlCacheBehavior [ RunTime:0.001000s ]
INFO: [ view_filter ] --END-- [ RunTime:0.001000s ]
INFO: [ app_end ] --START--
INFO: Run Behavior\ShowPageTraceBehavior [ RunTime:0.001000s ]
INFO: [ app_end ] --END-- [ RunTime:0.001000s ]

[ 2017-03-04T11:16:43+08:00 ] ::1 /71/index.php/Home/Game/kaifang.html
INFO: [ app_init ] --START--
INFO: Run Behavior\BuildLiteBehavior [ RunTime:0.000000s ]
INFO: [ app_init ] --END-- [ RunTime:0.001000s ]
INFO: [ app_begin ] --START--
INFO: Run Behavior\ReadHtmlCacheBehavior [ RunTime:0.000000s ]
INFO: [ app_begin ] --END-- [ RunTime:0.000000s ]
INFO: [ view_parse ] --START--
INFO: [ template_filter ] --START--
INFO: Run Behavior\ContentReplaceBehavior [ RunTime:0.000000s ]
INFO: [ template_filter ] --END-- [ RunTime:0.001000s ]
NOTIC: [8] Undefined variable: title D:\WAMP\wamp\www\71\Application\Runtime\Cache\Home\f684d0b8e7f52fbdd496208cb8e3218a.php 第 22 行.
INFO: Run Behavior\ParseTemplateBehavior [ RunTime:0.011000s ]
INFO: [ view_parse ] --END-- [ RunTime:0.011000s ]
INFO: [ view_filter ] --START--
INFO: Run Behavior\WriteHtmlCacheBehavior [ RunTime:0.001000s ]
INFO: [ view_filter ] --END-- [ RunTime:0.001000s ]
INFO: [ app_end ] --START--
INFO: Run Behavior\ShowPageTraceBehavior [ RunTime:0.001001s ]
INFO: [ app_end ] --END-- [ RunTime:0.001001s ]

[ 2017-03-04T11:21:27+08:00 ] ::1 /71/index.php/Home/Game/kaifang.html
INFO: [ app_init ] --START--
INFO: Run Behavior\BuildLiteBehavior [ RunTime:0.000000s ]
INFO: [ app_init ] --END-- [ RunTime:0.001000s ]
INFO: [ app_begin ] --START--
INFO: Run Behavior\ReadHtmlCacheBehavior [ RunTime:0.001000s ]
INFO: [ app_begin ] --END-- [ RunTime:0.001000s ]
INFO: [ view_parse ] --START--
INFO: [ template_filter ] --START--
INFO: Run Behavior\ContentReplaceBehavior [ RunTime:0.000000s ]
INFO: [ template_filter ] --END-- [ RunTime:0.000000s ]
NOTIC: [8] Undefined variable: title D:\WAMP\wamp\www\71\Application\Runtime\Cache\Home\f684d0b8e7f52fbdd496208cb8e3218a.php 第 22 行.
INFO: Run Behavior\ParseTemplateBehavior [ RunTime:0.014001s ]
INFO: [ view_parse ] --END-- [ RunTime:0.014001s ]
INFO: [ view_filter ] --START--
INFO: Run Behavior\WriteHtmlCacheBehavior [ RunTime:0.001000s ]
INFO: [ view_filter ] --END-- [ RunTime:0.001000s ]
INFO: [ app_end ] --START--
INFO: Run Behavior\ShowPageTraceBehavior [ RunTime:0.001000s ]
INFO: [ app_end ] --END-- [ RunTime:0.001000s ]

[ 2017-03-04T12:50:44+08:00 ] ::1 /71/index.php/Home/Game/kaifang.html
INFO: [ app_init ] --START--
INFO: Run Behavior\BuildLiteBehavior [ RunTime:0.000000s ]
INFO: [ app_init ] --END-- [ RunTime:0.001000s ]
INFO: [ app_begin ] --START--
INFO: Run Behavior\ReadHtmlCacheBehavior [ RunTime:0.001000s ]
INFO: [ app_begin ] --END-- [ RunTime:0.001000s ]
INFO: [ view_parse ] --START--
INFO: [ template_filter ] --START--
INFO: Run Behavior\ContentReplaceBehavior [ RunTime:0.000000s ]
INFO: [ template_filter ] --END-- [ RunTime:0.000000s ]
NOTIC: [8] Undefined variable: title D:\WAMP\wamp\www\71\Application\Runtime\Cache\Home\f684d0b8e7f52fbdd496208cb8e3218a.php 第 22 行.
INFO: Run Behavior\ParseTemplateBehavior [ RunTime:0.008000s ]
INFO: [ view_parse ] --END-- [ RunTime:0.008000s ]
INFO: [ view_filter ] --START--
INFO: Run Behavior\WriteHtmlCacheBehavior [ RunTime:0.000000s ]
INFO: [ view_filter ] --END-- [ RunTime:0.000000s ]
INFO: [ app_end ] --START--
INFO: Run Behavior\ShowPageTraceBehavior [ RunTime:0.000000s ]
INFO: [ app_end ] --END-- [ RunTime:0.001000s ]

[ 2017-03-04T13:42:35+08:00 ] ::1 /71/index.php/Home/Game/kaifang.html
INFO: [ app_init ] --START--
INFO: Run Behavior\BuildLiteBehavior [ RunTime:0.000000s ]
INFO: [ app_init ] --END-- [ RunTime:0.000000s ]
INFO: [ app_begin ] --START--
INFO: Run Behavior\ReadHtmlCacheBehavior [ RunTime:0.000000s ]
INFO: [ app_begin ] --END-- [ RunTime:0.000000s ]
INFO: [ view_parse ] --START--
INFO: [ template_filter ] --START--
INFO: Run Behavior\ContentReplaceBehavior [ RunTime:0.000000s ]
INFO: [ template_filter ] --END-- [ RunTime:0.000000s ]
NOTIC: [8] Undefined variable: title D:\WAMP\wamp\www\71\Application\Runtime\Cache\Home\f684d0b8e7f52fbdd496208cb8e3218a.php 第 22 行.
INFO: Run Behavior\ParseTemplateBehavior [ RunTime:0.015600s ]
INFO: [ view_parse ] --END-- [ RunTime:0.015600s ]
INFO: [ view_filter ] --START--
INFO: Run Behavior\WriteHtmlCacheBehavior [ RunTime:0.000000s ]
INFO: [ view_filter ] --END-- [ RunTime:0.000000s ]
INFO: [ app_end ] --START--
INFO: Run Behavior\ShowPageTraceBehavior [ RunTime:0.000000s ]
INFO: [ app_end ] --END-- [ RunTime:0.000000s ]

[ 2017-03-04T13:43:47+08:00 ] ::1 /71/index.php/Home/Game/kaifang.html
INFO: [ app_init ] --START--
INFO: Run Behavior\BuildLiteBehavior [ RunTime:0.000000s ]
INFO: [ app_init ] --END-- [ RunTime:0.001000s ]
INFO: [ app_begin ] --START--
INFO: Run Behavior\ReadHtmlCacheBehavior [ RunTime:0.001000s ]
INFO: [ app_begin ] --END-- [ RunTime:0.001000s ]
INFO: [ view_parse ] --START--
INFO: [ template_filter ] --START--
INFO: Run Behavior\ContentReplaceBehavior [ RunTime:0.000000s ]
INFO: [ template_filter ] --END-- [ RunTime:0.000000s ]
NOTIC: [8] Undefined variable: title D:\WAMP\wamp\www\71\Application\Runtime\Cache\Home\f684d0b8e7f52fbdd496208cb8e3218a.php 第 22 行.
INFO: Run Behavior\ParseTemplateBehavior [ RunTime:0.008001s ]
INFO: [ view_parse ] --END-- [ RunTime:0.008001s ]
INFO: [ view_filter ] --START--
INFO: Run Behavior\WriteHtmlCacheBehavior [ RunTime:0.001000s ]
INFO: [ view_filter ] --END-- [ RunTime:0.001000s ]
INFO: [ app_end ] --START--
INFO: Run Behavior\ShowPageTraceBehavior [ RunTime:0.001000s ]
INFO: [ app_end ] --END-- [ RunTime:0.001000s ]

[ 2017-03-04T13:44:05+08:00 ] ::1 /71/index.php/Home/Game/kaifang.html
INFO: [ app_init ] --START--
INFO: Run Behavior\BuildLiteBehavior [ RunTime:0.000000s ]
INFO: [ app_init ] --END-- [ RunTime:0.001000s ]
INFO: [ app_begin ] --START--
INFO: Run Behavior\ReadHtmlCacheBehavior [ RunTime:0.001000s ]
INFO: [ app_begin ] --END-- [ RunTime:0.001000s ]
INFO: [ view_parse ] --START--
INFO: [ template_filter ] --START--
INFO: Run Behavior\ContentReplaceBehavior [ RunTime:0.000000s ]
INFO: [ template_filter ] --END-- [ RunTime:0.000000s ]
NOTIC: [8] Undefined variable: title D:\WAMP\wamp\www\71\Application\Runtime\Cache\Home\f684d0b8e7f52fbdd496208cb8e3218a.php 第 22 行.
INFO: Run Behavior\ParseTemplateBehavior [ RunTime:0.013000s ]
INFO: [ view_parse ] --END-- [ RunTime:0.013000s ]
INFO: [ view_filter ] --START--
INFO: Run Behavior\WriteHtmlCacheBehavior [ RunTime:0.000000s ]
INFO: [ view_filter ] --END-- [ RunTime:0.000000s ]
INFO: [ app_end ] --START--
INFO: Run Behavior\ShowPageTraceBehavior [ RunTime:0.000000s ]
INFO: [ app_end ] --END-- [ RunTime:0.000000s ]

[ 2017-03-04T13:50:13+08:00 ] ::1 /71/index.php/Home/Game/kaifang.html
INFO: [ app_init ] --START--
INFO: Run Behavior\BuildLiteBehavior [ RunTime:0.001000s ]
INFO: [ app_init ] --END-- [ RunTime:0.001000s ]
INFO: [ app_begin ] --START--
INFO: Run Behavior\ReadHtmlCacheBehavior [ RunTime:0.001000s ]
INFO: [ app_begin ] --END-- [ RunTime:0.002000s ]
INFO: [ view_parse ] --START--
INFO: [ template_filter ] --START--
INFO: Run Behavior\ContentReplaceBehavior [ RunTime:0.000000s ]
INFO: [ template_filter ] --END-- [ RunTime:0.000000s ]
NOTIC: [8] Undefined variable: title D:\WAMP\wamp\www\71\Application\Runtime\Cache\Home\f684d0b8e7f52fbdd496208cb8e3218a.php 第 22 行.
INFO: Run Behavior\ParseTemplateBehavior [ RunTime:0.013001s ]
INFO: [ view_parse ] --END-- [ RunTime:0.014001s ]
INFO: [ view_filter ] --START--
INFO: Run Behavior\WriteHtmlCacheBehavior [ RunTime:0.001000s ]
INFO: [ view_filter ] --END-- [ RunTime:0.001000s ]
INFO: [ app_end ] --START--
INFO: Run Behavior\ShowPageTraceBehavior [ RunTime:0.001000s ]
INFO: [ app_end ] --END-- [ RunTime:0.001000s ]

[ 2017-03-04T13:51:50+08:00 ] ::1 /71/index.php/Home/Game/kaifang.html
INFO: [ app_init ] --START--
INFO: Run Behavior\BuildLiteBehavior [ RunTime:0.000000s ]
INFO: [ app_init ] --END-- [ RunTime:0.001000s ]
INFO: [ app_begin ] --START--
INFO: Run Behavior\ReadHtmlCacheBehavior [ RunTime:0.001000s ]
INFO: [ app_begin ] --END-- [ RunTime:0.001000s ]
INFO: [ view_parse ] --START--
INFO: [ template_filter ] --START--
INFO: Run Behavior\ContentReplaceBehavior [ RunTime:0.000000s ]
INFO: [ template_filter ] --END-- [ RunTime:0.000000s ]
NOTIC: [8] Undefined variable: title D:\WAMP\wamp\www\71\Application\Runtime\Cache\Home\f684d0b8e7f52fbdd496208cb8e3218a.php 第 22 行.
INFO: Run Behavior\ParseTemplateBehavior [ RunTime:0.009001s ]
INFO: [ view_parse ] --END-- [ RunTime:0.009001s ]
INFO: [ view_filter ] --START--
INFO: Run Behavior\WriteHtmlCacheBehavior [ RunTime:0.001000s ]
INFO: [ view_filter ] --END-- [ RunTime:0.001000s ]
INFO: [ app_end ] --START--
INFO: Run Behavior\ShowPageTraceBehavior [ RunTime:0.001000s ]
INFO: [ app_end ] --END-- [ RunTime:0.001000s ]

[ 2017-03-04T13:52:03+08:00 ] ::1 /71/index.php/Home/Game/kaifang.html
INFO: [ app_init ] --START--
INFO: Run Behavior\BuildLiteBehavior [ RunTime:0.000000s ]
INFO: [ app_init ] --END-- [ RunTime:0.001000s ]
INFO: [ app_begin ] --START--
INFO: Run Behavior\ReadHtmlCacheBehavior [ RunTime:0.001000s ]
INFO: [ app_begin ] --END-- [ RunTime:0.002001s ]
INFO: [ view_parse ] --START--
INFO: [ template_filter ] --START--
INFO: Run Behavior\ContentReplaceBehavior [ RunTime:0.000000s ]
INFO: [ template_filter ] --END-- [ RunTime:0.000000s ]
NOTIC: [8] Undefined variable: title D:\WAMP\wamp\www\71\Application\Runtime\Cache\Home\f684d0b8e7f52fbdd496208cb8e3218a.php 第 22 行.
INFO: Run Behavior\ParseTemplateBehavior [ RunTime:0.010000s ]
INFO: [ view_parse ] --END-- [ RunTime:0.010000s ]
INFO: [ view_filter ] --START--
INFO: Run Behavior\WriteHtmlCacheBehavior [ RunTime:0.001000s ]
INFO: [ view_filter ] --END-- [ RunTime:0.001000s ]
INFO: [ app_end ] --START--
INFO: Run Behavior\ShowPageTraceBehavior [ RunTime:0.001000s ]
INFO: [ app_end ] --END-- [ RunTime:0.001000s ]

[ 2017-03-04T13:52:12+08:00 ] ::1 /71/index.php/Home/Game/kaifang.html
INFO: [ app_init ] --START--
INFO: Run Behavior\BuildLiteBehavior [ RunTime:0.000000s ]
INFO: [ app_init ] --END-- [ RunTime:0.000000s ]
INFO: [ app_begin ] --START--
INFO: Run Behavior\ReadHtmlCacheBehavior [ RunTime:0.001000s ]
INFO: [ app_begin ] --END-- [ RunTime:0.001000s ]
INFO: [ view_parse ] --START--
INFO: [ template_filter ] --START--
INFO: Run Behavior\ContentReplaceBehavior [ RunTime:0.000000s ]
INFO: [ template_filter ] --END-- [ RunTime:0.000000s ]
NOTIC: [8] Undefined variable: title D:\WAMP\wamp\www\71\Application\Runtime\Cache\Home\f684d0b8e7f52fbdd496208cb8e3218a.php 第 22 行.
INFO: Run Behavior\ParseTemplateBehavior [ RunTime:0.012000s ]
INFO: [ view_parse ] --END-- [ RunTime:0.012000s ]
INFO: [ view_filter ] --START--
INFO: Run Behavior\WriteHtmlCacheBehavior [ RunTime:0.001000s ]
INFO: [ view_filter ] --END-- [ RunTime:0.001000s ]
INFO: [ app_end ] --START--
INFO: Run Behavior\ShowPageTraceBehavior [ RunTime:0.001000s ]
INFO: [ app_end ] --END-- [ RunTime:0.001000s ]

[ 2017-03-04T13:52:55+08:00 ] ::1 /71/index.php/Home/Game/kaifang.html
INFO: [ app_init ] --START--
INFO: Run Behavior\BuildLiteBehavior [ RunTime:0.000000s ]
INFO: [ app_init ] --END-- [ RunTime:0.001000s ]
INFO: [ app_begin ] --START--
INFO: Run Behavior\ReadHtmlCacheBehavior [ RunTime:0.000000s ]
INFO: [ app_begin ] --END-- [ RunTime:0.000000s ]
INFO: [ view_parse ] --START--
INFO: [ template_filter ] --START--
INFO: Run Behavior\ContentReplaceBehavior [ RunTime:0.000000s ]
INFO: [ template_filter ] --END-- [ RunTime:0.000000s ]
NOTIC: [8] Undefined variable: title D:\WAMP\wamp\www\71\Application\Runtime\Cache\Home\f684d0b8e7f52fbdd496208cb8e3218a.php 第 22 行.
INFO: Run Behavior\ParseTemplateBehavior [ RunTime:0.008000s ]
INFO: [ view_parse ] --END-- [ RunTime:0.009000s ]
INFO: [ view_filter ] --START--
INFO: Run Behavior\WriteHtmlCacheBehavior [ RunTime:0.001000s ]
INFO: [ view_filter ] --END-- [ RunTime:0.001000s ]
INFO: [ app_end ] --START--
INFO: Run Behavior\ShowPageTraceBehavior [ RunTime:0.001000s ]
INFO: [ app_end ] --END-- [ RunTime:0.001000s ]

[ 2017-03-04T13:53:01+08:00 ] ::1 /71/index.php/Home/Game/kaifang.html
INFO: [ app_init ] --START--
INFO: Run Behavior\BuildLiteBehavior [ RunTime:0.000000s ]
INFO: [ app_init ] --END-- [ RunTime:0.001000s ]
INFO: [ app_begin ] --START--
INFO: Run Behavior\ReadHtmlCacheBehavior [ RunTime:0.001000s ]
INFO: [ app_begin ] --END-- [ RunTime:0.002000s ]
INFO: [ view_parse ] --START--
INFO: [ template_filter ] --START--
INFO: Run Behavior\ContentReplaceBehavior [ RunTime:0.000000s ]
INFO: [ template_filter ] --END-- [ RunTime:0.001000s ]
NOTIC: [8] Undefined variable: title D:\WAMP\wamp\www\71\Application\Runtime\Cache\Home\f684d0b8e7f52fbdd496208cb8e3218a.php 第 22 行.
INFO: Run Behavior\ParseTemplateBehavior [ RunTime:0.012001s ]
INFO: [ view_parse ] --END-- [ RunTime:0.012001s ]
INFO: [ view_filter ] --START--
INFO: Run Behavior\WriteHtmlCacheBehavior [ RunTime:0.000000s ]
INFO: [ view_filter ] --END-- [ RunTime:0.000000s ]
INFO: [ app_end ] --START--
INFO: Run Behavior\ShowPageTraceBehavior [ RunTime:0.000000s ]
INFO: [ app_end ] --END-- [ RunTime:0.000000s ]

[ 2017-03-04T13:55:50+08:00 ] ::1 /71/index.php/Home/Game/kaifang.html
INFO: [ app_init ] --START--
INFO: Run Behavior\BuildLiteBehavior [ RunTime:0.000000s ]
INFO: [ app_init ] --END-- [ RunTime:0.001000s ]
INFO: [ app_begin ] --START--
INFO: Run Behavior\ReadHtmlCacheBehavior [ RunTime:0.000000s ]
INFO: [ app_begin ] --END-- [ RunTime:0.000000s ]
INFO: [ view_parse ] --START--
INFO: [ template_filter ] --START--
INFO: Run Behavior\ContentReplaceBehavior [ RunTime:0.000000s ]
INFO: [ template_filter ] --END-- [ RunTime:0.000000s ]
NOTIC: [8] Undefined variable: title D:\WAMP\wamp\www\71\Application\Runtime\Cache\Home\f684d0b8e7f52fbdd496208cb8e3218a.php 第 22 行.
INFO: Run Behavior\ParseTemplateBehavior [ RunTime:0.009001s ]
INFO: [ view_parse ] --END-- [ RunTime:0.009001s ]
INFO: [ view_filter ] --START--
INFO: Run Behavior\WriteHtmlCacheBehavior [ RunTime:0.000000s ]
INFO: [ view_filter ] --END-- [ RunTime:0.000000s ]
INFO: [ app_end ] --START--
INFO: Run Behavior\ShowPageTraceBehavior [ RunTime:0.000000s ]
INFO: [ app_end ] --END-- [ RunTime:0.000000s ]

[ 2017-03-04T13:55:56+08:00 ] ::1 /71/index.php/Home/Game/kaifang.html
INFO: [ app_init ] --START--
INFO: Run Behavior\BuildLiteBehavior [ RunTime:0.000000s ]
INFO: [ app_init ] --END-- [ RunTime:0.001000s ]
INFO: [ app_begin ] --START--
INFO: Run Behavior\ReadHtmlCacheBehavior [ RunTime:0.001000s ]
INFO: [ app_begin ] --END-- [ RunTime:0.001000s ]
INFO: [ view_parse ] --START--
INFO: [ template_filter ] --START--
INFO: Run Behavior\ContentReplaceBehavior [ RunTime:0.000000s ]
INFO: [ template_filter ] --END-- [ RunTime:0.000000s ]
NOTIC: [8] Undefined variable: title D:\WAMP\wamp\www\71\Application\Runtime\Cache\Home\f684d0b8e7f52fbdd496208cb8e3218a.php 第 22 行.
INFO: Run Behavior\ParseTemplateBehavior [ RunTime:0.014000s ]
INFO: [ view_parse ] --END-- [ RunTime:0.014000s ]
INFO: [ view_filter ] --START--
INFO: Run Behavior\WriteHtmlCacheBehavior [ RunTime:0.001001s ]
INFO: [ view_filter ] --END-- [ RunTime:0.001001s ]
INFO: [ app_end ] --START--
INFO: Run Behavior\ShowPageTraceBehavior [ RunTime:0.001000s ]
INFO: [ app_end ] --END-- [ RunTime:0.001000s ]

[ 2017-03-04T14:55:59+08:00 ] ::1 /71/index.php/Home/Game/fangjiannum.html
INFO: [ app_init ] --START--
INFO: Run Behavior\BuildLiteBehavior [ RunTime:0.000000s ]
INFO: [ app_init ] --END-- [ RunTime:0.001000s ]
INFO: [ app_begin ] --START--
INFO: Run Behavior\ReadHtmlCacheBehavior [ RunTime:0.001000s ]
INFO: [ app_begin ] --END-- [ RunTime:0.001000s ]
SQL: SHOW COLUMNS FROM `langrensha` [ RunTime:0.0160s ]
SQL: SHOW COLUMNS FROM `shenfen` [ RunTime:0.0060s ]
SQL: SHOW COLUMNS FROM `siren` [ RunTime:0.0060s ]
SQL: SHOW COLUMNS FROM `meiyesiren` [ RunTime:0.0050s ]
SQL: SHOW COLUMNS FROM `dijitian` [ RunTime:0.0060s ]
SQL: INSERT INTO `langrensha` (`fangjianhao`,`cunmin`,`langren`,`nvwu`,`yyj`,`lieren`,`rcunmin`,`rlangren`,`rnvwu`,`ryyj`,`rlieren`) VALUES ('5009','2','1','1','1','1','2','1','1','1','1') [ RunTime:0.0390s ]
SQL: INSERT INTO `shenfen` (`fangjianhao`) VALUES ('5009') [ RunTime:0.0170s ]
SQL: INSERT INTO `siren` (`fangjianhao`) VALUES ('5009') [ RunTime:0.0390s ]
SQL: INSERT INTO `meiyesiren` (`fangjianhao`) VALUES ('5009') [ RunTime:0.0560s ]
SQL: INSERT INTO `dijitian` (`fangjianhao`) VALUES ('5009') [ RunTime:0.0250s ]
SQL: SELECT * FROM `langrensha` WHERE ( fangjianhao='5009' ) LIMIT 1   [ RunTime:0.0010s ]
INFO: [ view_parse ] --START--
INFO: [ template_filter ] --START--
INFO: Run Behavior\ContentReplaceBehavior [ RunTime:0.000000s ]
INFO: [ template_filter ] --END-- [ RunTime:0.001000s ]
INFO: Run Behavior\ParseTemplateBehavior [ RunTime:0.025001s ]
INFO: [ view_parse ] --END-- [ RunTime:0.025001s ]
INFO: [ view_filter ] --START--
INFO: Run Behavior\WriteHtmlCacheBehavior [ RunTime:0.001000s ]
INFO: [ view_filter ] --END-- [ RunTime:0.001000s ]
INFO: [ app_end ] --START--
INFO: Run Behavior\ShowPageTraceBehavior [ RunTime:0.001000s ]
INFO: [ app_end ] --END-- [ RunTime:0.001000s ]

[ 2017-03-04T14:56:00+08:00 ] ::1 /71/index.php/Home/Game/gamehome/fangjianhao/5009.html
INFO: [ app_init ] --START--
INFO: Run Behavior\BuildLiteBehavior [ RunTime:0.000000s ]
INFO: [ app_init ] --END-- [ RunTime:0.001000s ]
INFO: [ app_begin ] --START--
INFO: Run Behavior\ReadHtmlCacheBehavior [ RunTime:0.001001s ]
INFO: [ app_begin ] --END-- [ RunTime:0.001001s ]
SQL: SHOW COLUMNS FROM `dijitian` [ RunTime:0.0020s ]
SQL: SELECT * FROM `dijitian` WHERE ( fangjianhao='5009' ) LIMIT 1   [ RunTime:0.0000s ]
SQL: UPDATE `dijitian` SET `day`='0' WHERE `fangjianhao` = 5009 [ RunTime:0.0480s ]
SQL: SHOW COLUMNS FROM `langrensha` [ RunTime:0.0030s ]
SQL: SELECT * FROM `langrensha` WHERE ( fangjianhao='5009' ) LIMIT 1   [ RunTime:0.0010s ]
NOTIC: [8] Use of undefined constant rcunmin - assumed 'rcunmin' D:\WAMP\wamp\www\71\Application\Home\Controller\GameController.class.php 第 113 行.
NOTIC: [8] Use of undefined constant rlangren - assumed 'rlangren' D:\WAMP\wamp\www\71\Application\Home\Controller\GameController.class.php 第 114 行.
NOTIC: [8] Use of undefined constant rnvwu - assumed 'rnvwu' D:\WAMP\wamp\www\71\Application\Home\Controller\GameController.class.php 第 115 行.
NOTIC: [8] Use of undefined constant ryyj - assumed 'ryyj' D:\WAMP\wamp\www\71\Application\Home\Controller\GameController.class.php 第 116 行.
NOTIC: [8] Use of undefined constant rlieren - assumed 'rlieren' D:\WAMP\wamp\www\71\Application\Home\Controller\GameController.class.php 第 117 行.
NOTIC: [8] Use of undefined constant rshouwei - assumed 'rshouwei' D:\WAMP\wamp\www\71\Application\Home\Controller\GameController.class.php 第 118 行.
NOTIC: [8] Use of undefined constant rbaichi - assumed 'rbaichi' D:\WAMP\wamp\www\71\Application\Home\Controller\GameController.class.php 第 119 行.
NOTIC: [8] Use of undefined constant rlieren - assumed 'rlieren' D:\WAMP\wamp\www\71\Application\Home\Controller\GameController.class.php 第 197 行.
SQL: UPDATE `langrensha` SET `rlieren`='0' WHERE `fangjianhao` = 5009 [ RunTime:0.0400s ]
NOTIC: [8] Use of undefined constant 号房 - assumed '号房' D:\WAMP\wamp\www\71\Application\Home\Controller\GameController.class.php 第 223 行.
INFO: [ view_parse ] --START--
INFO: [ template_filter ] --START--
INFO: Run Behavior\ContentReplaceBehavior [ RunTime:0.000000s ]
INFO: [ template_filter ] --END-- [ RunTime:0.000000s ]
INFO: Run Behavior\ParseTemplateBehavior [ RunTime:0.007000s ]
INFO: [ view_parse ] --END-- [ RunTime:0.007000s ]
INFO: [ view_filter ] --START--
INFO: Run Behavior\WriteHtmlCacheBehavior [ RunTime:0.001000s ]
INFO: [ view_filter ] --END-- [ RunTime:0.001000s ]
INFO: [ app_end ] --START--
INFO: Run Behavior\ShowPageTraceBehavior [ RunTime:0.000000s ]
INFO: [ app_end ] --END-- [ RunTime:0.001000s ]

[ 2017-03-04T14:56:03+08:00 ] ::1 /71/index.php/Home/Game/shenfen.html
INFO: [ app_init ] --START--
INFO: Run Behavior\BuildLiteBehavior [ RunTime:0.000000s ]
INFO: [ app_init ] --END-- [ RunTime:0.002001s ]
INFO: [ app_begin ] --START--
INFO: Run Behavior\ReadHtmlCacheBehavior [ RunTime:0.000000s ]
INFO: [ app_begin ] --END-- [ RunTime:0.001000s ]
SQL: SHOW COLUMNS FROM `shenfen` [ RunTime:0.0040s ]
SQL: SELECT * FROM `shenfen` WHERE ( fangjianhao='5009' ) LIMIT 1   [ RunTime:0.0010s ]
SQL: UPDATE `shenfen` SET `[1]`='猎人',`[2]`='',`[3]`='',`[4]`='',`[5]`='',`[6]`='',`[7]`='',`[8]`='',`[9]`='',`[10]`='',`[11]`='',`[12]`='' WHERE `fangjianhao` = 5009 [ RunTime:0.0250s ]
INFO: [ view_parse ] --START--
INFO: [ template_filter ] --START--
INFO: Run Behavior\ContentReplaceBehavior [ RunTime:0.001000s ]
INFO: [ template_filter ] --END-- [ RunTime:0.001000s ]
INFO: Run Behavior\ParseTemplateBehavior [ RunTime:0.017001s ]
INFO: [ view_parse ] --END-- [ RunTime:0.018001s ]
INFO: [ view_filter ] --START--
INFO: Run Behavior\WriteHtmlCacheBehavior [ RunTime:0.001000s ]
INFO: [ view_filter ] --END-- [ RunTime:0.001000s ]
INFO: [ app_end ] --START--
INFO: Run Behavior\ShowPageTraceBehavior [ RunTime:0.001000s ]
INFO: [ app_end ] --END-- [ RunTime:0.002000s ]

[ 2017-03-04T14:56:06+08:00 ] ::1 /71/index.php/Home/Game/lieren2.html
INFO: [ app_init ] --START--
INFO: Run Behavior\BuildLiteBehavior [ RunTime:0.000000s ]
INFO: [ app_init ] --END-- [ RunTime:0.001000s ]
INFO: [ app_begin ] --START--
INFO: Run Behavior\ReadHtmlCacheBehavior [ RunTime:0.001000s ]
INFO: [ app_begin ] --END-- [ RunTime:0.001000s ]
SQL: SHOW COLUMNS FROM `langrensha` [ RunTime:0.0160s ]
SQL: SHOW COLUMNS FROM `shenfen` [ RunTime:0.0040s ]
SQL: SHOW COLUMNS FROM `siren` [ RunTime:0.0050s ]
SQL: SHOW COLUMNS FROM `meiyesiren` [ RunTime:0.0040s ]
SQL: SELECT * FROM `langrensha` WHERE ( fangjianhao='' ) LIMIT 1   [ RunTime:0.0000s ]
SQL: SELECT * FROM `shenfen` WHERE ( fangjianhao='' ) LIMIT 1   [ RunTime:0.0000s ]
SQL: SELECT * FROM `siren` WHERE ( fangjianhao='' ) LIMIT 1   [ RunTime:0.0010s ]
SQL: SELECT * FROM `meiyesiren` WHERE ( fangjianhao='' ) LIMIT 1   [ RunTime:0.0010s ]

[ 2017-03-04T15:11:39+08:00 ] ::1 /71/index.php/Home/Game/tianliangle.html
INFO: [ app_init ] --START--
INFO: Run Behavior\BuildLiteBehavior [ RunTime:0.000000s ]
INFO: [ app_init ] --END-- [ RunTime:0.001001s ]
INFO: [ app_begin ] --START--
INFO: Run Behavior\ReadHtmlCacheBehavior [ RunTime:0.001000s ]
INFO: [ app_begin ] --END-- [ RunTime:0.001000s ]
SQL: SHOW COLUMNS FROM `meiyesiren` [ RunTime:0.0100s ]
SQL: SHOW COLUMNS FROM `dijitian` [ RunTime:0.0060s ]
SQL: SELECT * FROM `meiyesiren` WHERE ( fangjianhao='5009' ) LIMIT 1   [ RunTime:0.0010s ]
SQL: SELECT * FROM `dijitian` WHERE ( fangjianhao='5009' ) LIMIT 1   [ RunTime:0.0000s ]
NOTIC: [8] Undefined index: [0] D:\WAMP\wamp\www\71\Application\Home\Controller\GameController.class.php 第 646 行.

[ 2017-03-04T15:11:40+08:00 ] ::1 /71/index.php/Home/Game/tianliangle.html
INFO: [ app_init ] --START--
INFO: Run Behavior\BuildLiteBehavior [ RunTime:0.000000s ]
INFO: [ app_init ] --END-- [ RunTime:0.001000s ]
INFO: [ app_begin ] --START--
INFO: Run Behavior\ReadHtmlCacheBehavior [ RunTime:0.000000s ]
INFO: [ app_begin ] --END-- [ RunTime:0.001000s ]
SQL: SHOW COLUMNS FROM `meiyesiren` [ RunTime:0.0100s ]
SQL: SHOW COLUMNS FROM `dijitian` [ RunTime:0.0030s ]
SQL: SELECT * FROM `meiyesiren` WHERE ( fangjianhao='5009' ) LIMIT 1   [ RunTime:0.0010s ]
SQL: SELECT * FROM `dijitian` WHERE ( fangjianhao='5009' ) LIMIT 1   [ RunTime:0.0000s ]
NOTIC: [8] Undefined index: [0] D:\WAMP\wamp\www\71\Application\Home\Controller\GameController.class.php 第 646 行.

[ 2017-03-04T15:11:43+08:00 ] ::1 /71/index.php/Home/Game/tianliangle.html
INFO: [ app_init ] --START--
INFO: Run Behavior\BuildLiteBehavior [ RunTime:0.000000s ]
INFO: [ app_init ] --END-- [ RunTime:0.001000s ]
INFO: [ app_begin ] --START--
INFO: Run Behavior\ReadHtmlCacheBehavior [ RunTime:0.001000s ]
INFO: [ app_begin ] --END-- [ RunTime:0.001000s ]
SQL: SHOW COLUMNS FROM `meiyesiren` [ RunTime:0.0050s ]
SQL: SHOW COLUMNS FROM `dijitian` [ RunTime:0.0050s ]
SQL: SELECT * FROM `meiyesiren` WHERE ( fangjianhao='5009' ) LIMIT 1   [ RunTime:0.0000s ]
SQL: SELECT * FROM `dijitian` WHERE ( fangjianhao='5009' ) LIMIT 1   [ RunTime:0.0010s ]
NOTIC: [8] Undefined index: [0] D:\WAMP\wamp\www\71\Application\Home\Controller\GameController.class.php 第 646 行.

[ 2017-03-04T15:13:53+08:00 ] ::1 /71/index.php/Home/Game/shenfen.html
INFO: [ app_init ] --START--
INFO: Run Behavior\BuildLiteBehavior [ RunTime:0.000000s ]
INFO: [ app_init ] --END-- [ RunTime:0.001000s ]
INFO: [ app_begin ] --START--
INFO: Run Behavior\ReadHtmlCacheBehavior [ RunTime:0.000000s ]
INFO: [ app_begin ] --END-- [ RunTime:0.001000s ]
SQL: SHOW COLUMNS FROM `shenfen` [ RunTime:0.0030s ]
SQL: SELECT * FROM `shenfen` WHERE ( fangjianhao='5009' ) LIMIT 1   [ RunTime:0.0000s ]
SQL: UPDATE `shenfen` SET `[1]`='猎人',`[2]`='',`[3]`='',`[4]`='',`[5]`='',`[6]`='',`[7]`='',`[8]`='',`[9]`='',`[10]`='',`[11]`='',`[12]`='' WHERE `fangjianhao` = 5009 [ RunTime:0.0540s ]
INFO: [ view_parse ] --START--
INFO: [ template_filter ] --START--
INFO: Run Behavior\ContentReplaceBehavior [ RunTime:0.000000s ]
INFO: [ template_filter ] --END-- [ RunTime:0.000000s ]
INFO: Run Behavior\ParseTemplateBehavior [ RunTime:0.026002s ]
INFO: [ view_parse ] --END-- [ RunTime:0.027002s ]
INFO: [ view_filter ] --START--
INFO: Run Behavior\WriteHtmlCacheBehavior [ RunTime:0.000000s ]
INFO: [ view_filter ] --END-- [ RunTime:0.001000s ]
INFO: [ app_end ] --START--
INFO: Run Behavior\ShowPageTraceBehavior [ RunTime:0.001000s ]
INFO: [ app_end ] --END-- [ RunTime:0.001000s ]

[ 2017-03-04T15:13:54+08:00 ] ::1 /71/index.php/Home/Game/lieren2.html
INFO: [ app_init ] --START--
INFO: Run Behavior\BuildLiteBehavior [ RunTime:0.000000s ]
INFO: [ app_init ] --END-- [ RunTime:0.000000s ]
INFO: [ app_begin ] --START--
INFO: Run Behavior\ReadHtmlCacheBehavior [ RunTime:0.001000s ]
INFO: [ app_begin ] --END-- [ RunTime:0.001000s ]
SQL: SHOW COLUMNS FROM `langrensha` [ RunTime:0.0030s ]
SQL: SHOW COLUMNS FROM `shenfen` [ RunTime:0.0030s ]
SQL: SHOW COLUMNS FROM `siren` [ RunTime:0.0030s ]
SQL: SHOW COLUMNS FROM `meiyesiren` [ RunTime:0.0020s ]
SQL: SELECT * FROM `langrensha` WHERE ( fangjianhao='' ) LIMIT 1   [ RunTime:0.0000s ]
SQL: SELECT * FROM `shenfen` WHERE ( fangjianhao='' ) LIMIT 1   [ RunTime:0.0000s ]
SQL: SELECT * FROM `siren` WHERE ( fangjianhao='' ) LIMIT 1   [ RunTime:0.0000s ]
SQL: SELECT * FROM `meiyesiren` WHERE ( fangjianhao='' ) LIMIT 1   [ RunTime:0.0000s ]

[ 2017-03-04T15:17:30+08:00 ] ::1 /71/index.php/Home/Game/lieren2.html
INFO: [ app_init ] --START--
INFO: Run Behavior\BuildLiteBehavior [ RunTime:0.000000s ]
INFO: [ app_init ] --END-- [ RunTime:0.001000s ]
INFO: [ app_begin ] --START--
INFO: Run Behavior\ReadHtmlCacheBehavior [ RunTime:0.001000s ]
INFO: [ app_begin ] --END-- [ RunTime:0.001000s ]
SQL: SHOW COLUMNS FROM `langrensha` [ RunTime:0.0120s ]
SQL: SHOW COLUMNS FROM `shenfen` [ RunTime:0.0020s ]
SQL: SHOW COLUMNS FROM `siren` [ RunTime:0.0030s ]
SQL: SHOW COLUMNS FROM `meiyesiren` [ RunTime:0.0140s ]
SQL: SELECT * FROM `langrensha` WHERE ( fangjianhao='' ) LIMIT 1   [ RunTime:0.0000s ]
SQL: SELECT * FROM `shenfen` WHERE ( fangjianhao='' ) LIMIT 1   [ RunTime:0.0000s ]
SQL: SELECT * FROM `siren` WHERE ( fangjianhao='' ) LIMIT 1   [ RunTime:0.0010s ]
SQL: SELECT * FROM `meiyesiren` WHERE ( fangjianhao='' ) LIMIT 1   [ RunTime:0.0000s ]

