[ 2017-09-29T09:42:15+08:00 ] ::1 /71/Public/css/bootstrap.css.map
INFO: [ app_init ] --START--
INFO: Run Behavior\BuildLiteBehavior [ RunTime:0.000000s ]
INFO: [ app_init ] --END-- [ RunTime:0.000000s ]
ERR: 无法加载模块:Public
NOTIC: [2] include(D:\WAMP\wamp\www\71\ThinkPHP/Tpl/think_exception.tpl): failed to open stream: No such file or directory D:\WAMP\wamp\www\71\ThinkPHP\Library\Think\Think.class.php 第 314 行.
NOTIC: [2] include(): Failed opening 'D:\WAMP\wamp\www\71\ThinkPHP/Tpl/think_exception.tpl' for inclusion (include_path='.;C:\php\pear') D:\WAMP\wamp\www\71\ThinkPHP\Library\Think\Think.class.php 第 314 行.

[ 2017-09-29T09:42:17+08:00 ] ::1 /71/Public/css/bootstrap.css.map
INFO: [ app_init ] --START--
INFO: Run Behavior\BuildLiteBehavior [ RunTime:0.000000s ]
INFO: [ app_init ] --END-- [ RunTime:0.000000s ]
ERR: 无法加载模块:Public
NOTIC: [2] include(D:\WAMP\wamp\www\71\ThinkPHP/Tpl/think_exception.tpl): failed to open stream: No such file or directory D:\WAMP\wamp\www\71\ThinkPHP\Library\Think\Think.class.php 第 314 行.
NOTIC: [2] include(): Failed opening 'D:\WAMP\wamp\www\71\ThinkPHP/Tpl/think_exception.tpl' for inclusion (include_path='.;C:\php\pear') D:\WAMP\wamp\www\71\ThinkPHP\Library\Think\Think.class.php 第 314 行.

[ 2017-09-29T09:45:12+08:00 ] ::1 /71/Public/css/bootstrap.css.map
INFO: [ app_init ] --START--
INFO: Run Behavior\BuildLiteBehavior [ RunTime:0.000000s ]
INFO: [ app_init ] --END-- [ RunTime:0.000000s ]
ERR: 无法加载模块:Public
NOTIC: [2] include(D:\WAMP\wamp\www\71\ThinkPHP/Tpl/think_exception.tpl): failed to open stream: No such file or directory D:\WAMP\wamp\www\71\ThinkPHP\Library\Think\Think.class.php 第 314 行.
NOTIC: [2] include(): Failed opening 'D:\WAMP\wamp\www\71\ThinkPHP/Tpl/think_exception.tpl' for inclusion (include_path='.;C:\php\pear') D:\WAMP\wamp\www\71\ThinkPHP\Library\Think\Think.class.php 第 314 行.

[ 2017-09-29T09:45:14+08:00 ] ::1 /71/Public/css/bootstrap.css.map
INFO: [ app_init ] --START--
INFO: Run Behavior\BuildLiteBehavior [ RunTime:0.000000s ]
INFO: [ app_init ] --END-- [ RunTime:0.000000s ]
ERR: 无法加载模块:Public
NOTIC: [2] include(D:\WAMP\wamp\www\71\ThinkPHP/Tpl/think_exception.tpl): failed to open stream: No such file or directory D:\WAMP\wamp\www\71\ThinkPHP\Library\Think\Think.class.php 第 314 行.
NOTIC: [2] include(): Failed opening 'D:\WAMP\wamp\www\71\ThinkPHP/Tpl/think_exception.tpl' for inclusion (include_path='.;C:\php\pear') D:\WAMP\wamp\www\71\ThinkPHP\Library\Think\Think.class.php 第 314 行.

[ 2017-09-29T09:45:15+08:00 ] ::1 /71/Public/css/bootstrap.css.map
INFO: [ app_init ] --START--
INFO: Run Behavior\BuildLiteBehavior [ RunTime:0.000000s ]
INFO: [ app_init ] --END-- [ RunTime:0.000000s ]
ERR: 无法加载模块:Public
NOTIC: [2] include(D:\WAMP\wamp\www\71\ThinkPHP/Tpl/think_exception.tpl): failed to open stream: No such file or directory D:\WAMP\wamp\www\71\ThinkPHP\Library\Think\Think.class.php 第 314 行.
NOTIC: [2] include(): Failed opening 'D:\WAMP\wamp\www\71\ThinkPHP/Tpl/think_exception.tpl' for inclusion (include_path='.;C:\php\pear') D:\WAMP\wamp\www\71\ThinkPHP\Library\Think\Think.class.php 第 314 行.

[ 2017-09-29T09:45:20+08:00 ] ::1 /71/Public/css/bootstrap.css.map
INFO: [ app_init ] --START--
INFO: Run Behavior\BuildLiteBehavior [ RunTime:0.000000s ]
INFO: [ app_init ] --END-- [ RunTime:0.001000s ]
ERR: 无法加载模块:Public
NOTIC: [2] include(D:\WAMP\wamp\www\71\ThinkPHP/Tpl/think_exception.tpl): failed to open stream: No such file or directory D:\WAMP\wamp\www\71\ThinkPHP\Library\Think\Think.class.php 第 314 行.
NOTIC: [2] include(): Failed opening 'D:\WAMP\wamp\www\71\ThinkPHP/Tpl/think_exception.tpl' for inclusion (include_path='.;C:\php\pear') D:\WAMP\wamp\www\71\ThinkPHP\Library\Think\Think.class.php 第 314 行.

[ 2017-09-29T09:45:26+08:00 ] ::1 /71/Public/css/bootstrap.css.map
INFO: [ app_init ] --START--
INFO: Run Behavior\BuildLiteBehavior [ RunTime:0.000000s ]
INFO: [ app_init ] --END-- [ RunTime:0.001000s ]
ERR: 无法加载模块:Public
NOTIC: [2] include(D:\WAMP\wamp\www\71\ThinkPHP/Tpl/think_exception.tpl): failed to open stream: No such file or directory D:\WAMP\wamp\www\71\ThinkPHP\Library\Think\Think.class.php 第 314 行.
NOTIC: [2] include(): Failed opening 'D:\WAMP\wamp\www\71\ThinkPHP/Tpl/think_exception.tpl' for inclusion (include_path='.;C:\php\pear') D:\WAMP\wamp\www\71\ThinkPHP\Library\Think\Think.class.php 第 314 行.

[ 2017-09-29T11:29:05+08:00 ] ::1 /71/Public/css/bootstrap.css.map
INFO: [ app_init ] --START--
INFO: Run Behavior\BuildLiteBehavior [ RunTime:0.000000s ]
INFO: [ app_init ] --END-- [ RunTime:0.001000s ]
ERR: 无法加载模块:Public
NOTIC: [2] include(D:\WAMP\wamp\www\71\ThinkPHP/Tpl/think_exception.tpl): failed to open stream: No such file or directory D:\WAMP\wamp\www\71\ThinkPHP\Library\Think\Think.class.php 第 314 行.
NOTIC: [2] include(): Failed opening 'D:\WAMP\wamp\www\71\ThinkPHP/Tpl/think_exception.tpl' for inclusion (include_path='.;C:\php\pear') D:\WAMP\wamp\www\71\ThinkPHP\Library\Think\Think.class.php 第 314 行.

[ 2017-09-29T11:29:52+08:00 ] ::1 /71/Public/css/bootstrap.css.map
INFO: [ app_init ] --START--
INFO: Run Behavior\BuildLiteBehavior [ RunTime:0.000000s ]
INFO: [ app_init ] --END-- [ RunTime:0.000000s ]
ERR: 无法加载模块:Public
NOTIC: [2] include(D:\WAMP\wamp\www\71\ThinkPHP/Tpl/think_exception.tpl): failed to open stream: No such file or directory D:\WAMP\wamp\www\71\ThinkPHP\Library\Think\Think.class.php 第 314 行.
NOTIC: [2] include(): Failed opening 'D:\WAMP\wamp\www\71\ThinkPHP/Tpl/think_exception.tpl' for inclusion (include_path='.;C:\php\pear') D:\WAMP\wamp\www\71\ThinkPHP\Library\Think\Think.class.php 第 314 行.

