[ 2017-07-21T11:50:35+08:00 ] ::1 /EntranceEducation/index.php/User/index
INFO: [ app_init ] --START--
INFO: Run Behavior\BuildLiteBehavior [ RunTime:0.000000s ]
INFO: [ app_init ] --END-- [ RunTime:0.001000s ]
INFO: [ app_begin ] --START--
INFO: Run Behavior\ReadHtmlCacheBehavior [ RunTime:0.001000s ]
INFO: [ app_begin ] --END-- [ RunTime:0.002001s ]
SQL: SHOW COLUMNS FROM `db_student_info` [ RunTime:0.0030s ]
SQL: SELECT * FROM `db_student_info` WHERE `openId` = 'o_88Bj6aebK2XYfoh7cU9cV0dzx0' LIMIT 1   [ RunTime:0.0010s ]
SQL: SELECT * FROM `db_student_info` WHERE `openId` = 'o_88Bj6aebK2XYfoh7cU9cV0dzx0' LIMIT 1   [ RunTime:0.0010s ]
INFO: [ view_parse ] --START--
INFO: [ template_filter ] --START--
INFO: Run Behavior\ContentReplaceBehavior [ RunTime:0.000000s ]
INFO: [ template_filter ] --END-- [ RunTime:0.000000s ]
NOTIC: [8] Undefined variable: requirement1 D:\wamp\www\EntranceEducation\Application\Runtime\Cache\Student\41c95c46263d66b093a1d290cfe4fa6a.php 第 47 行.
NOTIC: [8] Undefined variable: requirement2 D:\wamp\www\EntranceEducation\Application\Runtime\Cache\Student\41c95c46263d66b093a1d290cfe4fa6a.php 第 57 行.
INFO: Run Behavior\ParseTemplateBehavior [ RunTime:0.009000s ]
INFO: [ view_parse ] --END-- [ RunTime:0.009000s ]
INFO: [ view_filter ] --START--
INFO: Run Behavior\WriteHtmlCacheBehavior [ RunTime:0.000000s ]
INFO: [ view_filter ] --END-- [ RunTime:0.000000s ]
INFO: [ app_end ] --START--
INFO: Run Behavior\ShowPageTraceBehavior [ RunTime:0.000000s ]
INFO: [ app_end ] --END-- [ RunTime:0.001000s ]

[ 2017-07-21T12:13:20+08:00 ] ::1 /EntranceEducation/index.php/Test/testList
INFO: [ app_init ] --START--
INFO: Run Behavior\BuildLiteBehavior [ RunTime:0.000000s ]
INFO: [ app_init ] --END-- [ RunTime:0.001001s ]
INFO: [ app_begin ] --START--
INFO: Run Behavior\ReadHtmlCacheBehavior [ RunTime:0.001000s ]
INFO: [ app_begin ] --END-- [ RunTime:0.001000s ]
SQL: SHOW COLUMNS FROM `db_teacher_quiz` [ RunTime:0.0050s ]
SQL: SELECT * FROM `db_teacher_quiz` WHERE `state` <> '' ORDER BY time desc  [ RunTime:0.0010s ]
SQL: SHOW COLUMNS FROM `db_student_classtest_record` [ RunTime:0.0250s ]
SQL: SELECT * FROM `db_student_classtest_record` WHERE `openId` = 'o_88Bj6aebK2XYfoh7cU9cV0dzx0' AND `quizId` = 13 LIMIT 1   [ RunTime:0.0010s ]
SQL: SELECT * FROM `db_student_classtest_record` WHERE `quizId` = 13  [ RunTime:0.0000s ]
SQL: SELECT * FROM `db_student_classtest_record` WHERE `openId` = 'o_88Bj6aebK2XYfoh7cU9cV0dzx0' AND `quizId` = 12 LIMIT 1   [ RunTime:0.0010s ]
SQL: SELECT * FROM `db_student_classtest_record` WHERE `quizId` = 12  [ RunTime:0.0010s ]
SQL: SELECT * FROM `db_student_classtest_record` WHERE `openId` = 'o_88Bj6aebK2XYfoh7cU9cV0dzx0' AND `quizId` = 11 LIMIT 1   [ RunTime:0.0010s ]
SQL: SELECT * FROM `db_student_classtest_record` WHERE `quizId` = 11  [ RunTime:0.0010s ]
SQL: SELECT * FROM `db_student_classtest_record` WHERE `openId` = 'o_88Bj6aebK2XYfoh7cU9cV0dzx0' AND `quizId` = 10 LIMIT 1   [ RunTime:0.0010s ]
SQL: SELECT * FROM `db_student_classtest_record` WHERE `quizId` = 10  [ RunTime:0.0010s ]
SQL: SELECT * FROM `db_student_classtest_record` WHERE `openId` = 'o_88Bj6aebK2XYfoh7cU9cV0dzx0' AND `quizId` = 9 LIMIT 1   [ RunTime:0.0010s ]
SQL: SELECT * FROM `db_student_classtest_record` WHERE `quizId` = 9  [ RunTime:0.0010s ]
SQL: SELECT * FROM `db_student_classtest_record` WHERE `openId` = 'o_88Bj6aebK2XYfoh7cU9cV0dzx0' AND `quizId` = 8 LIMIT 1   [ RunTime:0.0010s ]
SQL: SELECT * FROM `db_student_classtest_record` WHERE `quizId` = 8  [ RunTime:0.0010s ]
INFO: [ view_parse ] --START--
INFO: [ template_filter ] --START--
INFO: Run Behavior\ContentReplaceBehavior [ RunTime:0.000000s ]
INFO: [ template_filter ] --END-- [ RunTime:0.000000s ]
INFO: Run Behavior\ParseTemplateBehavior [ RunTime:0.011001s ]
INFO: [ view_parse ] --END-- [ RunTime:0.011001s ]
INFO: [ view_filter ] --START--
INFO: Run Behavior\WriteHtmlCacheBehavior [ RunTime:0.001000s ]
INFO: [ view_filter ] --END-- [ RunTime:0.001000s ]
INFO: [ app_end ] --START--
INFO: Run Behavior\ShowPageTraceBehavior [ RunTime:0.001000s ]
INFO: [ app_end ] --END-- [ RunTime:0.001000s ]

[ 2017-07-21T12:14:19+08:00 ] ::1 /EntranceEducation/index.php/User/index
INFO: [ app_init ] --START--
INFO: Run Behavior\BuildLiteBehavior [ RunTime:0.000000s ]
INFO: [ app_init ] --END-- [ RunTime:0.001000s ]
INFO: [ app_begin ] --START--
INFO: Run Behavior\ReadHtmlCacheBehavior [ RunTime:0.001000s ]
INFO: [ app_begin ] --END-- [ RunTime:0.001000s ]
SQL: SHOW COLUMNS FROM `db_student_info` [ RunTime:0.0170s ]
SQL: SELECT * FROM `db_student_info` WHERE `openId` = 'o_88Bj6aebK2XYfoh7cU9cV0dzx0' LIMIT 1   [ RunTime:0.0000s ]
SQL: SELECT * FROM `db_student_info` WHERE `openId` = 'o_88Bj6aebK2XYfoh7cU9cV0dzx0' LIMIT 1   [ RunTime:0.0000s ]
INFO: [ view_parse ] --START--
INFO: [ template_filter ] --START--
INFO: Run Behavior\ContentReplaceBehavior [ RunTime:0.000000s ]
INFO: [ template_filter ] --END-- [ RunTime:0.000000s ]
NOTIC: [8] Undefined variable: requirement1 D:\wamp\www\EntranceEducation\Application\Runtime\Cache\Student\41c95c46263d66b093a1d290cfe4fa6a.php 第 47 行.
NOTIC: [8] Undefined variable: requirement2 D:\wamp\www\EntranceEducation\Application\Runtime\Cache\Student\41c95c46263d66b093a1d290cfe4fa6a.php 第 57 行.
INFO: Run Behavior\ParseTemplateBehavior [ RunTime:0.012001s ]
INFO: [ view_parse ] --END-- [ RunTime:0.012001s ]
INFO: [ view_filter ] --START--
INFO: Run Behavior\WriteHtmlCacheBehavior [ RunTime:0.001000s ]
INFO: [ view_filter ] --END-- [ RunTime:0.001000s ]
INFO: [ app_end ] --START--
INFO: Run Behavior\ShowPageTraceBehavior [ RunTime:0.001000s ]
INFO: [ app_end ] --END-- [ RunTime:0.001000s ]

[ 2017-07-21T12:14:57+08:00 ] ::1 /EntranceEducation/index.php/User/index
INFO: [ app_init ] --START--
INFO: Run Behavior\BuildLiteBehavior [ RunTime:0.000000s ]
INFO: [ app_init ] --END-- [ RunTime:0.001000s ]
INFO: [ app_begin ] --START--
INFO: Run Behavior\ReadHtmlCacheBehavior [ RunTime:0.001000s ]
INFO: [ app_begin ] --END-- [ RunTime:0.001000s ]
SQL: SHOW COLUMNS FROM `db_student_info` [ RunTime:0.0030s ]
SQL: SELECT * FROM `db_student_info` WHERE `openId` = 'o_88Bj6aebK2XYfoh7cU9cV0dzx0' LIMIT 1   [ RunTime:0.0000s ]
SQL: SELECT * FROM `db_student_info` WHERE `openId` = 'o_88Bj6aebK2XYfoh7cU9cV0dzx0' LIMIT 1   [ RunTime:0.0000s ]
INFO: [ view_parse ] --START--
INFO: [ template_filter ] --START--
INFO: Run Behavior\ContentReplaceBehavior [ RunTime:0.000000s ]
INFO: [ template_filter ] --END-- [ RunTime:0.000000s ]
NOTIC: [8] Undefined variable: requirement1 D:\wamp\www\EntranceEducation\Application\Runtime\Cache\Student\41c95c46263d66b093a1d290cfe4fa6a.php 第 47 行.
NOTIC: [8] Undefined variable: requirement2 D:\wamp\www\EntranceEducation\Application\Runtime\Cache\Student\41c95c46263d66b093a1d290cfe4fa6a.php 第 57 行.
INFO: Run Behavior\ParseTemplateBehavior [ RunTime:0.008001s ]
INFO: [ view_parse ] --END-- [ RunTime:0.008001s ]
INFO: [ view_filter ] --START--
INFO: Run Behavior\WriteHtmlCacheBehavior [ RunTime:0.000000s ]
INFO: [ view_filter ] --END-- [ RunTime:0.001000s ]
INFO: [ app_end ] --START--
INFO: Run Behavior\ShowPageTraceBehavior [ RunTime:0.000000s ]
INFO: [ app_end ] --END-- [ RunTime:0.000000s ]

[ 2017-07-21T12:15:03+08:00 ] ::1 /EntranceEducation/index.php/User/index
INFO: [ app_init ] --START--
INFO: Run Behavior\BuildLiteBehavior [ RunTime:0.000000s ]
INFO: [ app_init ] --END-- [ RunTime:0.001000s ]
INFO: [ app_begin ] --START--
INFO: Run Behavior\ReadHtmlCacheBehavior [ RunTime:0.001000s ]
INFO: [ app_begin ] --END-- [ RunTime:0.001000s ]
SQL: SHOW COLUMNS FROM `db_student_info` [ RunTime:0.0030s ]
SQL: SELECT * FROM `db_student_info` WHERE `openId` = 'o_88Bj6aebK2XYfoh7cU9cV0dzx0' LIMIT 1   [ RunTime:0.0000s ]
SQL: SELECT * FROM `db_student_info` WHERE `openId` = 'o_88Bj6aebK2XYfoh7cU9cV0dzx0' LIMIT 1   [ RunTime:0.0000s ]
INFO: [ view_parse ] --START--
INFO: [ template_filter ] --START--
INFO: Run Behavior\ContentReplaceBehavior [ RunTime:0.000000s ]
INFO: [ template_filter ] --END-- [ RunTime:0.000000s ]
NOTIC: [8] Undefined variable: requirement1 D:\wamp\www\EntranceEducation\Application\Runtime\Cache\Student\41c95c46263d66b093a1d290cfe4fa6a.php 第 47 行.
NOTIC: [8] Undefined variable: requirement2 D:\wamp\www\EntranceEducation\Application\Runtime\Cache\Student\41c95c46263d66b093a1d290cfe4fa6a.php 第 57 行.
INFO: Run Behavior\ParseTemplateBehavior [ RunTime:0.008001s ]
INFO: [ view_parse ] --END-- [ RunTime:0.008001s ]
INFO: [ view_filter ] --START--
INFO: Run Behavior\WriteHtmlCacheBehavior [ RunTime:0.000000s ]
INFO: [ view_filter ] --END-- [ RunTime:0.000000s ]
INFO: [ app_end ] --START--
INFO: Run Behavior\ShowPageTraceBehavior [ RunTime:0.000000s ]
INFO: [ app_end ] --END-- [ RunTime:0.000000s ]

[ 2017-07-21T12:15:37+08:00 ] ::1 /EntranceEducation/index.php/User/index
INFO: [ app_init ] --START--
INFO: Run Behavior\BuildLiteBehavior [ RunTime:0.000000s ]
INFO: [ app_init ] --END-- [ RunTime:0.000000s ]
INFO: [ app_begin ] --START--
INFO: Run Behavior\ReadHtmlCacheBehavior [ RunTime:0.000000s ]
INFO: [ app_begin ] --END-- [ RunTime:0.000000s ]
SQL: SHOW COLUMNS FROM `db_student_info` [ RunTime:0.0220s ]
SQL: SELECT * FROM `db_student_info` WHERE `openId` = 'o_88Bj6aebK2XYfoh7cU9cV0dzx0' LIMIT 1   [ RunTime:0.0000s ]
SQL: SELECT * FROM `db_student_info` WHERE `openId` = 'o_88Bj6aebK2XYfoh7cU9cV0dzx0' LIMIT 1   [ RunTime:0.0000s ]
INFO: [ view_parse ] --START--
INFO: [ template_filter ] --START--
INFO: Run Behavior\ContentReplaceBehavior [ RunTime:0.000000s ]
INFO: [ template_filter ] --END-- [ RunTime:0.001000s ]
NOTIC: [8] Undefined variable: requirement1 D:\wamp\www\EntranceEducation\Application\Runtime\Cache\Student\41c95c46263d66b093a1d290cfe4fa6a.php 第 47 行.
NOTIC: [8] Undefined variable: requirement2 D:\wamp\www\EntranceEducation\Application\Runtime\Cache\Student\41c95c46263d66b093a1d290cfe4fa6a.php 第 57 行.
INFO: Run Behavior\ParseTemplateBehavior [ RunTime:0.007000s ]
INFO: [ view_parse ] --END-- [ RunTime:0.007000s ]
INFO: [ view_filter ] --START--
INFO: Run Behavior\WriteHtmlCacheBehavior [ RunTime:0.000000s ]
INFO: [ view_filter ] --END-- [ RunTime:0.000000s ]
INFO: [ app_end ] --START--
INFO: Run Behavior\ShowPageTraceBehavior [ RunTime:0.000000s ]
INFO: [ app_end ] --END-- [ RunTime:0.000000s ]

[ 2017-07-21T12:16:35+08:00 ] ::1 /EntranceEducation/index.php/User/index
INFO: [ app_init ] --START--
INFO: Run Behavior\BuildLiteBehavior [ RunTime:0.000000s ]
INFO: [ app_init ] --END-- [ RunTime:0.001000s ]
INFO: [ app_begin ] --START--
INFO: Run Behavior\ReadHtmlCacheBehavior [ RunTime:0.001000s ]
INFO: [ app_begin ] --END-- [ RunTime:0.001000s ]
SQL: SHOW COLUMNS FROM `db_student_info` [ RunTime:0.0030s ]
SQL: SELECT * FROM `db_student_info` WHERE `openId` = 'o_88Bj6aebK2XYfoh7cU9cV0dzx0' LIMIT 1   [ RunTime:0.0010s ]
SQL: SELECT * FROM `db_student_info` WHERE `openId` = 'o_88Bj6aebK2XYfoh7cU9cV0dzx0' LIMIT 1   [ RunTime:0.0010s ]
INFO: [ view_parse ] --START--
INFO: [ template_filter ] --START--
INFO: Run Behavior\ContentReplaceBehavior [ RunTime:0.000000s ]
INFO: [ template_filter ] --END-- [ RunTime:0.000000s ]
NOTIC: [8] Undefined variable: requirement1 D:\wamp\www\EntranceEducation\Application\Runtime\Cache\Student\41c95c46263d66b093a1d290cfe4fa6a.php 第 47 行.
NOTIC: [8] Undefined variable: requirement2 D:\wamp\www\EntranceEducation\Application\Runtime\Cache\Student\41c95c46263d66b093a1d290cfe4fa6a.php 第 57 行.
INFO: Run Behavior\ParseTemplateBehavior [ RunTime:0.007001s ]
INFO: [ view_parse ] --END-- [ RunTime:0.007001s ]
INFO: [ view_filter ] --START--
INFO: Run Behavior\WriteHtmlCacheBehavior [ RunTime:0.000000s ]
INFO: [ view_filter ] --END-- [ RunTime:0.001000s ]
INFO: [ app_end ] --START--
INFO: Run Behavior\ShowPageTraceBehavior [ RunTime:0.001000s ]
INFO: [ app_end ] --END-- [ RunTime:0.001000s ]

[ 2017-07-21T12:16:44+08:00 ] ::1 /EntranceEducation/index.php/Test/testList
INFO: [ app_init ] --START--
INFO: Run Behavior\BuildLiteBehavior [ RunTime:0.000000s ]
INFO: [ app_init ] --END-- [ RunTime:0.001000s ]
INFO: [ app_begin ] --START--
INFO: Run Behavior\ReadHtmlCacheBehavior [ RunTime:0.001000s ]
INFO: [ app_begin ] --END-- [ RunTime:0.001000s ]
SQL: SHOW COLUMNS FROM `db_teacher_quiz` [ RunTime:0.0040s ]
SQL: SELECT * FROM `db_teacher_quiz` WHERE `state` <> '' ORDER BY time desc  [ RunTime:0.0010s ]
SQL: SHOW COLUMNS FROM `db_student_classtest_record` [ RunTime:0.0040s ]
SQL: SELECT * FROM `db_student_classtest_record` WHERE `openId` = 'o_88Bj6aebK2XYfoh7cU9cV0dzx0' AND `quizId` = 13 LIMIT 1   [ RunTime:0.0010s ]
SQL: SELECT * FROM `db_student_classtest_record` WHERE `quizId` = 13  [ RunTime:0.0010s ]
SQL: SELECT * FROM `db_student_classtest_record` WHERE `openId` = 'o_88Bj6aebK2XYfoh7cU9cV0dzx0' AND `quizId` = 12 LIMIT 1   [ RunTime:0.0000s ]
SQL: SELECT * FROM `db_student_classtest_record` WHERE `quizId` = 12  [ RunTime:0.0010s ]
SQL: SELECT * FROM `db_student_classtest_record` WHERE `openId` = 'o_88Bj6aebK2XYfoh7cU9cV0dzx0' AND `quizId` = 11 LIMIT 1   [ RunTime:0.0000s ]
SQL: SELECT * FROM `db_student_classtest_record` WHERE `quizId` = 11  [ RunTime:0.0010s ]
SQL: SELECT * FROM `db_student_classtest_record` WHERE `openId` = 'o_88Bj6aebK2XYfoh7cU9cV0dzx0' AND `quizId` = 10 LIMIT 1   [ RunTime:0.0000s ]
SQL: SELECT * FROM `db_student_classtest_record` WHERE `quizId` = 10  [ RunTime:0.0010s ]
SQL: SELECT * FROM `db_student_classtest_record` WHERE `openId` = 'o_88Bj6aebK2XYfoh7cU9cV0dzx0' AND `quizId` = 9 LIMIT 1   [ RunTime:0.0010s ]
SQL: SELECT * FROM `db_student_classtest_record` WHERE `quizId` = 9  [ RunTime:0.0010s ]
SQL: SELECT * FROM `db_student_classtest_record` WHERE `openId` = 'o_88Bj6aebK2XYfoh7cU9cV0dzx0' AND `quizId` = 8 LIMIT 1   [ RunTime:0.0010s ]
SQL: SELECT * FROM `db_student_classtest_record` WHERE `quizId` = 8  [ RunTime:0.0010s ]
INFO: [ view_parse ] --START--
INFO: [ template_filter ] --START--
INFO: Run Behavior\ContentReplaceBehavior [ RunTime:0.000000s ]
INFO: [ template_filter ] --END-- [ RunTime:0.000000s ]
INFO: Run Behavior\ParseTemplateBehavior [ RunTime:0.015001s ]
INFO: [ view_parse ] --END-- [ RunTime:0.015001s ]
INFO: [ view_filter ] --START--
INFO: Run Behavior\WriteHtmlCacheBehavior [ RunTime:0.000000s ]
INFO: [ view_filter ] --END-- [ RunTime:0.001000s ]
INFO: [ app_end ] --START--
INFO: Run Behavior\ShowPageTraceBehavior [ RunTime:0.000000s ]
INFO: [ app_end ] --END-- [ RunTime:0.001000s ]

[ 2017-07-21T12:17:23+08:00 ] ::1 /EntranceEducation/index.php/Test/testList
INFO: [ app_init ] --START--
INFO: Run Behavior\BuildLiteBehavior [ RunTime:0.000000s ]
INFO: [ app_init ] --END-- [ RunTime:0.000000s ]
INFO: [ app_begin ] --START--
INFO: Run Behavior\ReadHtmlCacheBehavior [ RunTime:0.001000s ]
INFO: [ app_begin ] --END-- [ RunTime:0.001000s ]
SQL: SHOW COLUMNS FROM `db_teacher_quiz` [ RunTime:0.0030s ]
SQL: SELECT * FROM `db_teacher_quiz` WHERE `state` <> '' ORDER BY time desc  [ RunTime:0.0010s ]
SQL: SHOW COLUMNS FROM `db_student_classtest_record` [ RunTime:0.0030s ]
SQL: SELECT * FROM `db_student_classtest_record` WHERE `openId` = 'o_88Bj6aebK2XYfoh7cU9cV0dzx0' AND `quizId` = 13 LIMIT 1   [ RunTime:0.0000s ]
SQL: SELECT * FROM `db_student_classtest_record` WHERE `quizId` = 13  [ RunTime:0.0000s ]
SQL: SELECT * FROM `db_student_classtest_record` WHERE `openId` = 'o_88Bj6aebK2XYfoh7cU9cV0dzx0' AND `quizId` = 12 LIMIT 1   [ RunTime:0.0000s ]
SQL: SELECT * FROM `db_student_classtest_record` WHERE `quizId` = 12  [ RunTime:0.0000s ]
SQL: SELECT * FROM `db_student_classtest_record` WHERE `openId` = 'o_88Bj6aebK2XYfoh7cU9cV0dzx0' AND `quizId` = 11 LIMIT 1   [ RunTime:0.0000s ]
SQL: SELECT * FROM `db_student_classtest_record` WHERE `quizId` = 11  [ RunTime:0.0000s ]
SQL: SELECT * FROM `db_student_classtest_record` WHERE `openId` = 'o_88Bj6aebK2XYfoh7cU9cV0dzx0' AND `quizId` = 10 LIMIT 1   [ RunTime:0.0000s ]
SQL: SELECT * FROM `db_student_classtest_record` WHERE `quizId` = 10  [ RunTime:0.0000s ]
SQL: SELECT * FROM `db_student_classtest_record` WHERE `openId` = 'o_88Bj6aebK2XYfoh7cU9cV0dzx0' AND `quizId` = 9 LIMIT 1   [ RunTime:0.0000s ]
SQL: SELECT * FROM `db_student_classtest_record` WHERE `quizId` = 9  [ RunTime:0.0010s ]
SQL: SELECT * FROM `db_student_classtest_record` WHERE `openId` = 'o_88Bj6aebK2XYfoh7cU9cV0dzx0' AND `quizId` = 8 LIMIT 1   [ RunTime:0.0010s ]
SQL: SELECT * FROM `db_student_classtest_record` WHERE `quizId` = 8  [ RunTime:0.0010s ]
INFO: [ view_parse ] --START--
INFO: [ template_filter ] --START--
INFO: Run Behavior\ContentReplaceBehavior [ RunTime:0.000000s ]
INFO: [ template_filter ] --END-- [ RunTime:0.001000s ]
INFO: Run Behavior\ParseTemplateBehavior [ RunTime:0.010001s ]
INFO: [ view_parse ] --END-- [ RunTime:0.010001s ]
INFO: [ view_filter ] --START--
INFO: Run Behavior\WriteHtmlCacheBehavior [ RunTime:0.000000s ]
INFO: [ view_filter ] --END-- [ RunTime:0.000000s ]
INFO: [ app_end ] --START--
INFO: Run Behavior\ShowPageTraceBehavior [ RunTime:0.001000s ]
INFO: [ app_end ] --END-- [ RunTime:0.001000s ]

[ 2017-07-21T12:18:11+08:00 ] ::1 /EntranceEducation/index.php/Test/testList
INFO: [ app_init ] --START--
INFO: Run Behavior\BuildLiteBehavior [ RunTime:0.000000s ]
INFO: [ app_init ] --END-- [ RunTime:0.001000s ]
INFO: [ app_begin ] --START--
INFO: Run Behavior\ReadHtmlCacheBehavior [ RunTime:0.001000s ]
INFO: [ app_begin ] --END-- [ RunTime:0.001000s ]
SQL: SHOW COLUMNS FROM `db_teacher_quiz` [ RunTime:0.0050s ]
SQL: SELECT * FROM `db_teacher_quiz` WHERE `state` <> '' ORDER BY time desc  [ RunTime:0.0000s ]
SQL: SHOW COLUMNS FROM `db_student_classtest_record` [ RunTime:0.0040s ]
SQL: SELECT * FROM `db_student_classtest_record` WHERE `openId` = 'o_88Bj6aebK2XYfoh7cU9cV0dzx0' AND `quizId` = 13 LIMIT 1   [ RunTime:0.0010s ]
SQL: SELECT * FROM `db_student_classtest_record` WHERE `quizId` = 13  [ RunTime:0.0010s ]
SQL: SELECT * FROM `db_student_classtest_record` WHERE `openId` = 'o_88Bj6aebK2XYfoh7cU9cV0dzx0' AND `quizId` = 12 LIMIT 1   [ RunTime:0.0010s ]
SQL: SELECT * FROM `db_student_classtest_record` WHERE `quizId` = 12  [ RunTime:0.0010s ]
SQL: SELECT * FROM `db_student_classtest_record` WHERE `openId` = 'o_88Bj6aebK2XYfoh7cU9cV0dzx0' AND `quizId` = 11 LIMIT 1   [ RunTime:0.0010s ]
SQL: SELECT * FROM `db_student_classtest_record` WHERE `quizId` = 11  [ RunTime:0.0010s ]
SQL: SELECT * FROM `db_student_classtest_record` WHERE `openId` = 'o_88Bj6aebK2XYfoh7cU9cV0dzx0' AND `quizId` = 10 LIMIT 1   [ RunTime:0.0010s ]
SQL: SELECT * FROM `db_student_classtest_record` WHERE `quizId` = 10  [ RunTime:0.0010s ]
SQL: SELECT * FROM `db_student_classtest_record` WHERE `openId` = 'o_88Bj6aebK2XYfoh7cU9cV0dzx0' AND `quizId` = 9 LIMIT 1   [ RunTime:0.0000s ]
SQL: SELECT * FROM `db_student_classtest_record` WHERE `quizId` = 9  [ RunTime:0.0010s ]
SQL: SELECT * FROM `db_student_classtest_record` WHERE `openId` = 'o_88Bj6aebK2XYfoh7cU9cV0dzx0' AND `quizId` = 8 LIMIT 1   [ RunTime:0.0010s ]
SQL: SELECT * FROM `db_student_classtest_record` WHERE `quizId` = 8  [ RunTime:0.0020s ]
INFO: [ view_parse ] --START--
INFO: [ template_filter ] --START--
INFO: Run Behavior\ContentReplaceBehavior [ RunTime:0.000000s ]
INFO: [ template_filter ] --END-- [ RunTime:0.000000s ]
INFO: Run Behavior\ParseTemplateBehavior [ RunTime:0.018001s ]
INFO: [ view_parse ] --END-- [ RunTime:0.018001s ]
INFO: [ view_filter ] --START--
INFO: Run Behavior\WriteHtmlCacheBehavior [ RunTime:0.001000s ]
INFO: [ view_filter ] --END-- [ RunTime:0.001000s ]
INFO: [ app_end ] --START--
INFO: Run Behavior\ShowPageTraceBehavior [ RunTime:0.001000s ]
INFO: [ app_end ] --END-- [ RunTime:0.001000s ]

[ 2017-07-21T12:18:13+08:00 ] ::1 /EntranceEducation/index.php/Test/testMenu/quizId/12
INFO: [ app_init ] --START--
INFO: Run Behavior\BuildLiteBehavior [ RunTime:0.000000s ]
INFO: [ app_init ] --END-- [ RunTime:0.000000s ]
INFO: [ app_begin ] --START--
INFO: Run Behavior\ReadHtmlCacheBehavior [ RunTime:0.001000s ]
INFO: [ app_begin ] --END-- [ RunTime:0.001000s ]
SQL: SHOW COLUMNS FROM `db_student_classtest_record` [ RunTime:0.0320s ]
SQL: SELECT * FROM `db_student_classtest_record` WHERE `openId` = 'o_88Bj6aebK2XYfoh7cU9cV0dzx0' AND `quizId` = 12 LIMIT 1   [ RunTime:0.0010s ]
SQL: SELECT * FROM `db_student_classtest_record` WHERE `quizId` = 12  [ RunTime:0.0010s ]
INFO: [ view_parse ] --START--
INFO: [ template_filter ] --START--
INFO: Run Behavior\ContentReplaceBehavior [ RunTime:0.000000s ]
INFO: [ template_filter ] --END-- [ RunTime:0.000000s ]
INFO: Run Behavior\ParseTemplateBehavior [ RunTime:0.010001s ]
INFO: [ view_parse ] --END-- [ RunTime:0.010001s ]
INFO: [ view_filter ] --START--
INFO: Run Behavior\WriteHtmlCacheBehavior [ RunTime:0.000000s ]
INFO: [ view_filter ] --END-- [ RunTime:0.000000s ]
INFO: [ app_end ] --START--
INFO: Run Behavior\ShowPageTraceBehavior [ RunTime:0.001000s ]
INFO: [ app_end ] --END-- [ RunTime:0.001000s ]

[ 2017-07-21T12:22:45+08:00 ] ::1 /EntranceEducation/index.php/Test/testMenu/quizId/13
INFO: [ app_init ] --START--
INFO: Run Behavior\BuildLiteBehavior [ RunTime:0.000000s ]
INFO: [ app_init ] --END-- [ RunTime:0.001000s ]
INFO: [ app_begin ] --START--
INFO: Run Behavior\ReadHtmlCacheBehavior [ RunTime:0.001000s ]
INFO: [ app_begin ] --END-- [ RunTime:0.001000s ]
SQL: SHOW COLUMNS FROM `db_student_classtest_record` [ RunTime:0.0040s ]
SQL: SELECT * FROM `db_student_classtest_record` WHERE `openId` = 'o_88Bj6aebK2XYfoh7cU9cV0dzx0' AND `quizId` = 13 LIMIT 1   [ RunTime:0.0010s ]
SQL: SELECT * FROM `db_student_classtest_record` WHERE `quizId` = 13  [ RunTime:0.0000s ]
INFO: [ view_parse ] --START--
INFO: [ template_filter ] --START--
INFO: Run Behavior\ContentReplaceBehavior [ RunTime:0.001000s ]
INFO: [ template_filter ] --END-- [ RunTime:0.001000s ]
INFO: Run Behavior\ParseTemplateBehavior [ RunTime:0.012000s ]
INFO: [ view_parse ] --END-- [ RunTime:0.012000s ]
INFO: [ view_filter ] --START--
INFO: Run Behavior\WriteHtmlCacheBehavior [ RunTime:0.001000s ]
INFO: [ view_filter ] --END-- [ RunTime:0.001000s ]
INFO: [ app_end ] --START--
INFO: Run Behavior\ShowPageTraceBehavior [ RunTime:0.001000s ]
INFO: [ app_end ] --END-- [ RunTime:0.001000s ]

[ 2017-07-21T12:28:52+08:00 ] ::1 /EntranceEducation/index.php/Test/testMenu/quizId/13
INFO: [ app_init ] --START--
INFO: Run Behavior\BuildLiteBehavior [ RunTime:0.000000s ]
INFO: [ app_init ] --END-- [ RunTime:0.001000s ]
INFO: [ app_begin ] --START--
INFO: Run Behavior\ReadHtmlCacheBehavior [ RunTime:0.001001s ]
INFO: [ app_begin ] --END-- [ RunTime:0.001001s ]
SQL: SHOW COLUMNS FROM `db_student_classtest_record` [ RunTime:0.0040s ]
SQL: SELECT * FROM `db_student_classtest_record` WHERE `openId` = 'o_88Bj6aebK2XYfoh7cU9cV0dzx0' AND `quizId` = 13 LIMIT 1   [ RunTime:0.0000s ]
SQL: SELECT * FROM `db_student_classtest_record` WHERE `quizId` = 13  [ RunTime:0.0010s ]
INFO: [ view_parse ] --START--
INFO: [ template_filter ] --START--
INFO: Run Behavior\ContentReplaceBehavior [ RunTime:0.000000s ]
INFO: [ template_filter ] --END-- [ RunTime:0.001000s ]
INFO: Run Behavior\ParseTemplateBehavior [ RunTime:0.012000s ]
INFO: [ view_parse ] --END-- [ RunTime:0.013000s ]
INFO: [ view_filter ] --START--
INFO: Run Behavior\WriteHtmlCacheBehavior [ RunTime:0.001001s ]
INFO: [ view_filter ] --END-- [ RunTime:0.001001s ]
INFO: [ app_end ] --START--
INFO: Run Behavior\ShowPageTraceBehavior [ RunTime:0.001000s ]
INFO: [ app_end ] --END-- [ RunTime:0.001000s ]

[ 2017-07-21T12:32:23+08:00 ] ::1 /EntranceEducation/index.php/Test/testMenu/quizId/13
INFO: [ app_init ] --START--
INFO: Run Behavior\BuildLiteBehavior [ RunTime:0.000000s ]
INFO: [ app_init ] --END-- [ RunTime:0.002000s ]
INFO: [ app_begin ] --START--
INFO: Run Behavior\ReadHtmlCacheBehavior [ RunTime:0.001000s ]
INFO: [ app_begin ] --END-- [ RunTime:0.001000s ]
SQL: SHOW COLUMNS FROM `db_student_classtest_record` [ RunTime:0.0050s ]
SQL: SELECT * FROM `db_student_classtest_record` WHERE `openId` = 'o_88Bj6aebK2XYfoh7cU9cV0dzx0' AND `quizId` = 13 LIMIT 1   [ RunTime:0.0010s ]
SQL: SELECT * FROM `db_student_classtest_record` WHERE `quizId` = 13  [ RunTime:0.0010s ]
INFO: [ view_parse ] --START--
INFO: [ template_filter ] --START--
INFO: Run Behavior\ContentReplaceBehavior [ RunTime:0.000000s ]
INFO: [ template_filter ] --END-- [ RunTime:0.001000s ]
INFO: Run Behavior\ParseTemplateBehavior [ RunTime:0.014001s ]
INFO: [ view_parse ] --END-- [ RunTime:0.014001s ]
INFO: [ view_filter ] --START--
INFO: Run Behavior\WriteHtmlCacheBehavior [ RunTime:0.001000s ]
INFO: [ view_filter ] --END-- [ RunTime:0.001000s ]
INFO: [ app_end ] --START--
INFO: Run Behavior\ShowPageTraceBehavior [ RunTime:0.001000s ]
INFO: [ app_end ] --END-- [ RunTime:0.001000s ]

[ 2017-07-21T12:32:27+08:00 ] ::1 /EntranceEducation/index.php/Test/testMenu/quizId/12
INFO: [ app_init ] --START--
INFO: Run Behavior\BuildLiteBehavior [ RunTime:0.000000s ]
INFO: [ app_init ] --END-- [ RunTime:0.001000s ]
INFO: [ app_begin ] --START--
INFO: Run Behavior\ReadHtmlCacheBehavior [ RunTime:0.001000s ]
INFO: [ app_begin ] --END-- [ RunTime:0.001000s ]
SQL: SHOW COLUMNS FROM `db_student_classtest_record` [ RunTime:0.0030s ]
SQL: SELECT * FROM `db_student_classtest_record` WHERE `openId` = 'o_88Bj6aebK2XYfoh7cU9cV0dzx0' AND `quizId` = 12 LIMIT 1   [ RunTime:0.0000s ]
SQL: SELECT * FROM `db_student_classtest_record` WHERE `quizId` = 12  [ RunTime:0.0000s ]
INFO: [ view_parse ] --START--
INFO: [ template_filter ] --START--
INFO: Run Behavior\ContentReplaceBehavior [ RunTime:0.000000s ]
INFO: [ template_filter ] --END-- [ RunTime:0.000000s ]
INFO: Run Behavior\ParseTemplateBehavior [ RunTime:0.009001s ]
INFO: [ view_parse ] --END-- [ RunTime:0.010001s ]
INFO: [ view_filter ] --START--
INFO: Run Behavior\WriteHtmlCacheBehavior [ RunTime:0.000000s ]
INFO: [ view_filter ] --END-- [ RunTime:0.000000s ]
INFO: [ app_end ] --START--
INFO: Run Behavior\ShowPageTraceBehavior [ RunTime:0.001000s ]
INFO: [ app_end ] --END-- [ RunTime:0.001000s ]

[ 2017-07-21T12:32:33+08:00 ] ::1 /EntranceEducation/index.php/Test/testDetails
INFO: [ app_init ] --START--
INFO: Run Behavior\BuildLiteBehavior [ RunTime:0.000000s ]
INFO: [ app_init ] --END-- [ RunTime:0.000000s ]
INFO: [ app_begin ] --START--
INFO: Run Behavior\ReadHtmlCacheBehavior [ RunTime:0.001000s ]
INFO: [ app_begin ] --END-- [ RunTime:0.001000s ]
SQL: SHOW COLUMNS FROM `db_student_classtest_record` [ RunTime:0.0030s ]
SQL: SHOW COLUMNS FROM `db_teacher_quiz_questionbank` [ RunTime:0.0030s ]
SQL: SELECT * FROM `db_teacher_quiz_questionbank` WHERE `quizId` = 12  [ RunTime:0.0010s ]
SQL: SELECT COUNT(*) AS tp_count FROM `db_student_classtest_record` WHERE `quizId` = 12 AND `questionId` = 36 AND `answer` = 'A' LIMIT 1   [ RunTime:0.0010s ]
SQL: SELECT COUNT(*) AS tp_count FROM `db_student_classtest_record` WHERE `quizId` = 12 AND `questionId` = 36 AND `answer` = 'B' LIMIT 1   [ RunTime:0.0390s ]
SQL: SELECT COUNT(*) AS tp_count FROM `db_student_classtest_record` WHERE `quizId` = 12 AND `questionId` = 36 AND `answer` = 'C' LIMIT 1   [ RunTime:0.0020s ]
SQL: SELECT COUNT(*) AS tp_count FROM `db_student_classtest_record` WHERE `quizId` = 12 AND `questionId` = 36 AND `answer` = 'D' LIMIT 1   [ RunTime:0.0020s ]
SQL: SELECT COUNT(*) AS tp_count FROM `db_student_classtest_record` WHERE `quizId` = 12 AND `questionId` = 37 AND `answer` = 'A' LIMIT 1   [ RunTime:0.0010s ]
SQL: SELECT COUNT(*) AS tp_count FROM `db_student_classtest_record` WHERE `quizId` = 12 AND `questionId` = 37 AND `answer` = 'B' LIMIT 1   [ RunTime:0.0020s ]
SQL: SELECT COUNT(*) AS tp_count FROM `db_student_classtest_record` WHERE `quizId` = 12 AND `questionId` = 37 AND `answer` = 'C' LIMIT 1   [ RunTime:0.0020s ]
SQL: SELECT COUNT(*) AS tp_count FROM `db_student_classtest_record` WHERE `quizId` = 12 AND `questionId` = 37 AND `answer` = 'D' LIMIT 1   [ RunTime:0.0020s ]
INFO: [ view_parse ] --START--
INFO: [ template_filter ] --START--
INFO: Run Behavior\ContentReplaceBehavior [ RunTime:0.000000s ]
INFO: [ template_filter ] --END-- [ RunTime:0.001000s ]
INFO: Run Behavior\ParseTemplateBehavior [ RunTime:0.067003s ]
INFO: [ view_parse ] --END-- [ RunTime:0.067003s ]
INFO: [ view_filter ] --START--
INFO: Run Behavior\WriteHtmlCacheBehavior [ RunTime:0.001000s ]
INFO: [ view_filter ] --END-- [ RunTime:0.001000s ]
INFO: [ app_end ] --START--
INFO: Run Behavior\ShowPageTraceBehavior [ RunTime:0.001001s ]
INFO: [ app_end ] --END-- [ RunTime:0.001001s ]

[ 2017-07-21T12:32:47+08:00 ] ::1 /EntranceEducation/index.php/Teacher/test_view/quizId/12
INFO: [ app_init ] --START--
INFO: Run Behavior\BuildLiteBehavior [ RunTime:0.000000s ]
INFO: [ app_init ] --END-- [ RunTime:0.000000s ]
INFO: [ app_begin ] --START--
INFO: Run Behavior\ReadHtmlCacheBehavior [ RunTime:0.000000s ]
INFO: [ app_begin ] --END-- [ RunTime:0.001000s ]
SQL: SHOW COLUMNS FROM `db_student_classtest_record` [ RunTime:0.0040s ]
SQL: SELECT * FROM `db_student_classtest_record` WHERE `quizId` = 12  [ RunTime:0.0010s ]
SQL: SELECT COUNT(*) AS tp_count FROM `db_student_classtest_record` WHERE `quizId` = 12 AND `openId` = 'oIpKjszJeCPiKrKd3ZRmdV7LhOs0' AND `answerResult` = 'RIGHT' LIMIT 1   [ RunTime:0.0010s ]
SQL: SELECT COUNT(*) AS tp_count FROM `db_student_classtest_record` WHERE `quizId` = 12 AND `openId` = 'oIpKjszF-W_X1-LaVGkxpCMXcjSQ' AND `answerResult` = 'RIGHT' LIMIT 1   [ RunTime:0.0010s ]
SQL: SELECT COUNT(*) AS tp_count FROM `db_student_classtest_record` WHERE `quizId` = 12 AND `openId` = 'oIpKjs3DE064wNEyil_o-PNS_QGs' AND `answerResult` = 'RIGHT' LIMIT 1   [ RunTime:0.0010s ]
SQL: SELECT COUNT(*) AS tp_count FROM `db_student_classtest_record` WHERE `quizId` = 12 AND `openId` = 'oIpKjs7KqvtAivpY2k4phwk53Ib8' AND `answerResult` = 'RIGHT' LIMIT 1   [ RunTime:0.0000s ]
SQL: SELECT COUNT(*) AS tp_count FROM `db_student_classtest_record` WHERE `quizId` = 12 AND `openId` = 'oIpKjs0VAqhg3-19N1f2ts2Fb5N0' AND `answerResult` = 'RIGHT' LIMIT 1   [ RunTime:0.0010s ]
INFO: [ view_parse ] --START--
INFO: [ template_filter ] --START--
INFO: Run Behavior\ContentReplaceBehavior [ RunTime:0.000000s ]
INFO: [ template_filter ] --END-- [ RunTime:0.001000s ]
INFO: Run Behavior\ParseTemplateBehavior [ RunTime:0.012001s ]
INFO: [ view_parse ] --END-- [ RunTime:0.013001s ]
INFO: [ view_filter ] --START--
INFO: Run Behavior\WriteHtmlCacheBehavior [ RunTime:0.000000s ]
INFO: [ view_filter ] --END-- [ RunTime:0.001000s ]
INFO: [ app_end ] --START--
INFO: Run Behavior\ShowPageTraceBehavior [ RunTime:0.001000s ]
INFO: [ app_end ] --END-- [ RunTime:0.001000s ]

[ 2017-07-21T12:33:39+08:00 ] ::1 /EntranceEducation/index.php/Test/testList
INFO: [ app_init ] --START--
INFO: Run Behavior\BuildLiteBehavior [ RunTime:0.000000s ]
INFO: [ app_init ] --END-- [ RunTime:0.001000s ]
INFO: [ app_begin ] --START--
INFO: Run Behavior\ReadHtmlCacheBehavior [ RunTime:0.000000s ]
INFO: [ app_begin ] --END-- [ RunTime:0.001000s ]
SQL: SHOW COLUMNS FROM `db_teacher_quiz` [ RunTime:0.0040s ]
SQL: SELECT * FROM `db_teacher_quiz` WHERE `state` <> '' ORDER BY time desc  [ RunTime:0.0000s ]
SQL: SHOW COLUMNS FROM `db_student_classtest_record` [ RunTime:0.0040s ]
SQL: SELECT * FROM `db_student_classtest_record` WHERE `openId` = 'o_88Bj6aebK2XYfoh7cU9cV0dzx0' AND `quizId` = 13 LIMIT 1   [ RunTime:0.0010s ]
SQL: SELECT * FROM `db_student_classtest_record` WHERE `quizId` = 13  [ RunTime:0.0010s ]
SQL: SELECT * FROM `db_student_classtest_record` WHERE `openId` = 'o_88Bj6aebK2XYfoh7cU9cV0dzx0' AND `quizId` = 12 LIMIT 1   [ RunTime:0.0010s ]
SQL: SELECT * FROM `db_student_classtest_record` WHERE `quizId` = 12  [ RunTime:0.0000s ]
SQL: SELECT * FROM `db_student_classtest_record` WHERE `openId` = 'o_88Bj6aebK2XYfoh7cU9cV0dzx0' AND `quizId` = 11 LIMIT 1   [ RunTime:0.0000s ]
SQL: SELECT * FROM `db_student_classtest_record` WHERE `quizId` = 11  [ RunTime:0.0000s ]
SQL: SELECT * FROM `db_student_classtest_record` WHERE `openId` = 'o_88Bj6aebK2XYfoh7cU9cV0dzx0' AND `quizId` = 10 LIMIT 1   [ RunTime:0.0000s ]
SQL: SELECT * FROM `db_student_classtest_record` WHERE `quizId` = 10  [ RunTime:0.0000s ]
SQL: SELECT * FROM `db_student_classtest_record` WHERE `openId` = 'o_88Bj6aebK2XYfoh7cU9cV0dzx0' AND `quizId` = 9 LIMIT 1   [ RunTime:0.0000s ]
SQL: SELECT * FROM `db_student_classtest_record` WHERE `quizId` = 9  [ RunTime:0.0000s ]
SQL: SELECT * FROM `db_student_classtest_record` WHERE `openId` = 'o_88Bj6aebK2XYfoh7cU9cV0dzx0' AND `quizId` = 8 LIMIT 1   [ RunTime:0.0000s ]
SQL: SELECT * FROM `db_student_classtest_record` WHERE `quizId` = 8  [ RunTime:0.0010s ]
INFO: [ view_parse ] --START--
INFO: [ template_filter ] --START--
INFO: Run Behavior\ContentReplaceBehavior [ RunTime:0.000000s ]
INFO: [ template_filter ] --END-- [ RunTime:0.000000s ]
INFO: Run Behavior\ParseTemplateBehavior [ RunTime:0.010000s ]
INFO: [ view_parse ] --END-- [ RunTime:0.010000s ]
INFO: [ view_filter ] --START--
INFO: Run Behavior\WriteHtmlCacheBehavior [ RunTime:0.001000s ]
INFO: [ view_filter ] --END-- [ RunTime:0.001000s ]
INFO: [ app_end ] --START--
INFO: Run Behavior\ShowPageTraceBehavior [ RunTime:0.000000s ]
INFO: [ app_end ] --END-- [ RunTime:0.001000s ]

[ 2017-07-21T12:33:59+08:00 ] ::1 /EntranceEducation/index.php/User/index
INFO: [ app_init ] --START--
INFO: Run Behavior\BuildLiteBehavior [ RunTime:0.000000s ]
INFO: [ app_init ] --END-- [ RunTime:0.002000s ]
INFO: [ app_begin ] --START--
INFO: Run Behavior\ReadHtmlCacheBehavior [ RunTime:0.000000s ]
INFO: [ app_begin ] --END-- [ RunTime:0.000000s ]
SQL: SHOW COLUMNS FROM `db_student_info` [ RunTime:0.0040s ]
SQL: SELECT * FROM `db_student_info` WHERE `openId` = 'o_88Bj6aebK2XYfoh7cU9cV0dzx0' LIMIT 1   [ RunTime:0.0010s ]
SQL: SELECT * FROM `db_student_info` WHERE `openId` = 'o_88Bj6aebK2XYfoh7cU9cV0dzx0' LIMIT 1   [ RunTime:0.0010s ]
INFO: [ view_parse ] --START--
INFO: [ template_filter ] --START--
INFO: Run Behavior\ContentReplaceBehavior [ RunTime:0.000000s ]
INFO: [ template_filter ] --END-- [ RunTime:0.001000s ]
NOTIC: [8] Undefined variable: requirement1 D:\wamp\www\EntranceEducation\Application\Runtime\Cache\Student\41c95c46263d66b093a1d290cfe4fa6a.php 第 47 行.
NOTIC: [8] Undefined variable: requirement2 D:\wamp\www\EntranceEducation\Application\Runtime\Cache\Student\41c95c46263d66b093a1d290cfe4fa6a.php 第 57 行.
INFO: Run Behavior\ParseTemplateBehavior [ RunTime:0.009000s ]
INFO: [ view_parse ] --END-- [ RunTime:0.009000s ]
INFO: [ view_filter ] --START--
INFO: Run Behavior\WriteHtmlCacheBehavior [ RunTime:0.000000s ]
INFO: [ view_filter ] --END-- [ RunTime:0.001001s ]
INFO: [ app_end ] --START--
INFO: Run Behavior\ShowPageTraceBehavior [ RunTime:0.001000s ]
INFO: [ app_end ] --END-- [ RunTime:0.001000s ]

[ 2017-07-21T12:34:00+08:00 ] ::1 /EntranceEducation/index.php/Test/testList
INFO: [ app_init ] --START--
INFO: Run Behavior\BuildLiteBehavior [ RunTime:0.000000s ]
INFO: [ app_init ] --END-- [ RunTime:0.001000s ]
INFO: [ app_begin ] --START--
INFO: Run Behavior\ReadHtmlCacheBehavior [ RunTime:0.000000s ]
INFO: [ app_begin ] --END-- [ RunTime:0.001000s ]
SQL: SHOW COLUMNS FROM `db_teacher_quiz` [ RunTime:0.0040s ]
SQL: SELECT * FROM `db_teacher_quiz` WHERE `state` <> '' ORDER BY time desc  [ RunTime:0.0010s ]
SQL: SHOW COLUMNS FROM `db_student_classtest_record` [ RunTime:0.0030s ]
SQL: SELECT * FROM `db_student_classtest_record` WHERE `openId` = 'o_88Bj6aebK2XYfoh7cU9cV0dzx0' AND `quizId` = 13 LIMIT 1   [ RunTime:0.0000s ]
SQL: SELECT * FROM `db_student_classtest_record` WHERE `quizId` = 13  [ RunTime:0.0010s ]
SQL: SELECT * FROM `db_student_classtest_record` WHERE `openId` = 'o_88Bj6aebK2XYfoh7cU9cV0dzx0' AND `quizId` = 12 LIMIT 1   [ RunTime:0.0000s ]
SQL: SELECT * FROM `db_student_classtest_record` WHERE `quizId` = 12  [ RunTime:0.0000s ]
SQL: SELECT * FROM `db_student_classtest_record` WHERE `openId` = 'o_88Bj6aebK2XYfoh7cU9cV0dzx0' AND `quizId` = 11 LIMIT 1   [ RunTime:0.0010s ]
SQL: SELECT * FROM `db_student_classtest_record` WHERE `quizId` = 11  [ RunTime:0.0010s ]
SQL: SELECT * FROM `db_student_classtest_record` WHERE `openId` = 'o_88Bj6aebK2XYfoh7cU9cV0dzx0' AND `quizId` = 10 LIMIT 1   [ RunTime:0.0000s ]
SQL: SELECT * FROM `db_student_classtest_record` WHERE `quizId` = 10  [ RunTime:0.0000s ]
SQL: SELECT * FROM `db_student_classtest_record` WHERE `openId` = 'o_88Bj6aebK2XYfoh7cU9cV0dzx0' AND `quizId` = 9 LIMIT 1   [ RunTime:0.0010s ]
SQL: SELECT * FROM `db_student_classtest_record` WHERE `quizId` = 9  [ RunTime:0.0010s ]
SQL: SELECT * FROM `db_student_classtest_record` WHERE `openId` = 'o_88Bj6aebK2XYfoh7cU9cV0dzx0' AND `quizId` = 8 LIMIT 1   [ RunTime:0.0010s ]
SQL: SELECT * FROM `db_student_classtest_record` WHERE `quizId` = 8  [ RunTime:0.0010s ]
INFO: [ view_parse ] --START--
INFO: [ template_filter ] --START--
INFO: Run Behavior\ContentReplaceBehavior [ RunTime:0.000000s ]
INFO: [ template_filter ] --END-- [ RunTime:0.000000s ]
INFO: Run Behavior\ParseTemplateBehavior [ RunTime:0.013001s ]
INFO: [ view_parse ] --END-- [ RunTime:0.013001s ]
INFO: [ view_filter ] --START--
INFO: Run Behavior\WriteHtmlCacheBehavior [ RunTime:0.001000s ]
INFO: [ view_filter ] --END-- [ RunTime:0.001000s ]
INFO: [ app_end ] --START--
INFO: Run Behavior\ShowPageTraceBehavior [ RunTime:0.001000s ]
INFO: [ app_end ] --END-- [ RunTime:0.001000s ]

[ 2017-07-21T12:36:38+08:00 ] ::1 /EntranceEducation/index.php/Random/index
INFO: [ app_init ] --START--
INFO: Run Behavior\BuildLiteBehavior [ RunTime:0.001000s ]
INFO: [ app_init ] --END-- [ RunTime:0.001000s ]
INFO: [ app_begin ] --START--
INFO: Run Behavior\ReadHtmlCacheBehavior [ RunTime:0.001000s ]
INFO: [ app_begin ] --END-- [ RunTime:0.001000s ]
INFO: [ view_parse ] --START--
INFO: [ template_filter ] --START--
INFO: Run Behavior\ContentReplaceBehavior [ RunTime:0.000000s ]
INFO: [ template_filter ] --END-- [ RunTime:0.000000s ]
INFO: Run Behavior\ParseTemplateBehavior [ RunTime:0.013001s ]
INFO: [ view_parse ] --END-- [ RunTime:0.013001s ]
INFO: [ view_filter ] --START--
INFO: Run Behavior\WriteHtmlCacheBehavior [ RunTime:0.000000s ]
INFO: [ view_filter ] --END-- [ RunTime:0.001000s ]
INFO: [ app_end ] --START--
INFO: Run Behavior\ShowPageTraceBehavior [ RunTime:0.001000s ]
INFO: [ app_end ] --END-- [ RunTime:0.001000s ]

[ 2017-07-21T12:36:40+08:00 ] ::1 /EntranceEducation/index.php/Random/random/chapter/unit7
INFO: [ app_init ] --START--
INFO: Run Behavior\BuildLiteBehavior [ RunTime:0.000000s ]
INFO: [ app_init ] --END-- [ RunTime:0.000000s ]
INFO: [ app_begin ] --START--
INFO: Run Behavior\ReadHtmlCacheBehavior [ RunTime:0.001000s ]
INFO: [ app_begin ] --END-- [ RunTime:0.001000s ]
SQL: SHOW COLUMNS FROM `db_questionbank` [ RunTime:0.0030s ]
SQL: SHOW COLUMNS FROM `db_random_answer_record` [ RunTime:0.0030s ]
SQL: SELECT COUNT(*) AS tp_count FROM `db_questionbank` LIMIT 1   [ RunTime:0.0010s ]
SQL: SELECT COUNT(*) AS tp_count FROM `db_questionbank` WHERE ( type="unit7" ) LIMIT 1   [ RunTime:0.0000s ]
SQL: SELECT MIN(id) AS tp_min FROM `db_questionbank` WHERE ( type="unit7" ) LIMIT 1   [ RunTime:0.0000s ]
SQL: SELECT * FROM `db_questionbank` WHERE ( id=119 ) LIMIT 1   [ RunTime:0.0000s ]
SQL: SELECT COUNT(*) AS tp_count FROM `db_random_answer_record` WHERE ( openId="o_88Bj6aebK2XYfoh7cU9cV0dzx0" ) LIMIT 1   [ RunTime:0.0010s ]
SQL: SELECT COUNT(*) AS tp_count FROM `db_random_answer_record` WHERE ( openId="o_88Bj6aebK2XYfoh7cU9cV0dzx0" AND answerResult = "RIGHT" ) LIMIT 1   [ RunTime:0.0000s ]
INFO: [ view_parse ] --START--
INFO: [ template_filter ] --START--
INFO: Run Behavior\ContentReplaceBehavior [ RunTime:0.001000s ]
INFO: [ template_filter ] --END-- [ RunTime:0.001000s ]
NOTIC: [8] Undefined variable: kk D:\wamp\www\EntranceEducation\Application\Runtime\Cache\Student\5b4b0d14089ee070ef572138168862db.php 第 81 行.
INFO: Run Behavior\ParseTemplateBehavior [ RunTime:0.008000s ]
INFO: [ view_parse ] --END-- [ RunTime:0.008000s ]
INFO: [ view_filter ] --START--
INFO: Run Behavior\WriteHtmlCacheBehavior [ RunTime:0.001000s ]
INFO: [ view_filter ] --END-- [ RunTime:0.001000s ]
INFO: [ app_end ] --START--
INFO: Run Behavior\ShowPageTraceBehavior [ RunTime:0.001000s ]
INFO: [ app_end ] --END-- [ RunTime:0.001000s ]

[ 2017-07-21T12:36:43+08:00 ] ::1 /EntranceEducation/index.php/Random/getRightAns
INFO: [ app_init ] --START--
INFO: Run Behavior\BuildLiteBehavior [ RunTime:0.000000s ]
INFO: [ app_init ] --END-- [ RunTime:0.001000s ]
INFO: [ app_begin ] --START--
INFO: Run Behavior\ReadHtmlCacheBehavior [ RunTime:0.001000s ]
INFO: [ app_begin ] --END-- [ RunTime:0.001000s ]
SQL: SHOW COLUMNS FROM `db_questionbank` [ RunTime:0.0030s ]
SQL: SHOW COLUMNS FROM `db_random_answer_record` [ RunTime:0.0020s ]
SQL: SELECT `rightAnswer` FROM `db_questionbank` WHERE ( id=119 ) LIMIT 1   [ RunTime:0.0000s ]
SQL: SELECT `analysisPicPath` FROM `db_questionbank` WHERE ( id=119 ) LIMIT 1   [ RunTime:0.0000s ]
SQL: SELECT `analysisPicName` FROM `db_questionbank` WHERE ( id=119 ) LIMIT 1   [ RunTime:0.0000s ]
SQL: SHOW COLUMNS FROM `db_student_info` [ RunTime:0.0030s ]
SQL: SELECT `name` FROM `db_student_info` WHERE ( openId="o_88Bj6aebK2XYfoh7cU9cV0dzx0" ) LIMIT 1   [ RunTime:0.0010s ]
SQL: SELECT `class` FROM `db_student_info` WHERE ( openId="o_88Bj6aebK2XYfoh7cU9cV0dzx0" ) LIMIT 1   [ RunTime:0.0000s ]
SQL: SELECT `type` FROM `db_questionbank` WHERE ( id="119" ) LIMIT 1   [ RunTime:0.0000s ]
SQL: INSERT INTO `db_random_answer_record` (`openId`,`name`,`class`,`questionId`,`questionType`,`answer`,`rightAnswer`,`answerResult`,`enterPageTime`,`leavePageTime`,`answerTime`) VALUES ('o_88Bj6aebK2XYfoh7cU9cV0dzx0','夏正冠','网络1402','119','unit7','B','A','WRONG','2017-07-21 12:36:40','2017-07-21 12:36:43','0分3秒') [ RunTime:0.0000s ]

[ 2017-07-21T12:36:46+08:00 ] ::1 /EntranceEducation/index.php/Random/random/chapter/unit7
INFO: [ app_init ] --START--
INFO: Run Behavior\BuildLiteBehavior [ RunTime:0.000000s ]
INFO: [ app_init ] --END-- [ RunTime:0.000000s ]
INFO: [ app_begin ] --START--
INFO: Run Behavior\ReadHtmlCacheBehavior [ RunTime:0.001000s ]
INFO: [ app_begin ] --END-- [ RunTime:0.001000s ]
SQL: SHOW COLUMNS FROM `db_questionbank` [ RunTime:0.0030s ]
SQL: SHOW COLUMNS FROM `db_random_answer_record` [ RunTime:0.0030s ]
SQL: SELECT COUNT(*) AS tp_count FROM `db_questionbank` LIMIT 1   [ RunTime:0.0000s ]
SQL: SELECT COUNT(*) AS tp_count FROM `db_questionbank` WHERE ( type="unit7" ) LIMIT 1   [ RunTime:0.0010s ]
SQL: SELECT MIN(id) AS tp_min FROM `db_questionbank` WHERE ( type="unit7" ) LIMIT 1   [ RunTime:0.0000s ]
SQL: SELECT * FROM `db_questionbank` WHERE ( id=125 ) LIMIT 1   [ RunTime:0.0000s ]
SQL: SELECT COUNT(*) AS tp_count FROM `db_random_answer_record` WHERE ( openId="o_88Bj6aebK2XYfoh7cU9cV0dzx0" ) LIMIT 1   [ RunTime:0.0010s ]
SQL: SELECT COUNT(*) AS tp_count FROM `db_random_answer_record` WHERE ( openId="o_88Bj6aebK2XYfoh7cU9cV0dzx0" AND answerResult = "RIGHT" ) LIMIT 1   [ RunTime:0.0010s ]
INFO: [ view_parse ] --START--
INFO: [ template_filter ] --START--
INFO: Run Behavior\ContentReplaceBehavior [ RunTime:0.000000s ]
INFO: [ template_filter ] --END-- [ RunTime:0.000000s ]
NOTIC: [8] Undefined variable: kk D:\wamp\www\EntranceEducation\Application\Runtime\Cache\Student\5b4b0d14089ee070ef572138168862db.php 第 81 行.
INFO: Run Behavior\ParseTemplateBehavior [ RunTime:0.010001s ]
INFO: [ view_parse ] --END-- [ RunTime:0.010001s ]
INFO: [ view_filter ] --START--
INFO: Run Behavior\WriteHtmlCacheBehavior [ RunTime:0.001000s ]
INFO: [ view_filter ] --END-- [ RunTime:0.001000s ]
INFO: [ app_end ] --START--
INFO: Run Behavior\ShowPageTraceBehavior [ RunTime:0.001000s ]
INFO: [ app_end ] --END-- [ RunTime:0.001000s ]

[ 2017-07-21T12:36:51+08:00 ] ::1 /EntranceEducation/index.php/Random/getRightAns
INFO: [ app_init ] --START--
INFO: Run Behavior\BuildLiteBehavior [ RunTime:0.000000s ]
INFO: [ app_init ] --END-- [ RunTime:0.001000s ]
INFO: [ app_begin ] --START--
INFO: Run Behavior\ReadHtmlCacheBehavior [ RunTime:0.001001s ]
INFO: [ app_begin ] --END-- [ RunTime:0.001001s ]
SQL: SHOW COLUMNS FROM `db_questionbank` [ RunTime:0.0030s ]
SQL: SHOW COLUMNS FROM `db_random_answer_record` [ RunTime:0.0030s ]
SQL: SELECT `rightAnswer` FROM `db_questionbank` WHERE ( id=125 ) LIMIT 1   [ RunTime:0.0000s ]
SQL: SELECT `analysisPicPath` FROM `db_questionbank` WHERE ( id=125 ) LIMIT 1   [ RunTime:0.0010s ]
SQL: SELECT `analysisPicName` FROM `db_questionbank` WHERE ( id=125 ) LIMIT 1   [ RunTime:0.0000s ]
SQL: SHOW COLUMNS FROM `db_student_info` [ RunTime:0.0030s ]
SQL: SELECT `name` FROM `db_student_info` WHERE ( openId="o_88Bj6aebK2XYfoh7cU9cV0dzx0" ) LIMIT 1   [ RunTime:0.0000s ]
SQL: SELECT `class` FROM `db_student_info` WHERE ( openId="o_88Bj6aebK2XYfoh7cU9cV0dzx0" ) LIMIT 1   [ RunTime:0.0000s ]
SQL: SELECT `type` FROM `db_questionbank` WHERE ( id="125" ) LIMIT 1   [ RunTime:0.0000s ]
SQL: INSERT INTO `db_random_answer_record` (`openId`,`name`,`class`,`questionId`,`questionType`,`answer`,`rightAnswer`,`answerResult`,`enterPageTime`,`leavePageTime`,`answerTime`) VALUES ('o_88Bj6aebK2XYfoh7cU9cV0dzx0','夏正冠','网络1402','125','unit7','C','C','RIGHT','2017-07-21 12:36:46','2017-07-21 12:36:51','0分5秒') [ RunTime:0.0000s ]

[ 2017-07-21T12:37:04+08:00 ] ::1 /EntranceEducation/index.php/Random/random/chapter/unit7
INFO: [ app_init ] --START--
INFO: Run Behavior\BuildLiteBehavior [ RunTime:0.000000s ]
INFO: [ app_init ] --END-- [ RunTime:0.000000s ]
INFO: [ app_begin ] --START--
INFO: Run Behavior\ReadHtmlCacheBehavior [ RunTime:0.001001s ]
INFO: [ app_begin ] --END-- [ RunTime:0.001001s ]
SQL: SHOW COLUMNS FROM `db_questionbank` [ RunTime:0.0030s ]
SQL: SHOW COLUMNS FROM `db_random_answer_record` [ RunTime:0.0030s ]
SQL: SELECT COUNT(*) AS tp_count FROM `db_questionbank` LIMIT 1   [ RunTime:0.0000s ]
SQL: SELECT COUNT(*) AS tp_count FROM `db_questionbank` WHERE ( type="unit7" ) LIMIT 1   [ RunTime:0.0000s ]
SQL: SELECT MIN(id) AS tp_min FROM `db_questionbank` WHERE ( type="unit7" ) LIMIT 1   [ RunTime:0.0000s ]
SQL: SELECT * FROM `db_questionbank` WHERE ( id=123 ) LIMIT 1   [ RunTime:0.0010s ]
SQL: SELECT COUNT(*) AS tp_count FROM `db_random_answer_record` WHERE ( openId="o_88Bj6aebK2XYfoh7cU9cV0dzx0" ) LIMIT 1   [ RunTime:0.0010s ]
SQL: SELECT COUNT(*) AS tp_count FROM `db_random_answer_record` WHERE ( openId="o_88Bj6aebK2XYfoh7cU9cV0dzx0" AND answerResult = "RIGHT" ) LIMIT 1   [ RunTime:0.0010s ]
INFO: [ view_parse ] --START--
INFO: [ template_filter ] --START--
INFO: Run Behavior\ContentReplaceBehavior [ RunTime:0.000000s ]
INFO: [ template_filter ] --END-- [ RunTime:0.000000s ]
NOTIC: [8] Undefined variable: kk D:\wamp\www\EntranceEducation\Application\Runtime\Cache\Student\5b4b0d14089ee070ef572138168862db.php 第 81 行.
INFO: Run Behavior\ParseTemplateBehavior [ RunTime:0.009000s ]
INFO: [ view_parse ] --END-- [ RunTime:0.009000s ]
INFO: [ view_filter ] --START--
INFO: Run Behavior\WriteHtmlCacheBehavior [ RunTime:0.000000s ]
INFO: [ view_filter ] --END-- [ RunTime:0.001000s ]
INFO: [ app_end ] --START--
INFO: Run Behavior\ShowPageTraceBehavior [ RunTime:0.000000s ]
INFO: [ app_end ] --END-- [ RunTime:0.000000s ]

[ 2017-07-21T12:37:07+08:00 ] ::1 /EntranceEducation/index.php/Random/getRightAns
INFO: [ app_init ] --START--
INFO: Run Behavior\BuildLiteBehavior [ RunTime:0.000000s ]
INFO: [ app_init ] --END-- [ RunTime:0.001000s ]
INFO: [ app_begin ] --START--
INFO: Run Behavior\ReadHtmlCacheBehavior [ RunTime:0.000000s ]
INFO: [ app_begin ] --END-- [ RunTime:0.000000s ]
SQL: SHOW COLUMNS FROM `db_questionbank` [ RunTime:0.0030s ]
SQL: SHOW COLUMNS FROM `db_random_answer_record` [ RunTime:0.0030s ]
SQL: SELECT `rightAnswer` FROM `db_questionbank` WHERE ( id=123 ) LIMIT 1   [ RunTime:0.0000s ]
SQL: SELECT `analysisPicPath` FROM `db_questionbank` WHERE ( id=123 ) LIMIT 1   [ RunTime:0.0010s ]
SQL: SELECT `analysisPicName` FROM `db_questionbank` WHERE ( id=123 ) LIMIT 1   [ RunTime:0.0000s ]
SQL: SHOW COLUMNS FROM `db_student_info` [ RunTime:0.0030s ]
SQL: SELECT `name` FROM `db_student_info` WHERE ( openId="o_88Bj6aebK2XYfoh7cU9cV0dzx0" ) LIMIT 1   [ RunTime:0.0010s ]
SQL: SELECT `class` FROM `db_student_info` WHERE ( openId="o_88Bj6aebK2XYfoh7cU9cV0dzx0" ) LIMIT 1   [ RunTime:0.0000s ]
SQL: SELECT `type` FROM `db_questionbank` WHERE ( id="123" ) LIMIT 1   [ RunTime:0.0010s ]
SQL: INSERT INTO `db_random_answer_record` (`openId`,`name`,`class`,`questionId`,`questionType`,`answer`,`rightAnswer`,`answerResult`,`enterPageTime`,`leavePageTime`,`answerTime`) VALUES ('o_88Bj6aebK2XYfoh7cU9cV0dzx0','夏正冠','网络1402','123','unit7','A','A','RIGHT','2017-07-21 12:37:04','2017-07-21 12:37:07','0分3秒') [ RunTime:0.0000s ]

[ 2017-07-21T12:37:09+08:00 ] ::1 /EntranceEducation/index.php/Random/random/chapter/unit7
INFO: [ app_init ] --START--
INFO: Run Behavior\BuildLiteBehavior [ RunTime:0.000000s ]
INFO: [ app_init ] --END-- [ RunTime:0.000000s ]
INFO: [ app_begin ] --START--
INFO: Run Behavior\ReadHtmlCacheBehavior [ RunTime:0.000000s ]
INFO: [ app_begin ] --END-- [ RunTime:0.001000s ]
SQL: SHOW COLUMNS FROM `db_questionbank` [ RunTime:0.0030s ]
SQL: SHOW COLUMNS FROM `db_random_answer_record` [ RunTime:0.0020s ]
SQL: SELECT COUNT(*) AS tp_count FROM `db_questionbank` LIMIT 1   [ RunTime:0.0000s ]
SQL: SELECT COUNT(*) AS tp_count FROM `db_questionbank` WHERE ( type="unit7" ) LIMIT 1   [ RunTime:0.0000s ]
SQL: SELECT MIN(id) AS tp_min FROM `db_questionbank` WHERE ( type="unit7" ) LIMIT 1   [ RunTime:0.0000s ]
SQL: SELECT * FROM `db_questionbank` WHERE ( id=118 ) LIMIT 1   [ RunTime:0.0000s ]
SQL: SELECT COUNT(*) AS tp_count FROM `db_random_answer_record` WHERE ( openId="o_88Bj6aebK2XYfoh7cU9cV0dzx0" ) LIMIT 1   [ RunTime:0.0010s ]
SQL: SELECT COUNT(*) AS tp_count FROM `db_random_answer_record` WHERE ( openId="o_88Bj6aebK2XYfoh7cU9cV0dzx0" AND answerResult = "RIGHT" ) LIMIT 1   [ RunTime:0.0010s ]
INFO: [ view_parse ] --START--
INFO: [ template_filter ] --START--
INFO: Run Behavior\ContentReplaceBehavior [ RunTime:0.000000s ]
INFO: [ template_filter ] --END-- [ RunTime:0.001000s ]
NOTIC: [8] Undefined variable: kk D:\wamp\www\EntranceEducation\Application\Runtime\Cache\Student\5b4b0d14089ee070ef572138168862db.php 第 81 行.
INFO: Run Behavior\ParseTemplateBehavior [ RunTime:0.008001s ]
INFO: [ view_parse ] --END-- [ RunTime:0.008001s ]
INFO: [ view_filter ] --START--
INFO: Run Behavior\WriteHtmlCacheBehavior [ RunTime:0.001000s ]
INFO: [ view_filter ] --END-- [ RunTime:0.001000s ]
INFO: [ app_end ] --START--
INFO: Run Behavior\ShowPageTraceBehavior [ RunTime:0.001000s ]
INFO: [ app_end ] --END-- [ RunTime:0.001000s ]

[ 2017-07-21T12:39:00+08:00 ] ::1 /EntranceEducation/index.php/Random/random/chapter/unit7
INFO: [ app_init ] --START--
INFO: Run Behavior\BuildLiteBehavior [ RunTime:0.000000s ]
INFO: [ app_init ] --END-- [ RunTime:0.001000s ]
INFO: [ app_begin ] --START--
INFO: Run Behavior\ReadHtmlCacheBehavior [ RunTime:0.001000s ]
INFO: [ app_begin ] --END-- [ RunTime:0.002000s ]
SQL: SHOW COLUMNS FROM `db_questionbank` [ RunTime:0.0040s ]
SQL: SHOW COLUMNS FROM `db_random_answer_record` [ RunTime:0.0050s ]
SQL: SELECT COUNT(*) AS tp_count FROM `db_questionbank` LIMIT 1   [ RunTime:0.0000s ]
SQL: SELECT COUNT(*) AS tp_count FROM `db_questionbank` WHERE ( type="unit7" ) LIMIT 1   [ RunTime:0.0010s ]
SQL: SELECT MIN(id) AS tp_min FROM `db_questionbank` WHERE ( type="unit7" ) LIMIT 1   [ RunTime:0.0000s ]
SQL: SELECT * FROM `db_questionbank` WHERE ( id=115 ) LIMIT 1   [ RunTime:0.0000s ]
SQL: SELECT COUNT(*) AS tp_count FROM `db_random_answer_record` WHERE ( openId="o_88Bj6aebK2XYfoh7cU9cV0dzx0" ) LIMIT 1   [ RunTime:0.0010s ]
SQL: SELECT COUNT(*) AS tp_count FROM `db_random_answer_record` WHERE ( openId="o_88Bj6aebK2XYfoh7cU9cV0dzx0" AND answerResult = "RIGHT" ) LIMIT 1   [ RunTime:0.0010s ]
INFO: [ view_parse ] --START--
INFO: [ template_filter ] --START--
INFO: Run Behavior\ContentReplaceBehavior [ RunTime:0.000000s ]
INFO: [ template_filter ] --END-- [ RunTime:0.001000s ]
NOTIC: [8] Undefined variable: kk D:\wamp\www\EntranceEducation\Application\Runtime\Cache\Student\5b4b0d14089ee070ef572138168862db.php 第 81 行.
INFO: Run Behavior\ParseTemplateBehavior [ RunTime:0.012001s ]
INFO: [ view_parse ] --END-- [ RunTime:0.013001s ]
INFO: [ view_filter ] --START--
INFO: Run Behavior\WriteHtmlCacheBehavior [ RunTime:0.000000s ]
INFO: [ view_filter ] --END-- [ RunTime:0.001000s ]
INFO: [ app_end ] --START--
INFO: Run Behavior\ShowPageTraceBehavior [ RunTime:0.001000s ]
INFO: [ app_end ] --END-- [ RunTime:0.001000s ]

[ 2017-07-21T12:43:05+08:00 ] ::1 /EntranceEducation/index.php/Random/random/chapter/unit7
INFO: [ app_init ] --START--
INFO: Run Behavior\BuildLiteBehavior [ RunTime:0.000000s ]
INFO: [ app_init ] --END-- [ RunTime:0.001000s ]
INFO: [ app_begin ] --START--
INFO: Run Behavior\ReadHtmlCacheBehavior [ RunTime:0.001000s ]
INFO: [ app_begin ] --END-- [ RunTime:0.001000s ]
SQL: SHOW COLUMNS FROM `db_questionbank` [ RunTime:0.0150s ]
SQL: SHOW COLUMNS FROM `db_random_answer_record` [ RunTime:0.0030s ]
SQL: SELECT COUNT(*) AS tp_count FROM `db_questionbank` LIMIT 1   [ RunTime:0.0000s ]
SQL: SELECT COUNT(*) AS tp_count FROM `db_questionbank` WHERE ( type="unit7" ) LIMIT 1   [ RunTime:0.0000s ]
SQL: SELECT MIN(id) AS tp_min FROM `db_questionbank` WHERE ( type="unit7" ) LIMIT 1   [ RunTime:0.0000s ]
SQL: SELECT * FROM `db_questionbank` WHERE ( id=115 ) LIMIT 1   [ RunTime:0.0000s ]
SQL: SELECT COUNT(*) AS tp_count FROM `db_random_answer_record` WHERE ( openId="o_88Bj6aebK2XYfoh7cU9cV0dzx0" ) LIMIT 1   [ RunTime:0.0010s ]
SQL: SELECT COUNT(*) AS tp_count FROM `db_random_answer_record` WHERE ( openId="o_88Bj6aebK2XYfoh7cU9cV0dzx0" AND answerResult = "RIGHT" ) LIMIT 1   [ RunTime:0.0010s ]
INFO: [ view_parse ] --START--
INFO: [ template_filter ] --START--
INFO: Run Behavior\ContentReplaceBehavior [ RunTime:0.000000s ]
INFO: [ template_filter ] --END-- [ RunTime:0.000000s ]
NOTIC: [8] Undefined variable: kk D:\wamp\www\EntranceEducation\Application\Runtime\Cache\Student\5b4b0d14089ee070ef572138168862db.php 第 81 行.
INFO: Run Behavior\ParseTemplateBehavior [ RunTime:0.009000s ]
INFO: [ view_parse ] --END-- [ RunTime:0.009000s ]
INFO: [ view_filter ] --START--
INFO: Run Behavior\WriteHtmlCacheBehavior [ RunTime:0.000000s ]
INFO: [ view_filter ] --END-- [ RunTime:0.000000s ]
INFO: [ app_end ] --START--
INFO: Run Behavior\ShowPageTraceBehavior [ RunTime:0.001000s ]
INFO: [ app_end ] --END-- [ RunTime:0.001000s ]

[ 2017-07-21T12:43:09+08:00 ] ::1 /EntranceEducation/index.php/Random/random/chapter/unit7
INFO: [ app_init ] --START--
INFO: Run Behavior\BuildLiteBehavior [ RunTime:0.000000s ]
INFO: [ app_init ] --END-- [ RunTime:0.001000s ]
INFO: [ app_begin ] --START--
INFO: Run Behavior\ReadHtmlCacheBehavior [ RunTime:0.001000s ]
INFO: [ app_begin ] --END-- [ RunTime:0.002000s ]
SQL: SHOW COLUMNS FROM `db_questionbank` [ RunTime:0.0150s ]
SQL: SHOW COLUMNS FROM `db_random_answer_record` [ RunTime:0.0030s ]
SQL: SELECT COUNT(*) AS tp_count FROM `db_questionbank` LIMIT 1   [ RunTime:0.0000s ]
SQL: SELECT COUNT(*) AS tp_count FROM `db_questionbank` WHERE ( type="unit7" ) LIMIT 1   [ RunTime:0.0000s ]
SQL: SELECT MIN(id) AS tp_min FROM `db_questionbank` WHERE ( type="unit7" ) LIMIT 1   [ RunTime:0.0010s ]
SQL: SELECT * FROM `db_questionbank` WHERE ( id=122 ) LIMIT 1   [ RunTime:0.0000s ]
SQL: SELECT COUNT(*) AS tp_count FROM `db_random_answer_record` WHERE ( openId="o_88Bj6aebK2XYfoh7cU9cV0dzx0" ) LIMIT 1   [ RunTime:0.0000s ]
SQL: SELECT COUNT(*) AS tp_count FROM `db_random_answer_record` WHERE ( openId="o_88Bj6aebK2XYfoh7cU9cV0dzx0" AND answerResult = "RIGHT" ) LIMIT 1   [ RunTime:0.0000s ]
INFO: [ view_parse ] --START--
INFO: [ template_filter ] --START--
INFO: Run Behavior\ContentReplaceBehavior [ RunTime:0.000000s ]
INFO: [ template_filter ] --END-- [ RunTime:0.000000s ]
NOTIC: [8] Undefined variable: kk D:\wamp\www\EntranceEducation\Application\Runtime\Cache\Student\5b4b0d14089ee070ef572138168862db.php 第 81 行.
INFO: Run Behavior\ParseTemplateBehavior [ RunTime:0.008000s ]
INFO: [ view_parse ] --END-- [ RunTime:0.008000s ]
INFO: [ view_filter ] --START--
INFO: Run Behavior\WriteHtmlCacheBehavior [ RunTime:0.000000s ]
INFO: [ view_filter ] --END-- [ RunTime:0.000000s ]
INFO: [ app_end ] --START--
INFO: Run Behavior\ShowPageTraceBehavior [ RunTime:0.000000s ]
INFO: [ app_end ] --END-- [ RunTime:0.000000s ]

